[2015-12-14 15:33:19]:{与服务器通信}send: F2111234560462011100000011110000000000000000000000000000F1
[2015-12-14 15:33:17]:{与服务器通信}recv: F2911034560000001104620111120000000000000000566E70BD00000000F5A3F1
[2015-12-14 15:33:17]:OBU信息帧 OBU:0004610400000091;CardID:0000000000000000;Other info:66666666
[2015-12-14 15:33:17]:{进站!}
        {RSSI 信息解析}: 
[2015-12-14 15:33:17]: rssi:OBU:0004610400000069;rssi1:0004640100000016;qd:B7;rssi2:0000000000000000;qd:00;rssi3:0000000000000000;qd:00;rssi4:0000000000000000;qd:00

        {RSSI 信息解析}: 
[2015-12-14 15:33:17]: rssi:OBU:0004610400000091;rssi1:0004640100000011;qd:B3;rssi2:0004640100000016;qd:B5;rssi3:0000000000000000;qd:00;rssi4:0000000000000000;qd:00

        {RSSI 信息解析}: 
[2015-12-14 15:33:18]: rssi:OBU:0004610400000069;rssi1:0004640100000012;qd:B2;rssi2:0004640100000016;qd:B8;rssi3:0000000000000000;qd:00;rssi4:0000000000000000;qd:00

[2015-12-14 15:33:20]:OBU信息帧 OBU:0004610400000091;CardID:0000000000000000;Other info:66666666
        {RSSI 信息解析}: 
[2015-12-14 15:33:21]: rssi:OBU:0004610400000091;rssi1:0004640100000016;qd:B5;rssi2:0000000000000000;qd:00;rssi3:0000000000000000;qd:00;rssi4:0000000000000000;qd:00

        {RSSI 信息解析}: 
[2015-12-14 15:33:21]: rssi:OBU:0004610400000091;rssi1:0004640100000016;qd:B5;rssi2:0000000000000000;qd:00;rssi3:0000000000000000;qd:00;rssi4:0000000000000000;qd:00

        {RSSI 信息解析}: 
[2015-12-14 15:33:23]: rssi:OBU:0004610400000091;rssi1:0004640100000016;qd:B5;rssi2:0000000000000000;qd:00;rssi3:0000000000000000;qd:00;rssi4:0000000000000000;qd:00

        {RSSI 信息解析}: 
[2015-12-14 15:33:23]: rssi:OBU:0004610400000069;rssi1:0004640100000016;qd:B6;rssi2:0000000000000000;qd:00;rssi3:0000000000000000;qd:00;rssi4:0000000000000000;qd:00

        {RSSI 信息解析}: 
[2015-12-14 15:33:23]: rssi:OBU:0004610400000091;rssi1:0004640100000016;qd:B5;rssi2:0000000000000000;qd:00;rssi3:0000000000000000;qd:00;rssi4:0000000000000000;qd:00

        {RSSI 信息解析}: 
[2015-12-14 15:33:25]: rssi:OBU:0004610400000091;rssi1:0004640100000016;qd:B6;rssi2:0004640100000015;qd:AA;rssi3:0000000000000000;qd:00;rssi4:0000000000000000;qd:00

        {RSSI 信息解析}: 
[2015-12-14 15:33:25]: rssi:OBU:0004610400000069;rssi1:0004640100000016;qd:B8;rssi2:0000000000000000;qd:00;rssi3:0000000000000000;qd:00;rssi4:0000000000000000;qd:00

[2015-12-14 15:33:27]:OBU=0004610400000091
[2015-12-14 15:33:27]:{进站!}
[2015-12-14 15:33:27]:OBU=0004610400000069
[2015-12-14 15:33:27]:{进站!}
        {RSSI 信息解析}: 
[2015-12-14 15:33:27]: rssi:OBU:0004610400000069;rssi1:0004640100000016;qd:B5;rssi2:0000000000000000;qd:00;rssi3:0000000000000000;qd:00;rssi4:0000000000000000;qd:00

        {RSSI 信息解析}: 
[2015-12-14 15:33:27]: rssi:OBU:0004610400000091;rssi1:0004640100000016;qd:B5;rssi2:0004640100000015;qd:AB;rssi3:0000000000000000;qd:00;rssi4:0000000000000000;qd:00

        {RSSI 信息解析}: 
[2015-12-14 15:33:28]: rssi:OBU:0004610400000069;rssi1:0004640100000016;qd:B8;rssi2:0000000000000000;qd:00;rssi3:0000000000000000;qd:00;rssi4:0000000000000000;qd:00

        {RSSI 信息解析}: 
[2015-12-14 15:33:30]: rssi:OBU:0004610400000069;rssi1:0004640100000016;qd:B8;rssi2:0000000000000000;qd:00;rssi3:0000000000000000;qd:00;rssi4:0000000000000000;qd:00

        {RSSI 信息解析}: 
[2015-12-14 15:33:31]: rssi:OBU:0004610400000091;rssi1:0004640100000016;qd:B5;rssi2:0004640100000015;qd:AA;rssi3:0004640100000011;qd:B4;rssi4:0000000000000000;qd:00

        {RSSI 信息解析}: 
[2015-12-14 15:33:31]: rssi:OBU:0004610400000069;rssi1:0004640100000016;qd:B4;rssi2:0000000000000000;qd:00;rssi3:0000000000000000;qd:00;rssi4:0000000000000000;qd:00

        {RSSI 信息解析}: 
[2015-12-14 15:33:32]: rssi:OBU:0004610400000091;rssi1:0004640100000011;qd:B4;rssi2:0000000000000000;qd:00;rssi3:0000000000000000;qd:00;rssi4:0000000000000000;qd:00

        {RSSI 信息解析}: 
[2015-12-14 15:33:35]: rssi:OBU:0004610400000069;rssi1:0004640100000016;qd:B7;rssi2:0004640100000015;qd:A6;rssi3:0000000000000000;qd:00;rssi4:0000000000000000;qd:00

        {RSSI 信息解析}: 
[2015-12-14 15:33:35]: rssi:OBU:0004610400000091;rssi1:0004640100000016;qd:B6;rssi2:0004640100000011;qd:B1;rssi3:0004640100000012;qd:A4;rssi4:0000000000000000;qd:00

        {RSSI 信息解析}: 
[2015-12-14 15:33:35]: rssi:OBU:0004610400000091;rssi1:0004640100000016;qd:B6;rssi2:0004640100000011;qd:B1;rssi3:0004640100000012;qd:A4;rssi4:0000000000000000;qd:00

        {RSSI 信息解析}: 
[2015-12-14 15:33:35]: rssi:OBU:0004610400000091;rssi1:0004640100000016;qd:B6;rssi2:0004640100000011;qd:B1;rssi3:0004640100000012;qd:A4;rssi4:0000000000000000;qd:00

        {RSSI 信息解析}: 
[2015-12-14 15:33:36]: rssi:OBU:0004610400000069;rssi1:0004640100000016;qd:B8;rssi2:0000000000000000;qd:00;rssi3:0000000000000000;qd:00;rssi4:0000000000000000;qd:00

        {RSSI 信息解析}: 
[2015-12-14 15:33:37]: rssi:OBU:0004610400000091;rssi1:0004640100000016;qd:B4;rssi2:0004640100000011;qd:B5;rssi3:0000000000000000;qd:00;rssi4:0000000000000000;qd:00

        {RSSI 信息解析}: 
[2015-12-14 15:33:39]: rssi:OBU:0004610400000091;rssi1:0004640100000016;qd:B5;rssi2:0004640100000011;qd:B4;rssi3:0000000000000000;qd:00;rssi4:0000000000000000;qd:00

        {RSSI 信息解析}: 
[2015-12-14 15:33:39]: rssi:OBU:0004610400000069;rssi1:0004640100000016;qd:B4;rssi2:0000000000000000;qd:00;rssi3:0000000000000000;qd:00;rssi4:0000000000000000;qd:00

        {RSSI 信息解析}: 
[2015-12-14 15:33:40]: rssi:OBU:0004610400000091;rssi1:0004640100000016;qd:B4;rssi2:0004640100000011;qd:B8;rssi3:0000000000000000;qd:00;rssi4:0000000000000000;qd:00

        {RSSI 信息解析}: 
[2015-12-14 15:33:41]: rssi:OBU:0004610400000069;rssi1:0004640100000016;qd:B7;rssi2:0000000000000000;qd:00;rssi3:0000000000000000;qd:00;rssi4:0000000000000000;qd:00

[2015-12-14 15:33:42]:OBU=0004610400000091
[2015-12-14 15:33:42]:POS=0108
[2015-12-14 15:33:42]:OBU=0004610400000069
[2015-12-14 15:33:42]:POS=0138
        {RSSI 信息解析}: 
[2015-12-14 15:33:42]: rssi:OBU:0004610400000091;rssi1:0004640100000016;qd:B0;rssi2:0004640100000011;qd:B1;rssi3:0004640100000012;qd:A5;rssi4:0000000000000000;qd:00

        {RSSI 信息解析}: 
[2015-12-14 15:33:42]: rssi:OBU:0004610400000069;rssi1:0004640100000016;qd:B8;rssi2:0000000000000000;qd:00;rssi3:0000000000000000;qd:00;rssi4:0000000000000000;qd:00

        {RSSI 信息解析}: 
[2015-12-14 15:33:44]: rssi:OBU:0004610400000069;rssi1:0004640100000016;qd:B9;rssi2:0004640100000011;qd:B1;rssi3:0000000000000000;qd:00;rssi4:0000000000000000;qd:00

        {RSSI 信息解析}: 
[2015-12-14 15:33:45]: rssi:OBU:0004610400000091;rssi1:0004640100000016;qd:B4;rssi2:0004640100000011;qd:B7;rssi3:0004640100000012;qd:A5;rssi4:0004640100000014;qd:A1

        {RSSI 信息解析}: 
[2015-12-14 15:33:46]: rssi:OBU:0004610400000091;rssi1:0004640100000016;qd:B4;rssi2:0004640100000011;qd:B7;rssi3:0004640100000012;qd:A5;rssi4:0004640100000014;qd:A1

        {RSSI 信息解析}: 
[2015-12-14 15:33:48]: rssi:OBU:0004610400000091;rssi1:0004640100000015;qd:AA;rssi2:0004640100000016;qd:B5;rssi3:0004640100000011;qd:B5;rssi4:0000000000000000;qd:00

        {RSSI 信息解析}: 
[2015-12-14 15:33:49]: rssi:OBU:0004610400000069;rssi1:0004640100000016;qd:B6;rssi2:0004640100000011;qd:AE;rssi3:0004640100000017;qd:A9;rssi4:0004640100000012;qd:B0

[2015-12-14 15:33:50]:OBU信息帧 OBU:0004610400000069;CardID:0000000000000000;Other info:66666666
        {RSSI 信息解析}: 
[2015-12-14 15:33:50]: rssi:OBU:0004610400000091;rssi1:0004640100000016;qd:B4;rssi2:0000000000000000;qd:00;rssi3:0000000000000000;qd:00;rssi4:0000000000000000;qd:00

        {RSSI 信息解析}: 
[2015-12-14 15:33:51]: rssi:OBU:0004610400000069;rssi1:0004640100000016;qd:B8;rssi2:0000000000000000;qd:00;rssi3:0000000000000000;qd:00;rssi4:0000000000000000;qd:00

[2015-12-14 15:33:53]:OBU信息帧 OBU:0004610400000069;CardID:0000000000000000;Other info:66666666
        {RSSI 信息解析}: 
[2015-12-14 15:33:54]: rssi:OBU:0004610400000069;rssi1:0004640100000011;qd:B3;rssi2:0000000000000000;qd:00;rssi3:0000000000000000;qd:00;rssi4:0000000000000000;qd:00

[2015-12-14 15:33:57]:OBU=0004610400000091
[2015-12-14 15:33:57]:POS=0138
[2015-12-14 15:33:57]:OBU=0004610400000069
[2015-12-14 15:33:57]:POS=0108
        {RSSI 信息解析}: 
[2015-12-14 15:33:58]: rssi:OBU:0004610400000091;rssi1:0004640100000016;qd:B3;rssi2:0000000000000000;qd:00;rssi3:0000000000000000;qd:00;rssi4:0000000000000000;qd:00

[2015-12-14 15:34:06]:OBU信息帧 OBU:0004610400000091;CardID:0000000000000000;Other info:66666666
        {RSSI 信息解析}: 
[2015-12-14 15:34:08]: rssi:OBU:0004610400000069;rssi1:0004640100000016;qd:B2;rssi2:0000000000000000;qd:00;rssi3:0000000000000000;qd:00;rssi4:0000000000000000;qd:00

        {RSSI 信息解析}: 
[2015-12-14 15:34:08]: rssi:OBU:0004610400000091;rssi1:0004640100000016;qd:B2;rssi2:0000000000000000;qd:00;rssi3:0000000000000000;qd:00;rssi4:0000000000000000;qd:00

        {RSSI 信息解析}: 
[2015-12-14 15:34:11]: rssi:OBU:0004610400000091;rssi1:0004640100000016;qd:B3;rssi2:0000000000000000;qd:00;rssi3:0000000000000000;qd:00;rssi4:0000000000000000;qd:00

        {RSSI 信息解析}: 
[2015-12-14 15:34:14]: rssi:OBU:0004610400000091;rssi1:0004640100000016;qd:B3;rssi2:0000000000000000;qd:00;rssi3:0000000000000000;qd:00;rssi4:0000000000000000;qd:00

[2015-12-14 15:34:14]:OBU信息帧 OBU:0004610400000091;CardID:0000000000000000;Other info:66666666
[2015-12-14 15:34:15]:OBU信息帧 OBU:0004610400000091;CardID:0000000000000000;Other info:66666666
[2015-12-14 15:34:16]:OBU信息帧 OBU:0004610400000069;CardID:0000000000000000;Other info:66666666
[2015-12-14 15:34:16]:OBU信息帧 OBU:0004610400000091;CardID:0000000000000000;Other info:66666666
[2015-12-14 15:34:17]:OBU信息帧 OBU:0004610400000091;CardID:0000000000000000;Other info:66666666
        {RSSI 信息解析}: 
[2015-12-14 15:34:30]: rssi:OBU:0004610400000069;rssi1:0004640100000011;qd:B7;rssi2:0000000000000000;qd:00;rssi3:0000000000000000;qd:00;rssi4:0000000000000000;qd:00

        {RSSI 信息解析}: 
[2015-12-14 15:34:32]: rssi:OBU:0004610400000069;rssi1:0004640100000011;qd:B2;rssi2:0000000000000000;qd:00;rssi3:0000000000000000;qd:00;rssi4:0000000000000000;qd:00

        {RSSI 信息解析}: 
[2015-12-14 15:34:34]: rssi:OBU:0004610400000069;rssi1:0004640100000011;qd:B0;rssi2:0000000000000000;qd:00;rssi3:0000000000000000;qd:00;rssi4:0000000000000000;qd:00

[2015-12-14 15:34:34]:OBU信息帧 OBU:0004610400000069;CardID:0000000000000000;Other info:66666666
        {RSSI 信息解析}: 
[2015-12-14 15:34:37]: rssi:OBU:0004610400000069;rssi1:0004640100000016;qd:AE;rssi2:0004640100000015;qd:A8;rssi3:0004640100000011;qd:BC;rssi4:0000000000000000;qd:00

[2015-12-14 15:34:41]:OBU信息帧 OBU:0004610400000091;CardID:0000000000000000;Other info:66666666
        {RSSI 信息解析}: 
[2015-12-14 15:34:46]: rssi:OBU:0004610400000069;rssi1:0004640100000011;qd:BE;rssi2:0000000000000000;qd:00;rssi3:0000000000000000;qd:00;rssi4:0000000000000000;qd:00

        {RSSI 信息解析}: 
[2015-12-14 15:34:48]: rssi:OBU:0004610400000069;rssi1:0004640100000011;qd:BE;rssi2:0004640100000015;qd:A6;rssi3:0004640100000016;qd:B4;rssi4:0000000000000000;qd:00

[2015-12-14 15:34:49]:OBU信息帧 OBU:0004610400000069;CardID:0000000000000000;Other info:66666666
[2015-12-14 15:34:53]:OBU信息帧 OBU:0004610400000091;CardID:0000000000000000;Other info:66666666
[2015-12-14 15:35:01]:OBU信息帧 OBU:0004610400000069;CardID:0000000000000000;Other info:66666666
        {RSSI 信息解析}: 
[2015-12-14 15:35:04]: rssi:OBU:0004610400000069;rssi1:0004640100000011;qd:C0;rssi2:0004640100000016;qd:AF;rssi3:0000000000000000;qd:00;rssi4:0000000000000000;qd:00

        {RSSI 信息解析}: 
[2015-12-14 15:35:17]: rssi:OBU:0004610400000069;rssi1:0004640100000011;qd:C0;rssi2:0004640100000016;qd:B7;rssi3:0004640100000015;qd:A9;rssi4:0000000000000000;qd:00

        {RSSI 信息解析}: 
[2015-12-14 15:35:33]: rssi:OBU:0004610400000069;rssi1:0004640100000016;qd:B7;rssi2:0004640100000011;qd:BF;rssi3:0004640100000014;qd:A6;rssi4:0000000000000000;qd:00

        {RSSI 信息解析}: 
[2015-12-14 15:35:38]: rssi:OBU:0004610400000069;rssi1:0004640100000011;qd:BE;rssi2:0004640100000016;qd:B8;rssi3:0004640100000015;qd:A8;rssi4:0000000000000000;qd:00

[2015-12-14 15:35:50]:OBU信息帧 OBU:0004610400000069;CardID:0000000000000000;Other info:66666666
[2015-12-14 15:35:50]:{进站!}
        {RSSI 信息解析}: 
[2015-12-14 15:35:59]: rssi:OBU:0004610400000069;rssi1:0004640100000011;qd:BD;rssi2:0004640100000016;qd:B5;rssi3:0004640100000015;qd:AB;rssi4:0000000000000000;qd:00

        {RSSI 信息解析}: 
[2015-12-14 15:36:03]: rssi:OBU:0004610400000069;rssi1:0004640100000011;qd:C1;rssi2:0004640100000016;qd:B2;rssi3:0004640100000014;qd:AF;rssi4:0004640100000012;qd:A3

        {RSSI 信息解析}: 
[2015-12-14 15:36:06]: rssi:OBU:0004610400000069;rssi1:0004640100000011;qd:BD;rssi2:0004640100000016;qd:B3;rssi3:0004640100000012;qd:AE;rssi4:0004640100000015;qd:9F

        {RSSI 信息解析}: 
[2015-12-14 15:36:07]: rssi:OBU:0004610400000069;rssi1:0004640100000011;qd:C1;rssi2:0004640100000016;qd:B3;rssi3:0000000000000000;qd:00;rssi4:0000000000000000;qd:00

        {RSSI 信息解析}: 
[2015-12-14 15:36:18]: rssi:OBU:0004610400000069;rssi1:0004640100000011;qd:BF;rssi2:0004640100000015;qd:AB;rssi3:0000000000000000;qd:00;rssi4:0000000000000000;qd:00

        {RSSI 信息解析}: 
[2015-12-14 15:36:20]: rssi:OBU:0004610400000069;rssi1:0004640100000011;qd:BE;rssi2:0000000000000000;qd:00;rssi3:0000000000000000;qd:00;rssi4:0000000000000000;qd:00

        {RSSI 信息解析}: 
[2015-12-14 15:36:22]: rssi:OBU:0004610400000069;rssi1:0004640100000011;qd:C0;rssi2:0000000000000000;qd:00;rssi3:0000000000000000;qd:00;rssi4:0000000000000000;qd:00

        {RSSI 信息解析}: 
[2015-12-14 15:36:23]: rssi:OBU:0004610400000069;rssi1:0004640100000011;qd:BF;rssi2:0000000000000000;qd:00;rssi3:0000000000000000;qd:00;rssi4:0000000000000000;qd:00

        {RSSI 信息解析}: 
[2015-12-14 15:36:25]: rssi:OBU:0004610400000069;rssi1:0004640100000011;qd:BF;rssi2:0000000000000000;qd:00;rssi3:0000000000000000;qd:00;rssi4:0000000000000000;qd:00

        {RSSI 信息解析}: 
[2015-12-14 15:36:28]: rssi:OBU:0004610400000069;rssi1:0004640100000011;qd:BF;rssi2:0004640100000016;qd:B6;rssi3:0000000000000000;qd:00;rssi4:0000000000000000;qd:00

        {RSSI 信息解析}: 
[2015-12-14 15:36:31]: rssi:OBU:0004610400000069;rssi1:0004640100000011;qd:BF;rssi2:0004640100000016;qd:B4;rssi3:0004640100000012;qd:AB;rssi4:0004640100000015;qd:AC

[2015-12-14 15:36:49]:OBU信息帧 OBU:0004610400000069;CardID:0000000000000000;Other info:66666666
        {RSSI 信息解析}: 
[2015-12-14 15:36:51]: rssi:OBU:0004610400000069;rssi1:0004640100000011;qd:C0;rssi2:0004640100000016;qd:B5;rssi3:0000000000000000;qd:00;rssi4:0000000000000000;qd:00

        {RSSI 信息解析}: 
[2015-12-14 15:36:53]: rssi:OBU:0004610400000069;rssi1:0004640100000011;qd:C1;rssi2:0004640100000016;qd:B5;rssi3:0000000000000000;qd:00;rssi4:0000000000000000;qd:00

        {RSSI 信息解析}: 
[2015-12-14 15:36:56]: rssi:OBU:0004610400000069;rssi1:0004640100000011;qd:BD;rssi2:0004640100000016;qd:B3;rssi3:0004640100000015;qd:AE;rssi4:0000000000000000;qd:00

        {RSSI 信息解析}: 
[2015-12-14 15:36:58]: rssi:OBU:0004610400000069;rssi1:0004640100000011;qd:BE;rssi2:0004640100000016;qd:B6;rssi3:0000000000000000;qd:00;rssi4:0000000000000000;qd:00

        {RSSI 信息解析}: 
[2015-12-14 15:36:59]: rssi:OBU:0004610400000069;rssi1:0004640100000011;qd:C0;rssi2:0004640100000016;qd:B6;rssi3:0000000000000000;qd:00;rssi4:0000000000000000;qd:00

        {RSSI 信息解析}: 
[2015-12-14 15:37:02]: rssi:OBU:0004610400000069;rssi1:0004640100000011;qd:C0;rssi2:0004640100000016;qd:B5;rssi3:0000000000000000;qd:00;rssi4:0000000000000000;qd:00

        {RSSI 信息解析}: 
[2015-12-14 15:37:04]: rssi:OBU:0004610400000069;rssi1:0004640100000011;qd:BE;rssi2:0004640100000016;qd:B5;rssi3:0000000000000000;qd:00;rssi4:0000000000000000;qd:00

        {RSSI 信息解析}: 
[2015-12-14 15:37:06]: rssi:OBU:0004610400000069;rssi1:0004640100000011;qd:BE;rssi2:0004640100000016;qd:B2;rssi3:0000000000000000;qd:00;rssi4:0000000000000000;qd:00

        {RSSI 信息解析}: 
[2015-12-14 15:37:09]: rssi:OBU:0004610400000069;rssi1:0004640100000012;qd:AE;rssi2:0004640100000011;qd:BF;rssi3:0004640100000016;qd:B5;rssi4:0000000000000000;qd:00

        {RSSI 信息解析}: 
[2015-12-14 15:37:10]: rssi:OBU:0004610400000069;rssi1:0004640100000016;qd:B4;rssi2:0000000000000000;qd:00;rssi3:0000000000000000;qd:00;rssi4:0000000000000000;qd:00

        {RSSI 信息解析}: 
[2015-12-14 15:37:12]: rssi:OBU:0004610400000069;rssi1:0004640100000016;qd:B6;rssi2:0000000000000000;qd:00;rssi3:0000000000000000;qd:00;rssi4:0000000000000000;qd:00

        {RSSI 信息解析}: 
[2015-12-14 15:37:18]: rssi:OBU:0004610400000069;rssi1:0004640100000011;qd:BF;rssi2:0004640100000016;qd:B4;rssi3:0000000000000000;qd:00;rssi4:0000000000000000;qd:00

        {RSSI 信息解析}: 
[2015-12-14 15:37:22]: rssi:OBU:0004610400000069;rssi1:0004640100000011;qd:BF;rssi2:0004640100000015;qd:A9;rssi3:0004640100000016;qd:B4;rssi4:0000000000000000;qd:00

        {RSSI 信息解析}: 
[2015-12-14 15:37:25]: rssi:OBU:0004610400000069;rssi1:0004640100000011;qd:BF;rssi2:0004640100000016;qd:B3;rssi3:0004640100000015;qd:A9;rssi4:0000000000000000;qd:00

        {RSSI 信息解析}: 
[2015-12-14 15:37:34]: rssi:OBU:0004610400000069;rssi1:0004640100000011;qd:BF;rssi2:0004640100000015;qd:A9;rssi3:0004640100000016;qd:B3;rssi4:0000000000000000;qd:00

        {RSSI 信息解析}: 
[2015-12-14 15:37:37]: rssi:OBU:0004610400000069;rssi1:0004640100000011;qd:C0;rssi2:0004640100000016;qd:B4;rssi3:0004640100000015;qd:A7;rssi4:0000000000000000;qd:00

        {RSSI 信息解析}: 
[2015-12-14 15:37:49]: rssi:OBU:0004610400000069;rssi1:0004640100000011;qd:BF;rssi2:0004640100000016;qd:B4;rssi3:0000000000000000;qd:00;rssi4:0000000000000000;qd:00

[2015-12-14 15:37:50]:OBU信息帧 OBU:0004610400000069;CardID:0000000000000000;Other info:66666666
        {RSSI 信息解析}: 
[2015-12-14 15:37:58]: rssi:OBU:0004610400000069;rssi1:0004640100000011;qd:C0;rssi2:0004640100000016;qd:B5;rssi3:0004640100000012;qd:AE;rssi4:0004640100000015;qd:A6

        {RSSI 信息解析}: 
[2015-12-14 15:38:01]: rssi:OBU:0004610400000069;rssi1:0004640100000011;qd:BF;rssi2:0004640100000015;qd:AB;rssi3:0004640100000016;qd:B4;rssi4:0000000000000000;qd:00

        {RSSI 信息解析}: 
[2015-12-14 15:38:03]: rssi:OBU:0004610400000069;rssi1:0004640100000011;qd:BE;rssi2:0004640100000015;qd:A7;rssi3:0004640100000016;qd:B3;rssi4:0000000000000000;qd:00

        {RSSI 信息解析}: 
[2015-12-14 15:38:06]: rssi:OBU:0004610400000069;rssi1:0004640100000011;qd:BE;rssi2:0004640100000016;qd:B5;rssi3:0004640100000015;qd:A8;rssi4:0004640100000012;qd:AB

        {RSSI 信息解析}: 
[2015-12-14 15:38:18]: rssi:OBU:0004610400000069;rssi1:0004640100000011;qd:BE;rssi2:0000000000000000;qd:00;rssi3:0000000000000000;qd:00;rssi4:0000000000000000;qd:00

        {RSSI 信息解析}: 
[2015-12-14 15:38:21]: rssi:OBU:0004610400000069;rssi1:0004640100000016;qd:B5;rssi2:0000000000000000;qd:00;rssi3:0000000000000000;qd:00;rssi4:0000000000000000;qd:00

[2015-12-14 15:38:23]:OBU=0004610400000069
[2015-12-14 15:38:23]:POS=0138
        {RSSI 信息解析}: 
[2015-12-14 15:38:34]: rssi:OBU:0004610400000069;rssi1:0004640100000011;qd:BF;rssi2:0000000000000000;qd:00;rssi3:0000000000000000;qd:00;rssi4:0000000000000000;qd:00

        {RSSI 信息解析}: 
[2015-12-14 15:38:39]: rssi:OBU:0004610400000069;rssi1:0004640100000011;qd:BF;rssi2:0004640100000016;qd:B3;rssi3:0004640100000015;qd:AD;rssi4:0000000000000000;qd:00

[2015-12-14 15:38:50]:OBU信息帧 OBU:0004610400000069;CardID:0000000000000000;Other info:66666666
[2015-12-14 15:38:50]:{出站!}
        {RSSI 信息解析}: 
[2015-12-14 15:38:50]: rssi:OBU:0004610400000069;rssi1:0004640100000011;qd:BE;rssi2:0004640100000016;qd:B2;rssi3:0004640100000015;qd:AB;rssi4:0004640100000012;qd:AC

        {RSSI 信息解析}: 
[2015-12-14 15:38:52]: rssi:OBU:0004610400000069;rssi1:0004640100000011;qd:BE;rssi2:0000000000000000;qd:00;rssi3:0000000000000000;qd:00;rssi4:0000000000000000;qd:00

        {RSSI 信息解析}: 
[2015-12-14 15:38:53]: rssi:OBU:0004610400000069;rssi1:0004640100000015;qd:AC;rssi2:0000000000000000;qd:00;rssi3:0000000000000000;qd:00;rssi4:0000000000000000;qd:00

        {RSSI 信息解析}: 
[2015-12-14 15:39:02]: rssi:OBU:0004610400000069;rssi1:0004640100000016;qd:B2;rssi2:0004640100000011;qd:BE;rssi3:0000000000000000;qd:00;rssi4:0000000000000000;qd:00

[2015-12-14 15:39:03]:OBU=0004610400000069
[2015-12-14 15:39:03]:POS=0138
        {RSSI 信息解析}: 
[2015-12-14 15:39:07]: rssi:OBU:0004610400000069;rssi1:0004640100000011;qd:BF;rssi2:0004640100000016;qd:B1;rssi3:0000000000000000;qd:00;rssi4:0000000000000000;qd:00

        {RSSI 信息解析}: 
[2015-12-14 15:39:09]: rssi:OBU:0004610400000069;rssi1:0004640100000011;qd:BF;rssi2:0004640100000016;qd:B1;rssi3:0000000000000000;qd:00;rssi4:0000000000000000;qd:00

        {RSSI 信息解析}: 
[2015-12-14 15:39:12]: rssi:OBU:0004610400000069;rssi1:0004640100000011;qd:BF;rssi2:0004640100000016;qd:B0;rssi3:0000000000000000;qd:00;rssi4:0000000000000000;qd:00

        {RSSI 信息解析}: 
[2015-12-14 15:39:14]: rssi:OBU:0004610400000069;rssi1:0004640100000011;qd:BE;rssi2:0004640100000016;qd:B1;rssi3:0004640100000012;qd:AE;rssi4:0000000000000000;qd:00

        {RSSI 信息解析}: 
[2015-12-14 15:39:15]: rssi:OBU:0004610400000069;rssi1:0004640100000011;qd:BE;rssi2:0004640100000016;qd:B1;rssi3:0000000000000000;qd:00;rssi4:0000000000000000;qd:00

        {RSSI 信息解析}: 
[2015-12-14 15:39:18]: rssi:OBU:0004610400000069;rssi1:0004640100000011;qd:BF;rssi2:0004640100000016;qd:B0;rssi3:0000000000000000;qd:00;rssi4:0000000000000000;qd:00

[2015-12-14 15:39:48]:OBU信息帧 OBU:0004610400000069;CardID:0000000000000000;Other info:66666666
[2015-12-14 15:39:50]:OBU信息帧 OBU:0004610400000069;CardID:0000000000000000;Other info:66666666
        {RSSI 信息解析}: 
[2015-12-14 15:40:04]: rssi:OBU:0004610400000069;rssi1:0004640100000011;qd:BE;rssi2:0000000000000000;qd:00;rssi3:0000000000000000;qd:00;rssi4:0000000000000000;qd:00

        {RSSI 信息解析}: 
[2015-12-14 15:40:34]: rssi:OBU:0004610400000069;rssi1:0004640100000011;qd:BF;rssi2:0004640100000019;qd:A2;rssi3:0000000000000000;qd:00;rssi4:0000000000000000;qd:00

        {RSSI 信息解析}: 
[2015-12-14 15:40:36]: rssi:OBU:0004610400000069;rssi1:0004640100000011;qd:BE;rssi2:0000000000000000;qd:00;rssi3:0000000000000000;qd:00;rssi4:0000000000000000;qd:00

        {RSSI 信息解析}: 
[2015-12-14 15:40:38]: rssi:OBU:0004610400000069;rssi1:0004640100000011;qd:BE;rssi2:0000000000000000;qd:00;rssi3:0000000000000000;qd:00;rssi4:0000000000000000;qd:00

        {RSSI 信息解析}: 
[2015-12-14 15:40:39]: rssi:OBU:0004610400000069;rssi1:0004640100000011;qd:BE;rssi2:0000000000000000;qd:00;rssi3:0000000000000000;qd:00;rssi4:0000000000000000;qd:00

        {RSSI 信息解析}: 
[2015-12-14 15:40:41]: rssi:OBU:0004610400000069;rssi1:0004640100000011;qd:BE;rssi2:0000000000000000;qd:00;rssi3:0000000000000000;qd:00;rssi4:0000000000000000;qd:00

[2015-12-14 15:40:44]:OBU=0004610400000069
[2015-12-14 15:40:44]:POS=0138
        {RSSI 信息解析}: 
[2015-12-14 15:40:49]: rssi:OBU:0004610400000069;rssi1:0004640100000016;qd:B1;rssi2:0004640100000012;qd:AB;rssi3:0004640100000011;qd:BE;rssi4:0004640100000014;qd:AA

[2015-12-14 15:40:50]:OBU信息帧 OBU:0004610400000069;CardID:0000000000000000;Other info:66666666
        {RSSI 信息解析}: 
[2015-12-14 15:40:51]: rssi:OBU:0004610400000069;rssi1:0004640100000011;qd:BE;rssi2:0004640100000016;qd:B5;rssi3:0000000000000000;qd:00;rssi4:0000000000000000;qd:00

        {RSSI 信息解析}: 
[2015-12-14 15:40:53]: rssi:OBU:0004610400000069;rssi1:0004640100000011;qd:BE;rssi2:0004640100000016;qd:B0;rssi3:0000000000000000;qd:00;rssi4:0000000000000000;qd:00

        {RSSI 信息解析}: 
[2015-12-14 15:40:54]: rssi:OBU:0004610400000069;rssi1:0004640100000011;qd:BC;rssi2:0000000000000000;qd:00;rssi3:0000000000000000;qd:00;rssi4:0000000000000000;qd:00

        {RSSI 信息解析}: 
[2015-12-14 15:41:04]: rssi:OBU:0004610400000069;rssi1:0004640100000016;qd:AF;rssi2:0004640100000011;qd:BB;rssi3:0000000000000000;qd:00;rssi4:0000000000000000;qd:00

        {RSSI 信息解析}: 
[2015-12-14 15:41:06]: rssi:OBU:0004610400000069;rssi1:0004640100000011;qd:BD;rssi2:0004640100000016;qd:B2;rssi3:0000000000000000;qd:00;rssi4:0000000000000000;qd:00

        {RSSI 信息解析}: 
[2015-12-14 15:41:07]: rssi:OBU:0004610400000069;rssi1:0004640100000011;qd:BB;rssi2:0000000000000000;qd:00;rssi3:0000000000000000;qd:00;rssi4:0000000000000000;qd:00

[2015-12-14 15:41:14]:OBU=0004610400000069
[2015-12-14 15:41:14]:POS=0105
        {RSSI 信息解析}: 
[2015-12-14 15:41:39]: rssi:OBU:0004610400000069;rssi1:0004640100000011;qd:BD;rssi2:0004640100000014;qd:A5;rssi3:0004640100000012;qd:A8;rssi4:0004640100000016;qd:B2

        {RSSI 信息解析}: 
[2015-12-14 15:41:41]: rssi:OBU:0004610400000069;rssi1:0004640100000011;qd:BD;rssi2:0004640100000016;qd:B6;rssi3:0000000000000000;qd:00;rssi4:0000000000000000;qd:00

        {RSSI 信息解析}: 
[2015-12-14 15:41:42]: rssi:OBU:0004610400000069;rssi1:0004640100000011;qd:BE;rssi2:0000000000000000;qd:00;rssi3:0000000000000000;qd:00;rssi4:0000000000000000;qd:00

        {RSSI 信息解析}: 
[2015-12-14 15:41:46]: rssi:OBU:0004610400000069;rssi1:0004640100000011;qd:BD;rssi2:0004640100000016;qd:B1;rssi3:0000000000000000;qd:00;rssi4:0000000000000000;qd:00

[2015-12-14 15:41:49]:OBU=0004610400000069
[2015-12-14 15:41:49]:POS=0105
[2015-12-14 15:41:50]:OBU信息帧 OBU:0004610400000069;CardID:0000000000000000;Other info:66666666
[2015-12-14 15:41:50]:{进站!}
        {RSSI 信息解析}: 
[2015-12-14 15:42:35]: rssi:OBU:0004610400000069;rssi1:0004640100000011;qd:BF;rssi2:0004640100000016;qd:B3;rssi3:0000000000000000;qd:00;rssi4:0000000000000000;qd:00

        {RSSI 信息解析}: 
[2015-12-14 15:42:36]: rssi:OBU:0004610400000069;rssi1:0004640100000011;qd:BE;rssi2:0004640100000016;qd:B4;rssi3:0000000000000000;qd:00;rssi4:0000000000000000;qd:00

[2015-12-14 15:42:50]:OBU信息帧 OBU:0004610400000069;CardID:0000000000000000;Other info:66666666
[2015-12-14 15:43:03]:OBU信息帧 OBU:0004610400000069;CardID:0000000000000000;Other info:66666666
        {RSSI 信息解析}: 
[2015-12-14 15:43:10]: rssi:OBU:0004610400000069;rssi1:0004640100000016;qd:AE;rssi2:0004640100000011;qd:BE;rssi3:0004640100000015;qd:AB;rssi4:0000000000000000;qd:00

        {RSSI 信息解析}: 
[2015-12-14 15:43:11]: rssi:OBU:0004610400000069;rssi1:0004640100000011;qd:BE;rssi2:0004640100000015;qd:AB;rssi3:0000000000000000;qd:00;rssi4:0000000000000000;qd:00

        {RSSI 信息解析}: 
[2015-12-14 15:43:13]: rssi:OBU:0004610400000069;rssi1:0004640100000011;qd:BE;rssi2:0004640100000017;qd:A8;rssi3:0004640100000015;qd:AB;rssi4:0000000000000000;qd:00

[2015-12-14 15:43:19]:OBU=0004610400000069
[2015-12-14 15:43:19]:POS=0138
        {RSSI 信息解析}: 
[2015-12-14 15:43:21]: rssi:OBU:0004610400000069;rssi1:0004640100000015;qd:AC;rssi2:0004640100000011;qd:BE;rssi3:0000000000000000;qd:00;rssi4:0000000000000000;qd:00

        {RSSI 信息解析}: 
[2015-12-14 15:43:22]: rssi:OBU:0004610400000069;rssi1:0004640100000011;qd:BE;rssi2:0004640100000015;qd:AB;rssi3:0000000000000000;qd:00;rssi4:0000000000000000;qd:00

        {RSSI 信息解析}: 
[2015-12-14 15:43:24]: rssi:OBU:0004610400000069;rssi1:0004640100000011;qd:C0;rssi2:0000000000000000;qd:00;rssi3:0000000000000000;qd:00;rssi4:0000000000000000;qd:00

        {RSSI 信息解析}: 
[2015-12-14 15:43:27]: rssi:OBU:0004610400000069;rssi1:0004640100000011;qd:BE;rssi2:0004640100000016;qd:AF;rssi3:0000000000000000;qd:00;rssi4:0000000000000000;qd:00

        {RSSI 信息解析}: 
[2015-12-14 15:43:34]: rssi:OBU:0004610400000069;rssi1:0004640100000016;qd:B2;rssi2:0000000000000000;qd:00;rssi3:0000000000000000;qd:00;rssi4:0000000000000000;qd:00

[2015-12-14 15:43:50]:OBU信息帧 OBU:0004610400000069;CardID:0000000000000000;Other info:66666666
        {RSSI 信息解析}: 
[2015-12-14 15:43:52]: rssi:OBU:0004610400000069;rssi1:0004640100000016;qd:AB;rssi2:0004640100000011;qd:BD;rssi3:0000000000000000;qd:00;rssi4:0000000000000000;qd:00

[2015-12-14 15:43:59]:OBU=0004610400000069
[2015-12-14 15:43:59]:POS=0138
        {RSSI 信息解析}: 
[2015-12-14 15:44:07]: rssi:OBU:0004610400000069;rssi1:0004640100000011;qd:BD;rssi2:0004640100000016;qd:B0;rssi3:0000000000000000;qd:00;rssi4:0000000000000000;qd:00

        {RSSI 信息解析}: 
[2015-12-14 15:44:20]: rssi:OBU:0004610400000069;rssi1:0004640100000016;qd:AF;rssi2:0004640100000011;qd:BD;rssi3:0000000000000000;qd:00;rssi4:0000000000000000;qd:00

        {RSSI 信息解析}: 
[2015-12-14 15:44:28]: rssi:OBU:0004610400000069;rssi1:0004640100000016;qd:B0;rssi2:0000000000000000;qd:00;rssi3:0000000000000000;qd:00;rssi4:0000000000000000;qd:00

        {RSSI 信息解析}: 
[2015-12-14 15:44:36]: rssi:OBU:0004610400000069;rssi1:0004640100000011;qd:BD;rssi2:0004640100000016;qd:B0;rssi3:0000000000000000;qd:00;rssi4:0000000000000000;qd:00

[2015-12-14 15:44:50]:OBU信息帧 OBU:0004610400000069;CardID:0000000000000000;Other info:66666666
[2015-12-14 15:44:50]:{出站!}
        {RSSI 信息解析}: 
[2015-12-14 15:44:51]: rssi:OBU:0004610400000069;rssi1:0004640100000016;qd:B0;rssi2:0004640100000011;qd:BC;rssi3:0000000000000000;qd:00;rssi4:0000000000000000;qd:00

        {RSSI 信息解析}: 
[2015-12-14 15:45:15]: rssi:OBU:0004610400000069;rssi1:0004640100000016;qd:B4;rssi2:0000000000000000;qd:00;rssi3:0000000000000000;qd:00;rssi4:0000000000000000;qd:00

[2015-12-14 15:45:15]:OBU信息帧 OBU:0004610400000069;CardID:0000000000000000;Other info:66666666
        {RSSI 信息解析}: 
[2015-12-14 15:45:17]: rssi:OBU:0004610400000069;rssi1:0004640100000017;qd:A7;rssi2:0004640100000012;qd:A6;rssi3:0000000000000000;qd:00;rssi4:0000000000000000;qd:00

        {RSSI 信息解析}: 
[2015-12-14 15:45:29]: rssi:OBU:0004610400000069;rssi1:0004640100000014;qd:A2;rssi2:0004640100000016;qd:B4;rssi3:0000000000000000;qd:00;rssi4:0000000000000000;qd:00

[2015-12-14 15:45:32]:OBU信息帧 OBU:0004610400000069;CardID:0000000000000000;Other info:66666666
        {RSSI 信息解析}: 
[2015-12-14 15:45:33]: rssi:OBU:0004610400000069;rssi1:0004640100000017;qd:A6;rssi2:0000000000000000;qd:00;rssi3:0000000000000000;qd:00;rssi4:0000000000000000;qd:00

        {RSSI 信息解析}: 
[2015-12-14 15:45:46]: rssi:OBU:0004610400000069;rssi1:0004640100000011;qd:BE;rssi2:0004640100000016;qd:AF;rssi3:0000000000000000;qd:00;rssi4:0000000000000000;qd:00

        {RSSI 信息解析}: 
[2015-12-14 15:45:48]: rssi:OBU:0004610400000069;rssi1:0004640100000011;qd:BE;rssi2:0000000000000000;qd:00;rssi3:0000000000000000;qd:00;rssi4:0000000000000000;qd:00

[2015-12-14 15:45:50]:OBU信息帧 OBU:0004610400000069;CardID:0000000000000000;Other info:66666666
[2015-12-14 15:46:07]:OBU信息帧 OBU:0004610400000069;CardID:0000000000000000;Other info:66666666
[2015-12-14 15:46:16]:OBU信息帧 OBU:0004610400000069;CardID:0000000000000000;Other info:66666666
        {RSSI 信息解析}: 
[2015-12-14 15:46:21]: rssi:OBU:0004610400000069;rssi1:0004640100000016;qd:B1;rssi2:0004640100000011;qd:C1;rssi3:0000000000000000;qd:00;rssi4:0000000000000000;qd:00

[2015-12-14 15:46:46]:OBU信息帧 OBU:0004610400000069;CardID:0000000000000000;Other info:66666666
        {RSSI 信息解析}: 
[2015-12-14 15:46:48]: rssi:OBU:0004610400000069;rssi1:0004640100000011;qd:BD;rssi2:0000000000000000;qd:00;rssi3:0000000000000000;qd:00;rssi4:0000000000000000;qd:00

[2015-12-14 15:46:50]:OBU信息帧 OBU:0004610400000069;CardID:0000000000000000;Other info:66666666
        {RSSI 信息解析}: 
[2015-12-14 15:46:50]: rssi:OBU:0004610400000069;rssi1:0004640100000011;qd:BE;rssi2:0000000000000000;qd:00;rssi3:0000000000000000;qd:00;rssi4:0000000000000000;qd:00

        {RSSI 信息解析}: 
[2015-12-14 15:46:52]: rssi:OBU:0004610400000069;rssi1:0004640100000011;qd:BC;rssi2:0000000000000000;qd:00;rssi3:0000000000000000;qd:00;rssi4:0000000000000000;qd:00

        {RSSI 信息解析}: 
[2015-12-14 15:46:53]: rssi:OBU:0004610400000069;rssi1:0004640100000016;qd:B1;rssi2:0004640100000011;qd:BD;rssi3:0004640100000015;qd:A9;rssi4:0000000000000000;qd:00

        {RSSI 信息解析}: 
[2015-12-14 15:46:58]: rssi:OBU:0004610400000069;rssi1:0004640100000011;qd:BD;rssi2:0004640100000016;qd:AF;rssi3:0004640100000015;qd:A9;rssi4:0004640100000012;qd:A6

        {RSSI 信息解析}: 
[2015-12-14 15:46:58]: rssi:OBU:0004610400000069;rssi1:0004640100000011;qd:BD;rssi2:0004640100000016;qd:AF;rssi3:0004640100000015;qd:A9;rssi4:0004640100000012;qd:A6

        {RSSI 信息解析}: 
[2015-12-14 15:47:02]: rssi:OBU:0004610400000069;rssi1:0004640100000011;qd:BE;rssi2:0004640100000016;qd:B3;rssi3:0004640100000015;qd:A3;rssi4:0000000000000000;qd:00

        {RSSI 信息解析}: 
[2015-12-14 15:47:06]: rssi:OBU:0004610400000069;rssi1:0004640100000011;qd:BB;rssi2:0004640100000015;qd:A9;rssi3:0004640100000016;qd:B2;rssi4:0000000000000000;qd:00

        {RSSI 信息解析}: 
[2015-12-14 15:47:08]: rssi:OBU:0004610400000069;rssi1:0004640100000011;qd:A8;rssi2:0000000000000000;qd:00;rssi3:0000000000000000;qd:00;rssi4:0000000000000000;qd:00

        {RSSI 信息解析}: 
[2015-12-14 15:47:11]: rssi:OBU:0004610400000069;rssi1:0004640100000011;qd:B4;rssi2:0000000000000000;qd:00;rssi3:0000000000000000;qd:00;rssi4:0000000000000000;qd:00

        {RSSI 信息解析}: 
[2015-12-14 15:47:16]: rssi:OBU:0004610400000069;rssi1:0004640100000011;qd:B1;rssi2:0004640100000014;qd:A5;rssi3:0004640100000015;qd:B1;rssi4:0000000000000000;qd:00

        {RSSI 信息解析}: 
[2015-12-14 15:47:17]: rssi:OBU:0004610400000069;rssi1:0004640100000011;qd:B2;rssi2:0004640100000015;qd:B6;rssi3:0000000000000000;qd:00;rssi4:0000000000000000;qd:00

        {RSSI 信息解析}: 
[2015-12-14 15:47:19]: rssi:OBU:0004610400000069;rssi1:0004640100000015;qd:AF;rssi2:0000000000000000;qd:00;rssi3:0000000000000000;qd:00;rssi4:0000000000000000;qd:00

[2015-12-14 15:47:23]:OBU信息帧 OBU:0004610400000069;CardID:0000000000000000;Other info:66666666
[2015-12-14 15:47:23]:{进站!}
        {RSSI 信息解析}: 
[2015-12-14 15:47:24]: rssi:OBU:0004610400000069;rssi1:0004640100000011;qd:B0;rssi2:0004640100000015;qd:A7;rssi3:0004640100000016;qd:BB;rssi4:0004640100000014;qd:AF

[2015-12-14 15:47:24]:OBU信息帧 OBU:0004610400000069;CardID:0000000000000000;Other info:66666666
[2015-12-14 15:47:36]:OBU信息帧 OBU:0004610400000069;CardID:0000000000000000;Other info:66666666
[2015-12-14 15:47:38]:OBU信息帧 OBU:0004610400000069;CardID:0000000000000000;Other info:66666666
[2015-12-14 15:48:54]:OBU信息帧 OBU:0004610400000092;CardID:0000000000000000;Other info:66666666
[2015-12-14 15:48:54]:OBU信息帧 OBU:0004610400000092;CardID:0000000000000000;Other info:66666666
[2015-12-14 15:48:57]:OBU信息帧 OBU:0004610400000092;CardID:0000000000000000;Other info:66666666
[2015-12-14 15:48:58]:OBU信息帧 OBU:0004610400000092;CardID:0000000000000000;Other info:66666666
[2015-12-14 15:48:59]:OBU信息帧 OBU:0004610400000092;CardID:0000000000000000;Other info:66666666
[2015-12-14 15:49:02]:OBU信息帧 OBU:0004610400000092;CardID:0000000000000000;Other info:66666666
        {RSSI 信息解析}: 
[2015-12-14 15:49:10]: rssi:OBU:0004610400000092;rssi1:0004640100000011;qd:AC;rssi2:0004640100000015;qd:AA;rssi3:0004640100000016;qd:AB;rssi4:0000000000000000;qd:00

        {RSSI 信息解析}: 
[2015-12-14 15:49:12]: rssi:OBU:0004610400000092;rssi1:0004640100000011;qd:B1;rssi2:0004640100000015;qd:9F;rssi3:0004640100000016;qd:B3;rssi4:0000000000000000;qd:00

[2015-12-14 15:49:13]:OBU信息帧 OBU:0004610400000092;CardID:0000000000000000;Other info:66666666
        {RSSI 信息解析}: 
[2015-12-14 15:49:14]: rssi:OBU:0004610400000092;rssi1:0004640100000011;qd:B4;rssi2:0004640100000015;qd:A4;rssi3:0000000000000000;qd:00;rssi4:0000000000000000;qd:00

[2015-12-14 15:49:20]:OBU=0004610400000092
[2015-12-14 15:49:20]:{进站!}
        {RSSI 信息解析}: 
[2015-12-14 15:49:20]: rssi:OBU:0004610400000092;rssi1:0004640100000015;qd:A6;rssi2:0004640100000011;qd:AE;rssi3:0004640100000016;qd:AA;rssi4:0004640100000012;qd:A0

        {RSSI 信息解析}: 
[2015-12-14 15:49:23]: rssi:OBU:0004610400000092;rssi1:0004640100000011;qd:AD;rssi2:0004640100000015;qd:AA;rssi3:0004640100000016;qd:A8;rssi4:0000000000000000;qd:00

        {RSSI 信息解析}: 
[2015-12-14 15:49:25]: rssi:OBU:0004610400000092;rssi1:0004640100000011;qd:B2;rssi2:0004640100000015;qd:A8;rssi3:0004640100000016;qd:AC;rssi4:0000000000000000;qd:00

        {RSSI 信息解析}: 
[2015-12-14 15:49:28]: rssi:OBU:0004610400000092;rssi1:0004640100000011;qd:AF;rssi2:0004640100000015;qd:A6;rssi3:0004640100000012;qd:A3;rssi4:0000000000000000;qd:00

        {RSSI 信息解析}: 
[2015-12-14 15:49:28]: rssi:OBU:0004610400000092;rssi1:0004640100000011;qd:AF;rssi2:0004640100000015;qd:A6;rssi3:0004640100000012;qd:A3;rssi4:0000000000000000;qd:00

        {RSSI 信息解析}: 
[2015-12-14 15:49:28]: rssi:OBU:0004610400000092;rssi1:0004640100000011;qd:AF;rssi2:0004640100000015;qd:A6;rssi3:0004640100000012;qd:A3;rssi4:0000000000000000;qd:00

[2015-12-14 15:49:28]:OBU信息帧 OBU:0004610400000092;CardID:0000000000000000;Other info:66666666
        {RSSI 信息解析}: 
[2015-12-14 15:49:30]: rssi:OBU:0004610400000092;rssi1:0004640100000015;qd:A7;rssi2:0000000000000000;qd:00;rssi3:0000000000000000;qd:00;rssi4:0000000000000000;qd:00

        {RSSI 信息解析}: 
[2015-12-14 15:49:32]: rssi:OBU:0004610400000092;rssi1:0004640100000011;qd:B1;rssi2:0004640100000016;qd:AA;rssi3:0004640100000015;qd:A7;rssi4:0000000000000000;qd:00

        {RSSI 信息解析}: 
[2015-12-14 15:49:36]: rssi:OBU:0004610400000092;rssi1:0004640100000011;qd:B1;rssi2:0004640100000015;qd:A4;rssi3:0004640100000016;qd:A7;rssi4:0000000000000000;qd:00

        {RSSI 信息解析}: 
[2015-12-14 15:49:38]: rssi:OBU:0004610400000092;rssi1:0004640100000011;qd:AF;rssi2:0004640100000015;qd:A8;rssi3:0000000000000000;qd:00;rssi4:0000000000000000;qd:00

        {RSSI 信息解析}: 
[2015-12-14 15:49:39]: rssi:OBU:0004610400000092;rssi1:0004640100000015;qd:A9;rssi2:0000000000000000;qd:00;rssi3:0000000000000000;qd:00;rssi4:0000000000000000;qd:00

        {RSSI 信息解析}: 
[2015-12-14 15:49:44]: rssi:OBU:0004610400000092;rssi1:0004640100000011;qd:AE;rssi2:0004640100000015;qd:A9;rssi3:0004640100000016;qd:A8;rssi4:0000000000000000;qd:00

        {RSSI 信息解析}: 
[2015-12-14 15:49:47]: rssi:OBU:0004610400000092;rssi1:0004640100000011;qd:B3;rssi2:0004640100000015;qd:A8;rssi3:0000000000000000;qd:00;rssi4:0000000000000000;qd:00

        {RSSI 信息解析}: 
[2015-12-14 15:49:50]: rssi:OBU:0004610400000092;rssi1:0004640100000011;qd:AF;rssi2:0004640100000016;qd:A6;rssi3:0004640100000015;qd:AA;rssi4:0004640100000012;qd:A1

        {RSSI 信息解析}: 
[2015-12-14 15:49:54]: rssi:OBU:0004610400000092;rssi1:0004640100000011;qd:AE;rssi2:0004640100000015;qd:A8;rssi3:0004640100000012;qd:A0;rssi4:0000000000000000;qd:00

        {RSSI 信息解析}: 
[2015-12-14 15:49:56]: rssi:OBU:0004610400000092;rssi1:0004640100000011;qd:AF;rssi2:0004640100000015;qd:A5;rssi3:0000000000000000;qd:00;rssi4:0000000000000000;qd:00

        {RSSI 信息解析}: 
[2015-12-14 15:49:57]: rssi:OBU:0004610400000092;rssi1:0004640100000011;qd:B0;rssi2:0004640100000015;qd:A7;rssi3:0000000000000000;qd:00;rssi4:0000000000000000;qd:00

        {RSSI 信息解析}: 
[2015-12-14 15:49:59]: rssi:OBU:0004610400000092;rssi1:0004640100000011;qd:B4;rssi2:0004640100000015;qd:A5;rssi3:0004640100000012;qd:A3;rssi4:0000000000000000;qd:00

        {RSSI 信息解析}: 
[2015-12-14 15:50:01]: rssi:OBU:0004610400000092;rssi1:0004640100000011;qd:AF;rssi2:0004640100000015;qd:A4;rssi3:0004640100000012;qd:A3;rssi4:0000000000000000;qd:00

        {RSSI 信息解析}: 
[2015-12-14 15:50:04]: rssi:OBU:0004610400000092;rssi1:0004640100000011;qd:AD;rssi2:0004640100000015;qd:A5;rssi3:0004640100000012;qd:A1;rssi4:0000000000000000;qd:00

        {RSSI 信息解析}: 
[2015-12-14 15:50:05]: rssi:OBU:0004610400000092;rssi1:0004640100000011;qd:B3;rssi2:0004640100000015;qd:A7;rssi3:0000000000000000;qd:00;rssi4:0000000000000000;qd:00

        {RSSI 信息解析}: 
[2015-12-14 15:50:06]: rssi:OBU:0004610400000092;rssi1:0004640100000011;qd:B2;rssi2:0004640100000015;qd:A5;rssi3:0004640100000012;qd:A0;rssi4:0000000000000000;qd:00

        {RSSI 信息解析}: 
[2015-12-14 15:50:08]: rssi:OBU:0004610400000092;rssi1:0004640100000011;qd:B2;rssi2:0004640100000015;qd:A7;rssi3:0000000000000000;qd:00;rssi4:0000000000000000;qd:00

        {RSSI 信息解析}: 
[2015-12-14 15:50:10]: rssi:OBU:0004610400000092;rssi1:0004640100000015;qd:A7;rssi2:0000000000000000;qd:00;rssi3:0000000000000000;qd:00;rssi4:0000000000000000;qd:00

        {RSSI 信息解析}: 
[2015-12-14 15:50:11]: rssi:OBU:0004610400000092;rssi1:0004640100000011;qd:B1;rssi2:0004640100000015;qd:A8;rssi3:0000000000000000;qd:00;rssi4:0000000000000000;qd:00

        {RSSI 信息解析}: 
[2015-12-14 15:50:13]: rssi:OBU:0004610400000092;rssi1:0004640100000011;qd:AF;rssi2:0004640100000015;qd:A5;rssi3:0000000000000000;qd:00;rssi4:0000000000000000;qd:00

        {RSSI 信息解析}: 
[2015-12-14 15:50:14]: rssi:OBU:0004610400000092;rssi1:0004640100000011;qd:B1;rssi2:0000000000000000;qd:00;rssi3:0000000000000000;qd:00;rssi4:0000000000000000;qd:00

        {RSSI 信息解析}: 
[2015-12-14 15:50:16]: rssi:OBU:0004610400000092;rssi1:0004640100000011;qd:B0;rssi2:0000000000000000;qd:00;rssi3:0000000000000000;qd:00;rssi4:0000000000000000;qd:00

        {RSSI 信息解析}: 
[2015-12-14 15:50:19]: rssi:OBU:0004610400000092;rssi1:0004640100000011;qd:B2;rssi2:0004640100000015;qd:A4;rssi3:0000000000000000;qd:00;rssi4:0000000000000000;qd:00

        {RSSI 信息解析}: 
[2015-12-14 15:50:19]: rssi:OBU:0004610400000092;rssi1:0004640100000011;qd:B2;rssi2:0004640100000015;qd:A4;rssi3:0000000000000000;qd:00;rssi4:0000000000000000;qd:00

        {RSSI 信息解析}: 
[2015-12-14 15:50:23]: rssi:OBU:0004610400000092;rssi1:0004640100000011;qd:B2;rssi2:0004640100000015;qd:A8;rssi3:0004640100000016;qd:AA;rssi4:0000000000000000;qd:00

        {RSSI 信息解析}: 
[2015-12-14 15:50:23]: rssi:OBU:0004610400000092;rssi1:0004640100000011;qd:B2;rssi2:0004640100000015;qd:A8;rssi3:0004640100000016;qd:AA;rssi4:0000000000000000;qd:00

        {RSSI 信息解析}: 
[2015-12-14 15:50:23]: rssi:OBU:0004610400000092;rssi1:0004640100000011;qd:B2;rssi2:0004640100000015;qd:A8;rssi3:0004640100000016;qd:AA;rssi4:0000000000000000;qd:00

        {RSSI 信息解析}: 
[2015-12-14 15:50:24]: rssi:OBU:0004610400000092;rssi1:0004640100000015;qd:A9;rssi2:0000000000000000;qd:00;rssi3:0000000000000000;qd:00;rssi4:0000000000000000;qd:00

        {RSSI 信息解析}: 
[2015-12-14 15:50:24]: rssi:OBU:0004610400000092;rssi1:0004640100000015;qd:A9;rssi2:0000000000000000;qd:00;rssi3:0000000000000000;qd:00;rssi4:0000000000000000;qd:00

        {RSSI 信息解析}: 
[2015-12-14 15:50:26]: rssi:OBU:0004610400000092;rssi1:0004640100000011;qd:B0;rssi2:0000000000000000;qd:00;rssi3:0000000000000000;qd:00;rssi4:0000000000000000;qd:00

        {RSSI 信息解析}: 
[2015-12-14 15:50:28]: rssi:OBU:0004610400000092;rssi1:0004640100000011;qd:AE;rssi2:0000000000000000;qd:00;rssi3:0000000000000000;qd:00;rssi4:0000000000000000;qd:00

[2015-12-14 15:50:29]:OBU信息帧 OBU:0004610400000092;CardID:0000000000000000;Other info:66666666
[2015-12-14 15:50:29]:{进站!}
[2015-12-14 15:50:32]:OBU信息帧 OBU:0004610400000092;CardID:0000000000000000;Other info:66666666
        {RSSI 信息解析}: 
[2015-12-14 15:50:38]: rssi:OBU:0004610400000092;rssi1:0004640100000011;qd:B0;rssi2:0004640100000015;qd:A8;rssi3:0000000000000000;qd:00;rssi4:0000000000000000;qd:00

        {RSSI 信息解析}: 
[2015-12-14 15:50:42]: rssi:OBU:0004610400000092;rssi1:0004640100000011;qd:B1;rssi2:0004640100000016;qd:A9;rssi3:0004640100000015;qd:A8;rssi4:0000000000000000;qd:00

        {RSSI 信息解析}: 
[2015-12-14 15:50:45]: rssi:OBU:0004610400000092;rssi1:0004640100000011;qd:B3;rssi2:0004640100000016;qd:A8;rssi3:0004640100000015;qd:A9;rssi4:0000000000000000;qd:00

        {RSSI 信息解析}: 
[2015-12-14 15:50:46]: rssi:OBU:0004610400000092;rssi1:0004640100000016;qd:A9;rssi2:0000000000000000;qd:00;rssi3:0000000000000000;qd:00;rssi4:0000000000000000;qd:00

        {RSSI 信息解析}: 
[2015-12-14 15:50:48]: rssi:OBU:0004610400000092;rssi1:0004640100000011;qd:B3;rssi2:0004640100000015;qd:A9;rssi3:0000000000000000;qd:00;rssi4:0000000000000000;qd:00

        {RSSI 信息解析}: 
[2015-12-14 15:50:50]: rssi:OBU:0004610400000092;rssi1:0004640100000011;qd:B3;rssi2:0004640100000015;qd:A9;rssi3:0000000000000000;qd:00;rssi4:0000000000000000;qd:00

        {RSSI 信息解析}: 
[2015-12-14 15:50:51]: rssi:OBU:0004610400000092;rssi1:0004640100000011;qd:B2;rssi2:0004640100000015;qd:A9;rssi3:0000000000000000;qd:00;rssi4:0000000000000000;qd:00

        {RSSI 信息解析}: 
[2015-12-14 15:50:53]: rssi:OBU:0004610400000092;rssi1:0004640100000011;qd:B4;rssi2:0004640100000015;qd:A9;rssi3:0000000000000000;qd:00;rssi4:0000000000000000;qd:00

[2015-12-14 15:50:55]:OBU信息帧 OBU:0004610400000092;CardID:0000000000000000;Other info:66666666
[2015-12-14 15:50:57]:OBU信息帧 OBU:0004610400000092;CardID:0000000000000000;Other info:66666666
        {RSSI 信息解析}: 
[2015-12-14 15:51:03]: rssi:OBU:0004610400000092;rssi1:0004640100000016;qd:B3;rssi2:0000000000000000;qd:00;rssi3:0000000000000000;qd:00;rssi4:0000000000000000;qd:00

        {RSSI 信息解析}: 
[2015-12-14 15:51:04]: rssi:OBU:0004610400000092;rssi1:0004640100000016;qd:B0;rssi2:0000000000000000;qd:00;rssi3:0000000000000000;qd:00;rssi4:0000000000000000;qd:00

        {RSSI 信息解析}: 
[2015-12-14 15:51:06]: rssi:OBU:0004610400000092;rssi1:0004640100000016;qd:B3;rssi2:0000000000000000;qd:00;rssi3:0000000000000000;qd:00;rssi4:0000000000000000;qd:00

        {RSSI 信息解析}: 
[2015-12-14 15:51:09]: rssi:OBU:0004610400000092;rssi1:0004640100000016;qd:BD;rssi2:0004640100000015;qd:A2;rssi3:0000000000000000;qd:00;rssi4:0000000000000000;qd:00

        {RSSI 信息解析}: 
[2015-12-14 15:51:11]: rssi:OBU:0004610400000092;rssi1:0004640100000016;qd:C4;rssi2:0004640100000015;qd:A4;rssi3:0000000000000000;qd:00;rssi4:0000000000000000;qd:00

        {RSSI 信息解析}: 
[2015-12-14 15:51:14]: rssi:OBU:0004610400000092;rssi1:0004640100000016;qd:BA;rssi2:0004640100000011;qd:AE;rssi3:0004640100000015;qd:A3;rssi4:0000000000000000;qd:00

        {RSSI 信息解析}: 
[2015-12-14 15:51:16]: rssi:OBU:0004610400000092;rssi1:0004640100000016;qd:B4;rssi2:0004640100000015;qd:AA;rssi3:0000000000000000;qd:00;rssi4:0000000000000000;qd:00

        {RSSI 信息解析}: 
[2015-12-14 15:51:19]: rssi:OBU:0004610400000092;rssi1:0004640100000016;qd:B4;rssi2:0004640100000015;qd:A4;rssi3:0004640100000011;qd:AC;rssi4:0000000000000000;qd:00

        {RSSI 信息解析}: 
[2015-12-14 15:51:36]: rssi:OBU:0004610400000092;rssi1:0004640100000016;qd:B1;rssi2:0000000000000000;qd:00;rssi3:0000000000000000;qd:00;rssi4:0000000000000000;qd:00

        {RSSI 信息解析}: 
[2015-12-14 15:51:43]: rssi:OBU:0004610400000092;rssi1:0004640100000016;qd:B3;rssi2:0000000000000000;qd:00;rssi3:0000000000000000;qd:00;rssi4:0000000000000000;qd:00

        {RSSI 信息解析}: 
[2015-12-14 15:51:44]: rssi:OBU:0004610400000092;rssi1:0004640100000016;qd:AF;rssi2:0000000000000000;qd:00;rssi3:0000000000000000;qd:00;rssi4:0000000000000000;qd:00

[2015-12-14 15:51:48]:OBU信息帧 OBU:0004610400000092;CardID:0000000000000000;Other info:66666666
[2015-12-14 15:51:52]:OBU信息帧 OBU:0004610400000092;CardID:0000000000000000;Other info:66666666
        {RSSI 信息解析}: 
[2015-12-14 15:51:54]: rssi:OBU:0004610400000092;rssi1:0004640100000011;qd:B3;rssi2:0000000000000000;qd:00;rssi3:0000000000000000;qd:00;rssi4:0000000000000000;qd:00

        {RSSI 信息解析}: 
[2015-12-14 15:51:59]: rssi:OBU:0004610400000092;rssi1:0004640100000011;qd:B4;rssi2:0004640100000015;qd:A3;rssi3:0004640100000016;qd:B2;rssi4:0000000000000000;qd:00

        {RSSI 信息解析}: 
[2015-12-14 15:52:01]: rssi:OBU:0004610400000092;rssi1:0004640100000011;qd:B4;rssi2:0004640100000015;qd:A3;rssi3:0004640100000016;qd:B1;rssi4:0000000000000000;qd:00

        {RSSI 信息解析}: 
[2015-12-14 15:52:01]: rssi:OBU:0004610400000092;rssi1:0004640100000011;qd:B4;rssi2:0004640100000015;qd:A3;rssi3:0004640100000016;qd:B1;rssi4:0000000000000000;qd:00

        {RSSI 信息解析}: 
[2015-12-14 15:52:02]: rssi:OBU:0004610400000092;rssi1:0004640100000011;qd:B4;rssi2:0004640100000015;qd:A3;rssi3:0004640100000016;qd:B1;rssi4:0000000000000000;qd:00

        {RSSI 信息解析}: 
[2015-12-14 15:52:04]: rssi:OBU:0004610400000092;rssi1:0004640100000011;qd:B4;rssi2:0004640100000015;qd:A3;rssi3:0004640100000016;qd:B1;rssi4:0000000000000000;qd:00

        {RSSI 信息解析}: 
[2015-12-14 15:52:12]: rssi:OBU:0004610400000092;rssi1:0004640100000011;qd:B4;rssi2:0004640100000014;qd:AF;rssi3:0004640100000012;qd:B2;rssi4:0004640100000016;qd:B1

        {RSSI 信息解析}: 
[2015-12-14 15:52:13]: rssi:OBU:0004610400000092;rssi1:0004640100000011;qd:B4;rssi2:0000000000000000;qd:00;rssi3:0000000000000000;qd:00;rssi4:0000000000000000;qd:00

        {RSSI 信息解析}: 
[2015-12-14 15:52:15]: rssi:OBU:0004610400000092;rssi1:0004640100000011;qd:B5;rssi2:0000000000000000;qd:00;rssi3:0000000000000000;qd:00;rssi4:0000000000000000;qd:00

        {RSSI 信息解析}: 
[2015-12-14 15:52:17]: rssi:OBU:0004610400000092;rssi1:0004640100000014;qd:AF;rssi2:0004640100000011;qd:B2;rssi3:0000000000000000;qd:00;rssi4:0000000000000000;qd:00

        {RSSI 信息解析}: 
[2015-12-14 15:52:19]: rssi:OBU:0004610400000092;rssi1:0004640100000011;qd:B3;rssi2:0000000000000000;qd:00;rssi3:0000000000000000;qd:00;rssi4:0000000000000000;qd:00

        {RSSI 信息解析}: 
[2015-12-14 15:52:21]: rssi:OBU:0004610400000092;rssi1:0004640100000011;qd:B3;rssi2:0000000000000000;qd:00;rssi3:0000000000000000;qd:00;rssi4:0000000000000000;qd:00

        {RSSI 信息解析}: 
[2015-12-14 15:52:23]: rssi:OBU:0004610400000092;rssi1:0004640100000011;qd:B3;rssi2:0000000000000000;qd:00;rssi3:0000000000000000;qd:00;rssi4:0000000000000000;qd:00

        {RSSI 信息解析}: 
[2015-12-14 15:52:25]: rssi:OBU:0004610400000092;rssi1:0004640100000011;qd:B4;rssi2:0004640100000016;qd:B1;rssi3:0000000000000000;qd:00;rssi4:0000000000000000;qd:00

        {RSSI 信息解析}: 
[2015-12-14 15:52:26]: rssi:OBU:0004610400000092;rssi1:0004640100000011;qd:B3;rssi2:0000000000000000;qd:00;rssi3:0000000000000000;qd:00;rssi4:0000000000000000;qd:00

        {RSSI 信息解析}: 
[2015-12-14 15:52:28]: rssi:OBU:0004610400000092;rssi1:0004640100000011;qd:B3;rssi2:0000000000000000;qd:00;rssi3:0000000000000000;qd:00;rssi4:0000000000000000;qd:00

[2015-12-14 15:52:28]:OBU信息帧 OBU:0004610400000092;CardID:0000000000000000;Other info:66666666
        {RSSI 信息解析}: 
[2015-12-14 15:52:32]: rssi:OBU:0004610400000092;rssi1:0004640100000011;qd:B2;rssi2:0004640100000014;qd:AE;rssi3:0004640100000012;qd:B2;rssi4:0004640100000017;qd:A7

        {RSSI 信息解析}: 
[2015-12-14 15:52:33]: rssi:OBU:0004610400000092;rssi1:0004640100000011;qd:B3;rssi2:0004640100000014;qd:AF;rssi3:0000000000000000;qd:00;rssi4:0000000000000000;qd:00

        {RSSI 信息解析}: 
[2015-12-14 15:52:35]: rssi:OBU:0004610400000092;rssi1:0004640100000011;qd:B3;rssi2:0004640100000014;qd:AF;rssi3:0000000000000000;qd:00;rssi4:0000000000000000;qd:00

        {RSSI 信息解析}: 
[2015-12-14 15:52:40]: rssi:OBU:0004610400000092;rssi1:0004640100000011;qd:B2;rssi2:0004640100000014;qd:B1;rssi3:0000000000000000;qd:00;rssi4:0000000000000000;qd:00

        {RSSI 信息解析}: 
[2015-12-14 15:52:43]: rssi:OBU:0004610400000092;rssi1:0004640100000011;qd:B2;rssi2:0004640100000016;qd:B2;rssi3:0004640100000014;qd:AF;rssi4:0004640100000012;qd:B3

        {RSSI 信息解析}: 
[2015-12-14 15:52:45]: rssi:OBU:0004610400000092;rssi1:0004640100000011;qd:B3;rssi2:0004640100000014;qd:AF;rssi3:0000000000000000;qd:00;rssi4:0000000000000000;qd:00

        {RSSI 信息解析}: 
[2015-12-14 15:52:48]: rssi:OBU:0004610400000092;rssi1:0004640100000011;qd:B2;rssi2:0004640100000014;qd:AF;rssi3:0000000000000000;qd:00;rssi4:0000000000000000;qd:00

        {RSSI 信息解析}: 
[2015-12-14 15:52:52]: rssi:OBU:0004610400000092;rssi1:0004640100000011;qd:B2;rssi2:0004640100000016;qd:B1;rssi3:0000000000000000;qd:00;rssi4:0000000000000000;qd:00

        {RSSI 信息解析}: 
[2015-12-14 15:52:54]: rssi:OBU:0004610400000092;rssi1:0004640100000011;qd:B3;rssi2:0000000000000000;qd:00;rssi3:0000000000000000;qd:00;rssi4:0000000000000000;qd:00

        {RSSI 信息解析}: 
[2015-12-14 15:52:57]: rssi:OBU:0004610400000092;rssi1:0004640100000012;qd:B2;rssi2:0004640100000011;qd:B3;rssi3:0000000000000000;qd:00;rssi4:0000000000000000;qd:00

        {RSSI 信息解析}: 
[2015-12-14 15:52:59]: rssi:OBU:0004610400000092;rssi1:0004640100000011;qd:B2;rssi2:0004640100000014;qd:AF;rssi3:0000000000000000;qd:00;rssi4:0000000000000000;qd:00

        {RSSI 信息解析}: 
[2015-12-14 15:53:02]: rssi:OBU:0004610400000092;rssi1:0004640100000011;qd:B2;rssi2:0000000000000000;qd:00;rssi3:0000000000000000;qd:00;rssi4:0000000000000000;qd:00

        {RSSI 信息解析}: 
[2015-12-14 15:53:04]: rssi:OBU:0004610400000092;rssi1:0004640100000011;qd:B2;rssi2:0000000000000000;qd:00;rssi3:0000000000000000;qd:00;rssi4:0000000000000000;qd:00

        {RSSI 信息解析}: 
[2015-12-14 15:53:06]: rssi:OBU:0004610400000092;rssi1:0004640100000011;qd:B2;rssi2:0000000000000000;qd:00;rssi3:0000000000000000;qd:00;rssi4:0000000000000000;qd:00

        {RSSI 信息解析}: 
[2015-12-14 15:53:06]: rssi:OBU:0004610400000092;rssi1:0004640100000011;qd:B2;rssi2:0000000000000000;qd:00;rssi3:0000000000000000;qd:00;rssi4:0000000000000000;qd:00

        {RSSI 信息解析}: 
[2015-12-14 15:53:07]: rssi:OBU:0004610400000092;rssi1:0004640100000011;qd:B2;rssi2:0004640100000012;qd:B2;rssi3:0000000000000000;qd:00;rssi4:0000000000000000;qd:00

        {RSSI 信息解析}: 
[2015-12-14 15:53:09]: rssi:OBU:0004610400000092;rssi1:0004640100000011;qd:B2;rssi2:0000000000000000;qd:00;rssi3:0000000000000000;qd:00;rssi4:0000000000000000;qd:00

        {RSSI 信息解析}: 
[2015-12-14 15:53:12]: rssi:OBU:0004610400000092;rssi1:0004640100000011;qd:B2;rssi2:0000000000000000;qd:00;rssi3:0000000000000000;qd:00;rssi4:0000000000000000;qd:00

[2015-12-14 15:53:13]:OBU信息帧 OBU:0004610400000092;CardID:0000000000000000;Other info:66666666
[2015-12-14 15:53:13]:{出站!}
        {RSSI 信息解析}: 
[2015-12-14 15:53:13]: rssi:OBU:0004610400000092;rssi1:0004640100000011;qd:B2;rssi2:0000000000000000;qd:00;rssi3:0000000000000000;qd:00;rssi4:0000000000000000;qd:00

        {RSSI 信息解析}: 
[2015-12-14 15:53:17]: rssi:OBU:0004610400000092;rssi1:0004640100000011;qd:B2;rssi2:0000000000000000;qd:00;rssi3:0000000000000000;qd:00;rssi4:0000000000000000;qd:00

        {RSSI 信息解析}: 
[2015-12-14 15:53:19]: rssi:OBU:0004610400000092;rssi1:0004640100000011;qd:B1;rssi2:0000000000000000;qd:00;rssi3:0000000000000000;qd:00;rssi4:0000000000000000;qd:00

        {RSSI 信息解析}: 
[2015-12-14 15:53:20]: rssi:OBU:0004610400000092;rssi1:0004640100000011;qd:B2;rssi2:0000000000000000;qd:00;rssi3:0000000000000000;qd:00;rssi4:0000000000000000;qd:00

        {RSSI 信息解析}: 
[2015-12-14 15:53:21]: rssi:OBU:0004610400000092;rssi1:0004640100000011;qd:B2;rssi2:0000000000000000;qd:00;rssi3:0000000000000000;qd:00;rssi4:0000000000000000;qd:00

[2015-12-14 15:53:24]:OBU信息帧 OBU:0004610400000092;CardID:0000000000000000;Other info:66666666
        {RSSI 信息解析}: 
[2015-12-14 15:53:25]: rssi:OBU:0004610400000092;rssi1:0004640100000011;qd:B0;rssi2:0000000000000000;qd:00;rssi3:0000000000000000;qd:00;rssi4:0000000000000000;qd:00

[2015-12-14 15:53:29]:OBU信息帧 OBU:0004610400000092;CardID:0000000000000000;Other info:66666666
        {RSSI 信息解析}: 
[2015-12-14 15:53:29]: rssi:OBU:0004610400000092;rssi1:0004640100000016;qd:B4;rssi2:0000000000000000;qd:00;rssi3:0000000000000000;qd:00;rssi4:0000000000000000;qd:00

        {RSSI 信息解析}: 
[2015-12-14 15:53:35]: rssi:OBU:0004610400000092;rssi1:0004640100000016;qd:B6;rssi2:0000000000000000;qd:00;rssi3:0000000000000000;qd:00;rssi4:0000000000000000;qd:00

        {RSSI 信息解析}: 
[2015-12-14 15:53:42]: rssi:OBU:0004610400000092;rssi1:0004640100000016;qd:B6;rssi2:0004640100000015;qd:A5;rssi3:0000000000000000;qd:00;rssi4:0000000000000000;qd:00

        {RSSI 信息解析}: 
[2015-12-14 15:53:58]: rssi:OBU:0004610400000092;rssi1:0004640100000016;qd:B6;rssi2:0004640100000012;qd:B2;rssi3:0000000000000000;qd:00;rssi4:0000000000000000;qd:00

        {RSSI 信息解析}: 
[2015-12-14 15:53:59]: rssi:OBU:0004610400000092;rssi1:0004640100000016;qd:B6;rssi2:0004640100000012;qd:B2;rssi3:0000000000000000;qd:00;rssi4:0000000000000000;qd:00

        {RSSI 信息解析}: 
[2015-12-14 15:54:02]: rssi:OBU:0004610400000092;rssi1:0004640100000011;qd:AF;rssi2:0004640100000016;qd:B6;rssi3:0004640100000012;qd:B2;rssi4:0004640100000014;qd:AD

        {RSSI 信息解析}: 
[2015-12-14 15:54:09]: rssi:OBU:0004610400000092;rssi1:0004640100000016;qd:B6;rssi2:0004640100000015;qd:A4;rssi3:0004640100000012;qd:B2;rssi4:0000000000000000;qd:00

        {RSSI 信息解析}: 
[2015-12-14 15:54:15]: rssi:OBU:0004610400000092;rssi1:0004640100000016;qd:B7;rssi2:0000000000000000;qd:00;rssi3:0000000000000000;qd:00;rssi4:0000000000000000;qd:00

        {RSSI 信息解析}: 
[2015-12-14 15:54:25]: rssi:OBU:0004610400000092;rssi1:0004640100000016;qd:B7;rssi2:0000000000000000;qd:00;rssi3:0000000000000000;qd:00;rssi4:0000000000000000;qd:00

        {RSSI 信息解析}: 
[2015-12-14 15:54:32]: rssi:OBU:0004610400000092;rssi1:0004640100000016;qd:B7;rssi2:0000000000000000;qd:00;rssi3:0000000000000000;qd:00;rssi4:0000000000000000;qd:00

        {RSSI 信息解析}: 
[2015-12-14 15:54:33]: rssi:OBU:0004610400000092;rssi1:0004640100000012;qd:B1;rssi2:0004640100000016;qd:B5;rssi3:0000000000000000;qd:00;rssi4:0000000000000000;qd:00

        {RSSI 信息解析}: 
[2015-12-14 15:54:35]: rssi:OBU:0004610400000092;rssi1:0004640100000016;qd:B5;rssi2:0000000000000000;qd:00;rssi3:0000000000000000;qd:00;rssi4:0000000000000000;qd:00

        {RSSI 信息解析}: 
[2015-12-14 15:54:39]: rssi:OBU:0004610400000092;rssi1:0004640100000016;qd:B6;rssi2:0004640100000015;qd:A4;rssi3:0004640100000011;qd:AB;rssi4:0000000000000000;qd:00

        {RSSI 信息解析}: 
[2015-12-14 15:54:44]: rssi:OBU:0004610400000092;rssi1:0004640100000016;qd:B7;rssi2:0004640100000011;qd:AB;rssi3:0004640100000014;qd:AB;rssi4:0000000000000000;qd:00

        {RSSI 信息解析}: 
[2015-12-14 15:54:51]: rssi:OBU:0004610400000092;rssi1:0004640100000016;qd:B7;rssi2:0004640100000011;qd:AC;rssi3:0000000000000000;qd:00;rssi4:0000000000000000;qd:00

        {RSSI 信息解析}: 
[2015-12-14 15:54:54]: rssi:OBU:0004610400000092;rssi1:0004640100000016;qd:B6;rssi2:0004640100000015;qd:A4;rssi3:0004640100000011;qd:AC;rssi4:0000000000000000;qd:00

        {RSSI 信息解析}: 
[2015-12-14 15:54:57]: rssi:OBU:0004610400000092;rssi1:0004640100000016;qd:B6;rssi2:0004640100000012;qd:B2;rssi3:0004640100000011;qd:AD;rssi4:0000000000000000;qd:00

        {RSSI 信息解析}: 
[2015-12-14 15:54:58]: rssi:OBU:0004610400000092;rssi1:0004640100000016;qd:B6;rssi2:0004640100000012;qd:B3;rssi3:0000000000000000;qd:00;rssi4:0000000000000000;qd:00

        {RSSI 信息解析}: 
[2015-12-14 15:55:00]: rssi:OBU:0004610400000092;rssi1:0004640100000016;qd:B6;rssi2:0004640100000011;qd:AB;rssi3:0004640100000012;qd:B2;rssi4:0000000000000000;qd:00

        {RSSI 信息解析}: 
[2015-12-14 15:55:03]: rssi:OBU:0004610400000092;rssi1:0004640100000016;qd:B7;rssi2:0004640100000014;qd:AD;rssi3:0004640100000011;qd:AD;rssi4:0004640100000012;qd:B3

        {RSSI 信息解析}: 
[2015-12-14 15:55:06]: rssi:OBU:0004610400000092;rssi1:0004640100000014;qd:AC;rssi2:0004640100000016;qd:B6;rssi3:0004640100000011;qd:A8;rssi4:0004640100000012;qd:B3

        {RSSI 信息解析}: 
[2015-12-14 15:55:09]: rssi:OBU:0004610400000092;rssi1:0004640100000016;qd:B5;rssi2:0004640100000011;qd:A7;rssi3:0004640100000012;qd:B3;rssi4:0000000000000000;qd:00

        {RSSI 信息解析}: 
[2015-12-14 15:55:13]: rssi:OBU:0004610400000092;rssi1:0004640100000016;qd:B4;rssi2:0004640100000011;qd:A6;rssi3:0004640100000012;qd:B5;rssi4:0004640100000017;qd:A8

        {RSSI 信息解析}: 
[2015-12-14 15:55:15]: rssi:OBU:0004610400000092;rssi1:0004640100000016;qd:B3;rssi2:0004640100000012;qd:B2;rssi3:0000000000000000;qd:00;rssi4:0000000000000000;qd:00

        {RSSI 信息解析}: 
[2015-12-14 15:55:16]: rssi:OBU:0004610400000092;rssi1:0004640100000016;qd:B6;rssi2:0004640100000012;qd:B4;rssi3:0000000000000000;qd:00;rssi4:0000000000000000;qd:00

[2015-12-14 15:55:16]:OBU信息帧 OBU:0004610400000092;CardID:0000000000000000;Other info:66666666
[2015-12-14 15:55:17]:OBU信息帧 OBU:0004610400000092;CardID:0000000000000000;Other info:66666666
        {RSSI 信息解析}: 
[2015-12-14 15:55:19]: rssi:OBU:0004610400000092;rssi1:0004640100000016;qd:AF;rssi2:0004640100000017;qd:AB;rssi3:0000000000000000;qd:00;rssi4:0000000000000000;qd:00

        {RSSI 信息解析}: 
[2015-12-14 15:55:21]: rssi:OBU:0004610400000092;rssi1:0004640100000016;qd:B1;rssi2:0000000000000000;qd:00;rssi3:0000000000000000;qd:00;rssi4:0000000000000000;qd:00

        {RSSI 信息解析}: 
[2015-12-14 15:55:24]: rssi:OBU:0004610400000092;rssi1:0004640100000016;qd:B3;rssi2:0000000000000000;qd:00;rssi3:0000000000000000;qd:00;rssi4:0000000000000000;qd:00

        {RSSI 信息解析}: 
[2015-12-14 15:55:27]: rssi:OBU:0004610400000092;rssi1:0004640100000016;qd:B4;rssi2:0004640100000017;qd:AB;rssi3:0000000000000000;qd:00;rssi4:0000000000000000;qd:00

[2015-12-14 15:55:28]:OBU信息帧 OBU:0004610400000092;CardID:0000000000000000;Other info:66666666
        {RSSI 信息解析}: 
[2015-12-14 15:55:30]: rssi:OBU:0004610400000092;rssi1:0004640100000016;qd:B2;rssi2:0004640100000017;qd:AD;rssi3:0004640100000011;qd:A2;rssi4:0000000000000000;qd:00

        {RSSI 信息解析}: 
[2015-12-14 15:55:32]: rssi:OBU:0004610400000092;rssi1:0004640100000011;qd:A8;rssi2:0000000000000000;qd:00;rssi3:0000000000000000;qd:00;rssi4:0000000000000000;qd:00

[2015-12-14 15:55:32]:OBU信息帧 OBU:0004610400000092;CardID:0000000000000000;Other info:66666666
        {RSSI 信息解析}: 
[2015-12-14 15:55:35]: rssi:OBU:0004610400000092;rssi1:0004640100000016;qd:B5;rssi2:0004640100000011;qd:A9;rssi3:0000000000000000;qd:00;rssi4:0000000000000000;qd:00

        {RSSI 信息解析}: 
[2015-12-14 15:55:36]: rssi:OBU:0004610400000092;rssi1:0004640100000016;qd:B4;rssi2:0000000000000000;qd:00;rssi3:0000000000000000;qd:00;rssi4:0000000000000000;qd:00

        {RSSI 信息解析}: 
[2015-12-14 15:55:40]: rssi:OBU:0004610400000092;rssi1:0004640100000016;qd:B5;rssi2:0004640100000012;qd:B5;rssi3:0004640100000017;qd:AB;rssi4:0000000000000000;qd:00

        {RSSI 信息解析}: 
[2015-12-14 15:55:46]: rssi:OBU:0004610400000092;rssi1:0004640100000016;qd:B4;rssi2:0004640100000017;qd:AB;rssi3:0004640100000014;qd:AC;rssi4:0004640100000012;qd:B4

        {RSSI 信息解析}: 
[2015-12-14 15:55:49]: rssi:OBU:0004610400000092;rssi1:0004640100000016;qd:B0;rssi2:0000000000000000;qd:00;rssi3:0000000000000000;qd:00;rssi4:0000000000000000;qd:00

        {RSSI 信息解析}: 
[2015-12-14 15:55:51]: rssi:OBU:0004610400000092;rssi1:0004640100000016;qd:B1;rssi2:0000000000000000;qd:00;rssi3:0000000000000000;qd:00;rssi4:0000000000000000;qd:00

        {RSSI 信息解析}: 
[2015-12-14 15:55:53]: rssi:OBU:0004610400000092;rssi1:0004640100000017;qd:AD;rssi2:0000000000000000;qd:00;rssi3:0000000000000000;qd:00;rssi4:0000000000000000;qd:00

        {RSSI 信息解析}: 
[2015-12-14 15:55:54]: rssi:OBU:0004610400000092;rssi1:0004640100000016;qd:B4;rssi2:0004640100000015;qd:A2;rssi3:0004640100000017;qd:A8;rssi4:0000000000000000;qd:00

        {RSSI 信息解析}: 
[2015-12-14 15:55:56]: rssi:OBU:0004610400000092;rssi1:0004640100000018;qd:A4;rssi2:0000000000000000;qd:00;rssi3:0000000000000000;qd:00;rssi4:0000000000000000;qd:00

        {RSSI 信息解析}: 
[2015-12-14 15:55:57]: rssi:OBU:0004610400000092;rssi1:0004640100000016;qd:B5;rssi2:0004640100000017;qd:AB;rssi3:0000000000000000;qd:00;rssi4:0000000000000000;qd:00

        {RSSI 信息解析}: 
[2015-12-14 15:55:59]: rssi:OBU:0004610400000092;rssi1:0004640100000016;qd:B5;rssi2:0004640100000017;qd:AB;rssi3:0000000000000000;qd:00;rssi4:0000000000000000;qd:00

        {RSSI 信息解析}: 
[2015-12-14 15:56:01]: rssi:OBU:0004610400000092;rssi1:0004640100000016;qd:B4;rssi2:0004640100000017;qd:A9;rssi3:0000000000000000;qd:00;rssi4:0000000000000000;qd:00

        {RSSI 信息解析}: 
[2015-12-14 15:56:02]: rssi:OBU:0004610400000092;rssi1:0004640100000016;qd:B4;rssi2:0000000000000000;qd:00;rssi3:0000000000000000;qd:00;rssi4:0000000000000000;qd:00

        {RSSI 信息解析}: 
[2015-12-14 15:56:04]: rssi:OBU:0004610400000092;rssi1:0004640100000016;qd:B5;rssi2:0000000000000000;qd:00;rssi3:0000000000000000;qd:00;rssi4:0000000000000000;qd:00

        {RSSI 信息解析}: 
[2015-12-14 15:56:10]: rssi:OBU:0004610400000092;rssi1:0004640100000016;qd:B5;rssi2:0000000000000000;qd:00;rssi3:0000000000000000;qd:00;rssi4:0000000000000000;qd:00

[2015-12-14 15:56:14]:OBU信息帧 OBU:0004610400000092;CardID:0000000000000000;Other info:66666666
[2015-12-14 15:56:14]:{进站!}
        {RSSI 信息解析}: 
[2015-12-14 15:56:16]: rssi:OBU:0004610400000092;rssi1:0004640100000016;qd:B3;rssi2:0004640100000015;qd:A1;rssi3:0000000000000000;qd:00;rssi4:0000000000000000;qd:00

        {RSSI 信息解析}: 
[2015-12-14 15:56:18]: rssi:OBU:0004610400000092;rssi1:0004640100000016;qd:B4;rssi2:0004640100000012;qd:B3;rssi3:0000000000000000;qd:00;rssi4:0000000000000000;qd:00

[2015-12-14 15:56:18]:OBU信息帧 OBU:0004610400000092;CardID:0000000000000000;Other info:66666666
        {RSSI 信息解析}: 
[2015-12-14 15:56:23]: rssi:OBU:0004610400000092;rssi1:0004640100000016;qd:B3;rssi2:0004640100000015;qd:A2;rssi3:0000000000000000;qd:00;rssi4:0000000000000000;qd:00

        {RSSI 信息解析}: 
[2015-12-14 15:56:25]: rssi:OBU:0004610400000092;rssi1:0004640100000016;qd:B3;rssi2:0004640100000015;qd:A2;rssi3:0000000000000000;qd:00;rssi4:0000000000000000;qd:00

        {RSSI 信息解析}: 
[2015-12-14 15:56:28]: rssi:OBU:0004610400000092;rssi1:0004640100000016;qd:B4;rssi2:0004640100000011;qd:AB;rssi3:0000000000000000;qd:00;rssi4:0000000000000000;qd:00

[2015-12-14 15:56:28]:OBU信息帧 OBU:0004610400000092;CardID:0000000000000000;Other info:66666666
[2015-12-14 15:56:35]:OBU信息帧 OBU:0004610400000092;CardID:0000000000000000;Other info:66666666
        {RSSI 信息解析}: 
[2015-12-14 15:56:38]: rssi:OBU:0004610400000092;rssi1:0004640100000016;qd:B3;rssi2:0004640100000012;qd:B1;rssi3:0000000000000000;qd:00;rssi4:0000000000000000;qd:00

        {RSSI 信息解析}: 
[2015-12-14 15:56:39]: rssi:OBU:0004610400000092;rssi1:0004640100000016;qd:B4;rssi2:0000000000000000;qd:00;rssi3:0000000000000000;qd:00;rssi4:0000000000000000;qd:00

        {RSSI 信息解析}: 
[2015-12-14 15:56:41]: rssi:OBU:0004610400000092;rssi1:0004640100000016;qd:B3;rssi2:0000000000000000;qd:00;rssi3:0000000000000000;qd:00;rssi4:0000000000000000;qd:00

[2015-12-14 15:56:41]:OBU信息帧 OBU:0004610400000092;CardID:0000000000000000;Other info:66666666
        {RSSI 信息解析}: 
[2015-12-14 15:56:46]: rssi:OBU:0004610400000092;rssi1:0004640100000016;qd:B4;rssi2:0000000000000000;qd:00;rssi3:0000000000000000;qd:00;rssi4:0000000000000000;qd:00

        {RSSI 信息解析}: 
[2015-12-14 15:56:47]: rssi:OBU:0004610400000092;rssi1:0004640100000016;qd:B3;rssi2:0000000000000000;qd:00;rssi3:0000000000000000;qd:00;rssi4:0000000000000000;qd:00

        {RSSI 信息解析}: 
[2015-12-14 15:56:50]: rssi:OBU:0004610400000092;rssi1:0004640100000016;qd:B3;rssi2:0004640100000015;qd:A0;rssi3:0000000000000000;qd:00;rssi4:0000000000000000;qd:00

        {RSSI 信息解析}: 
[2015-12-14 15:56:53]: rssi:OBU:0004610400000092;rssi1:0004640100000016;qd:B4;rssi2:0004640100000014;qd:AD;rssi3:0000000000000000;qd:00;rssi4:0000000000000000;qd:00

        {RSSI 信息解析}: 
[2015-12-14 15:56:55]: rssi:OBU:0004610400000092;rssi1:0004640100000016;qd:B4;rssi2:0000000000000000;qd:00;rssi3:0000000000000000;qd:00;rssi4:0000000000000000;qd:00

        {RSSI 信息解析}: 
[2015-12-14 15:57:00]: rssi:OBU:0004610400000092;rssi1:0004640100000016;qd:B3;rssi2:0004640100000011;qd:A5;rssi3:0004640100000012;qd:B1;rssi4:0004640100000014;qd:AD

        {RSSI 信息解析}: 
[2015-12-14 15:57:01]: rssi:OBU:0004610400000092;rssi1:0004640100000016;qd:B3;rssi2:0000000000000000;qd:00;rssi3:0000000000000000;qd:00;rssi4:0000000000000000;qd:00

        {RSSI 信息解析}: 
[2015-12-14 15:57:03]: rssi:OBU:0004610400000092;rssi1:0004640100000016;qd:B4;rssi2:0004640100000014;qd:AE;rssi3:0000000000000000;qd:00;rssi4:0000000000000000;qd:00

        {RSSI 信息解析}: 
[2015-12-14 15:57:04]: rssi:OBU:0004610400000092;rssi1:0004640100000016;qd:B4;rssi2:0000000000000000;qd:00;rssi3:0000000000000000;qd:00;rssi4:0000000000000000;qd:00

        {RSSI 信息解析}: 
[2015-12-14 15:57:06]: rssi:OBU:0004610400000092;rssi1:0004640100000016;qd:B4;rssi2:0000000000000000;qd:00;rssi3:0000000000000000;qd:00;rssi4:0000000000000000;qd:00

[2015-12-14 15:57:08]:OBU=0004610400000092
[2015-12-14 15:57:08]:POS=0105
        {RSSI 信息解析}: 
[2015-12-14 15:57:08]: rssi:OBU:0004610400000092;rssi1:0004640100000016;qd:B4;rssi2:0000000000000000;qd:00;rssi3:0000000000000000;qd:00;rssi4:0000000000000000;qd:00

        {RSSI 信息解析}: 
[2015-12-14 15:57:09]: rssi:OBU:0004610400000092;rssi1:0004640100000016;qd:B3;rssi2:0000000000000000;qd:00;rssi3:0000000000000000;qd:00;rssi4:0000000000000000;qd:00

        {RSSI 信息解析}: 
[2015-12-14 15:57:11]: rssi:OBU:0004610400000092;rssi1:0004640100000016;qd:B4;rssi2:0000000000000000;qd:00;rssi3:0000000000000000;qd:00;rssi4:0000000000000000;qd:00

        {RSSI 信息解析}: 
[2015-12-14 15:57:13]: rssi:OBU:0004610400000092;rssi1:0004640100000016;qd:B6;rssi2:0000000000000000;qd:00;rssi3:0000000000000000;qd:00;rssi4:0000000000000000;qd:00

        {RSSI 信息解析}: 
[2015-12-14 15:57:14]: rssi:OBU:0004610400000092;rssi1:0004640100000016;qd:B5;rssi2:0004640100000011;qd:A8;rssi3:0000000000000000;qd:00;rssi4:0000000000000000;qd:00

        {RSSI 信息解析}: 
[2015-12-14 15:57:16]: rssi:OBU:0004610400000092;rssi1:0004640100000016;qd:B5;rssi2:0000000000000000;qd:00;rssi3:0000000000000000;qd:00;rssi4:0000000000000000;qd:00

        {RSSI 信息解析}: 
[2015-12-14 15:57:18]: rssi:OBU:0004610400000092;rssi1:0004640100000016;qd:B5;rssi2:0000000000000000;qd:00;rssi3:0000000000000000;qd:00;rssi4:0000000000000000;qd:00

        {RSSI 信息解析}: 
[2015-12-14 15:57:19]: rssi:OBU:0004610400000092;rssi1:0004640100000016;qd:B5;rssi2:0000000000000000;qd:00;rssi3:0000000000000000;qd:00;rssi4:0000000000000000;qd:00

        {RSSI 信息解析}: 
[2015-12-14 15:57:21]: rssi:OBU:0004610400000092;rssi1:0004640100000016;qd:B3;rssi2:0000000000000000;qd:00;rssi3:0000000000000000;qd:00;rssi4:0000000000000000;qd:00

[2015-12-14 15:57:23]:OBU=0004610400000092
[2015-12-14 15:57:23]:POS=0105
        {RSSI 信息解析}: 
[2015-12-14 15:57:25]: rssi:OBU:0004610400000092;rssi1:0004640100000016;qd:B2;rssi2:0004640100000015;qd:A1;rssi3:0004640100000011;qd:A6;rssi4:0000000000000000;qd:00

        {RSSI 信息解析}: 
[2015-12-14 15:57:25]: rssi:OBU:0004610400000092;rssi1:0004640100000016;qd:B2;rssi2:0004640100000015;qd:A1;rssi3:0004640100000011;qd:A6;rssi4:0000000000000000;qd:00

        {RSSI 信息解析}: 
[2015-12-14 15:57:25]: rssi:OBU:0004610400000092;rssi1:0004640100000016;qd:B2;rssi2:0004640100000015;qd:A1;rssi3:0004640100000011;qd:A6;rssi4:0000000000000000;qd:00

[2015-12-14 15:57:29]:OBU信息帧 OBU:0004610400000092;CardID:0000000000000000;Other info:66666666
        {RSSI 信息解析}: 
[2015-12-14 15:57:29]: rssi:OBU:0004610400000092;rssi1:0004640100000016;qd:B2;rssi2:0004640100000015;qd:A3;rssi3:0000000000000000;qd:00;rssi4:0000000000000000;qd:00

        {RSSI 信息解析}: 
[2015-12-14 15:57:32]: rssi:OBU:0004610400000092;rssi1:0004640100000016;qd:B2;rssi2:0004640100000015;qd:A3;rssi3:0004640100000014;qd:AB;rssi4:0004640100000012;qd:B3

        {RSSI 信息解析}: 
[2015-12-14 15:57:34]: rssi:OBU:0004610400000092;rssi1:0004640100000016;qd:B2;rssi2:0004640100000015;qd:A3;rssi3:0004640100000014;qd:AD;rssi4:0000000000000000;qd:00

[2015-12-14 15:57:38]:OBU=0004610400000092
[2015-12-14 15:57:38]:POS=0138
        {RSSI 信息解析}: 
[2015-12-14 15:57:39]: rssi:OBU:0004610400000092;rssi1:0004640100000016;qd:B3;rssi2:0004640100000015;qd:A1;rssi3:0004640100000012;qd:B3;rssi4:0004640100000014;qd:AB

        {RSSI 信息解析}: 
[2015-12-14 15:57:44]: rssi:OBU:0004610400000092;rssi1:0004640100000016;qd:B2;rssi2:0004640100000012;qd:B2;rssi3:0004640100000015;qd:A2;rssi4:0000000000000000;qd:00

        {RSSI 信息解析}: 
[2015-12-14 15:57:45]: rssi:OBU:0004610400000092;rssi1:0004640100000016;qd:B2;rssi2:0000000000000000;qd:00;rssi3:0000000000000000;qd:00;rssi4:0000000000000000;qd:00

        {RSSI 信息解析}: 
[2015-12-14 15:57:46]: rssi:OBU:0004610400000092;rssi1:0004640100000016;qd:B2;rssi2:0000000000000000;qd:00;rssi3:0000000000000000;qd:00;rssi4:0000000000000000;qd:00

        {RSSI 信息解析}: 
[2015-12-14 15:57:52]: rssi:OBU:0004610400000092;rssi1:0004640100000016;qd:B2;rssi2:0000000000000000;qd:00;rssi3:0000000000000000;qd:00;rssi4:0000000000000000;qd:00

        {RSSI 信息解析}: 
[2015-12-14 15:57:53]: rssi:OBU:0004610400000092;rssi1:0004640100000016;qd:B3;rssi2:0000000000000000;qd:00;rssi3:0000000000000000;qd:00;rssi4:0000000000000000;qd:00

[2015-12-14 15:57:53]:OBU=0004610400000092
[2015-12-14 15:57:53]:POS=0105
        {RSSI 信息解析}: 
[2015-12-14 15:57:54]: rssi:OBU:0004610400000092;rssi1:0004640100000016;qd:B3;rssi2:0000000000000000;qd:00;rssi3:0000000000000000;qd:00;rssi4:0000000000000000;qd:00

        {RSSI 信息解析}: 
[2015-12-14 15:57:56]: rssi:OBU:0004610400000092;rssi1:0004640100000016;qd:B2;rssi2:0000000000000000;qd:00;rssi3:0000000000000000;qd:00;rssi4:0000000000000000;qd:00

        {RSSI 信息解析}: 
[2015-12-14 15:57:59]: rssi:OBU:0004610400000092;rssi1:0004640100000016;qd:B3;rssi2:0004640100000015;qd:A0;rssi3:0000000000000000;qd:00;rssi4:0000000000000000;qd:00

        {RSSI 信息解析}: 
[2015-12-14 15:58:02]: rssi:OBU:0004610400000092;rssi1:0004640100000016;qd:B3;rssi2:0000000000000000;qd:00;rssi3:0000000000000000;qd:00;rssi4:0000000000000000;qd:00

        {RSSI 信息解析}: 
[2015-12-14 15:58:04]: rssi:OBU:0004610400000092;rssi1:0004640100000016;qd:B3;rssi2:0004640100000011;qd:AA;rssi3:0004640100000017;qd:A2;rssi4:0000000000000000;qd:00

        {RSSI 信息解析}: 
[2015-12-14 15:58:06]: rssi:OBU:0004610400000092;rssi1:0004640100000016;qd:B3;rssi2:0004640100000011;qd:A7;rssi3:0000000000000000;qd:00;rssi4:0000000000000000;qd:00

        {RSSI 信息解析}: 
[2015-12-14 15:58:07]: rssi:OBU:0004610400000092;rssi1:0004640100000016;qd:B2;rssi2:0000000000000000;qd:00;rssi3:0000000000000000;qd:00;rssi4:0000000000000000;qd:00

        {RSSI 信息解析}: 
[2015-12-14 15:58:10]: rssi:OBU:0004610400000092;rssi1:0004640100000016;qd:B3;rssi2:0004640100000015;qd:A4;rssi3:0004640100000011;qd:A8;rssi4:0004640100000012;qd:B3

        {RSSI 信息解析}: 
[2015-12-14 15:58:12]: rssi:OBU:0004610400000092;rssi1:0004640100000016;qd:B3;rssi2:0004640100000012;qd:B2;rssi3:0000000000000000;qd:00;rssi4:0000000000000000;qd:00

        {RSSI 信息解析}: 
[2015-12-14 15:58:14]: rssi:OBU:0004610400000092;rssi1:0004640100000016;qd:B2;rssi2:0004640100000017;qd:A5;rssi3:0000000000000000;qd:00;rssi4:0000000000000000;qd:00

        {RSSI 信息解析}: 
[2015-12-14 15:58:15]: rssi:OBU:0004610400000092;rssi1:0004640100000016;qd:B2;rssi2:0000000000000000;qd:00;rssi3:0000000000000000;qd:00;rssi4:0000000000000000;qd:00

        {RSSI 信息解析}: 
[2015-12-14 15:58:17]: rssi:OBU:0004610400000092;rssi1:0004640100000016;qd:B4;rssi2:0000000000000000;qd:00;rssi3:0000000000000000;qd:00;rssi4:0000000000000000;qd:00

        {RSSI 信息解析}: 
[2015-12-14 15:58:19]: rssi:OBU:0004610400000092;rssi1:0004640100000016;qd:B2;rssi2:0000000000000000;qd:00;rssi3:0000000000000000;qd:00;rssi4:0000000000000000;qd:00

        {RSSI 信息解析}: 
[2015-12-14 15:58:20]: rssi:OBU:0004610400000092;rssi1:0004640100000016;qd:B3;rssi2:0000000000000000;qd:00;rssi3:0000000000000000;qd:00;rssi4:0000000000000000;qd:00

        {RSSI 信息解析}: 
[2015-12-14 15:58:23]: rssi:OBU:0004610400000092;rssi1:0004640100000016;qd:B1;rssi2:0004640100000011;qd:A5;rssi3:0004640100000015;qd:A3;rssi4:0000000000000000;qd:00

        {RSSI 信息解析}: 
[2015-12-14 15:58:26]: rssi:OBU:0004610400000092;rssi1:0004640100000016;qd:B3;rssi2:0004640100000015;qd:A2;rssi3:0004640100000012;qd:B2;rssi4:0004640100000011;qd:A9

        {RSSI 信息解析}: 
[2015-12-14 15:58:28]: rssi:OBU:0004610400000092;rssi1:0004640100000016;qd:B1;rssi2:0000000000000000;qd:00;rssi3:0000000000000000;qd:00;rssi4:0000000000000000;qd:00

[2015-12-14 15:58:29]:OBU信息帧 OBU:0004610400000092;CardID:0000000000000000;Other info:66666666
        {RSSI 信息解析}: 
[2015-12-14 15:58:31]: rssi:OBU:0004610400000092;rssi1:0004640100000016;qd:B2;rssi2:0004640100000011;qd:A9;rssi3:0004640100000014;qd:AC;rssi4:0004640100000012;qd:B2

        {RSSI 信息解析}: 
[2015-12-14 15:58:32]: rssi:OBU:0004610400000092;rssi1:0004640100000012;qd:B2;rssi2:0004640100000015;qd:A3;rssi3:0000000000000000;qd:00;rssi4:0000000000000000;qd:00

        {RSSI 信息解析}: 
[2015-12-14 15:58:34]: rssi:OBU:0004610400000092;rssi1:0004640100000016;qd:B1;rssi2:0000000000000000;qd:00;rssi3:0000000000000000;qd:00;rssi4:0000000000000000;qd:00

        {RSSI 信息解析}: 
[2015-12-14 15:58:37]: rssi:OBU:0004610400000092;rssi1:0004640100000012;qd:B3;rssi2:0004640100000016;qd:B1;rssi3:0004640100000015;qd:A3;rssi4:0000000000000000;qd:00

        {RSSI 信息解析}: 
[2015-12-14 15:58:38]: rssi:OBU:0004610400000092;rssi1:0004640100000012;qd:B3;rssi2:0004640100000016;qd:B1;rssi3:0004640100000015;qd:A3;rssi4:0000000000000000;qd:00

        {RSSI 信息解析}: 
[2015-12-14 15:58:39]: rssi:OBU:0004610400000092;rssi1:0004640100000016;qd:B1;rssi2:0004640100000011;qd:A9;rssi3:0004640100000015;qd:A2;rssi4:0000000000000000;qd:00

        {RSSI 信息解析}: 
[2015-12-14 15:58:42]: rssi:OBU:0004610400000092;rssi1:0004640100000012;qd:B3;rssi2:0004640100000016;qd:B2;rssi3:0004640100000011;qd:A7;rssi4:0004640100000015;qd:A3

        {RSSI 信息解析}: 
[2015-12-14 15:58:43]: rssi:OBU:0004610400000092;rssi1:0004640100000016;qd:B2;rssi2:0000000000000000;qd:00;rssi3:0000000000000000;qd:00;rssi4:0000000000000000;qd:00

        {RSSI 信息解析}: 
[2015-12-14 15:58:45]: rssi:OBU:0004610400000092;rssi1:0004640100000016;qd:B2;rssi2:0000000000000000;qd:00;rssi3:0000000000000000;qd:00;rssi4:0000000000000000;qd:00

        {RSSI 信息解析}: 
[2015-12-14 15:58:49]: rssi:OBU:0004610400000092;rssi1:0004640100000016;qd:B2;rssi2:0004640100000011;qd:AB;rssi3:0004640100000017;qd:A4;rssi4:0000000000000000;qd:00

        {RSSI 信息解析}: 
[2015-12-14 15:58:51]: rssi:OBU:0004610400000092;rssi1:0004640100000016;qd:B2;rssi2:0004640100000015;qd:A1;rssi3:0004640100000011;qd:A9;rssi4:0000000000000000;qd:00

        {RSSI 信息解析}: 
[2015-12-14 15:58:53]: rssi:OBU:0004610400000092;rssi1:0004640100000016;qd:B2;rssi2:0004640100000014;qd:A9;rssi3:0000000000000000;qd:00;rssi4:0000000000000000;qd:00

[2015-12-14 15:58:53]:OBU=0004610400000092
[2015-12-14 15:58:53]:POS=0105
        {RSSI 信息解析}: 
[2015-12-14 15:58:57]: rssi:OBU:0004610400000092;rssi1:0004640100000016;qd:B2;rssi2:0000000000000000;qd:00;rssi3:0000000000000000;qd:00;rssi4:0000000000000000;qd:00

        {RSSI 信息解析}: 
[2015-12-14 15:58:58]: rssi:OBU:0004610400000092;rssi1:0004640100000016;qd:B3;rssi2:0000000000000000;qd:00;rssi3:0000000000000000;qd:00;rssi4:0000000000000000;qd:00

        {RSSI 信息解析}: 
[2015-12-14 15:59:00]: rssi:OBU:0004610400000092;rssi1:0004640100000016;qd:B2;rssi2:0004640100000011;qd:A8;rssi3:0000000000000000;qd:00;rssi4:0000000000000000;qd:00

        {RSSI 信息解析}: 
[2015-12-14 15:59:01]: rssi:OBU:0004610400000092;rssi1:0004640100000016;qd:B2;rssi2:0000000000000000;qd:00;rssi3:0000000000000000;qd:00;rssi4:0000000000000000;qd:00

        {RSSI 信息解析}: 
[2015-12-14 15:59:04]: rssi:OBU:0004610400000092;rssi1:0004640100000012;qd:B2;rssi2:0004640100000016;qd:B2;rssi3:0004640100000011;qd:A8;rssi4:0004640100000015;qd:A1

        {RSSI 信息解析}: 
[2015-12-14 15:59:04]: rssi:OBU:0004610400000092;rssi1:0004640100000012;qd:B2;rssi2:0004640100000016;qd:B2;rssi3:0004640100000011;qd:A8;rssi4:0004640100000015;qd:A1

        {RSSI 信息解析}: 
[2015-12-14 15:59:06]: rssi:OBU:0004610400000092;rssi1:0004640100000016;qd:B2;rssi2:0004640100000011;qd:AA;rssi3:0004640100000015;qd:A1;rssi4:0000000000000000;qd:00

        {RSSI 信息解析}: 
[2015-12-14 15:59:08]: rssi:OBU:0004610400000092;rssi1:0004640100000016;qd:B2;rssi2:0004640100000015;qd:A1;rssi3:0004640100000011;qd:A8;rssi4:0000000000000000;qd:00

[2015-12-14 15:59:09]:OBU=0004610400000092
[2015-12-14 15:59:09]:POS=0138
        {RSSI 信息解析}: 
[2015-12-14 15:59:09]: rssi:OBU:0004610400000092;rssi1:0004640100000016;qd:B2;rssi2:0004640100000011;qd:A7;rssi3:0004640100000015;qd:A1;rssi4:0000000000000000;qd:00

        {RSSI 信息解析}: 
[2015-12-14 15:59:12]: rssi:OBU:0004610400000092;rssi1:0004640100000016;qd:B2;rssi2:0004640100000011;qd:A8;rssi3:0004640100000015;qd:A2;rssi4:0000000000000000;qd:00

        {RSSI 信息解析}: 
[2015-12-14 15:59:15]: rssi:OBU:0004610400000092;rssi1:0004640100000016;qd:B2;rssi2:0004640100000017;qd:A3;rssi3:0000000000000000;qd:00;rssi4:0000000000000000;qd:00

        {RSSI 信息解析}: 
[2015-12-14 15:59:18]: rssi:OBU:0004610400000092;rssi1:0004640100000016;qd:B2;rssi2:0004640100000011;qd:A5;rssi3:0004640100000015;qd:A2;rssi4:0000000000000000;qd:00

        {RSSI 信息解析}: 
[2015-12-14 15:59:21]: rssi:OBU:0004610400000092;rssi1:0004640100000016;qd:B2;rssi2:0004640100000018;qd:A7;rssi3:0004640100000015;qd:A1;rssi4:0004640100000011;qd:A7

        {RSSI 信息解析}: 
[2015-12-14 15:59:25]: rssi:OBU:0004610400000092;rssi1:0004640100000016;qd:B2;rssi2:0004640100000011;qd:A7;rssi3:0004640100000015;qd:A1;rssi4:0000000000000000;qd:00

        {RSSI 信息解析}: 
[2015-12-14 15:59:27]: rssi:OBU:0004610400000092;rssi1:0004640100000016;qd:B2;rssi2:0004640100000015;qd:A2;rssi3:0004640100000011;qd:A5;rssi4:0000000000000000;qd:00

[2015-12-14 15:59:29]:OBU信息帧 OBU:0004610400000092;CardID:0000000000000000;Other info:66666666
[2015-12-14 15:59:29]:{出站!}
        {RSSI 信息解析}: 
[2015-12-14 15:59:30]: rssi:OBU:0004610400000092;rssi1:0004640100000016;qd:B2;rssi2:0004640100000015;qd:A3;rssi3:0004640100000011;qd:A9;rssi4:0000000000000000;qd:00

        {RSSI 信息解析}: 
[2015-12-14 15:59:32]: rssi:OBU:0004610400000092;rssi1:0004640100000016;qd:B1;rssi2:0004640100000017;qd:A3;rssi3:0004640100000015;qd:A3;rssi4:0000000000000000;qd:00

        {RSSI 信息解析}: 
[2015-12-14 15:59:33]: rssi:OBU:0004610400000092;rssi1:0004640100000016;qd:B2;rssi2:0004640100000015;qd:A3;rssi3:0004640100000011;qd:A8;rssi4:0000000000000000;qd:00

        {RSSI 信息解析}: 
[2015-12-14 15:59:35]: rssi:OBU:0004610400000092;rssi1:0004640100000016;qd:B3;rssi2:0004640100000012;qd:B4;rssi3:0000000000000000;qd:00;rssi4:0000000000000000;qd:00

[2015-12-14 15:59:39]:OBU=0004610400000092
[2015-12-14 15:59:39]:POS=0138
        {RSSI 信息解析}: 
[2015-12-14 15:59:43]: rssi:OBU:0004610400000092;rssi1:0004640100000012;qd:B5;rssi2:0000000000000000;qd:00;rssi3:0000000000000000;qd:00;rssi4:0000000000000000;qd:00

        {RSSI 信息解析}: 
[2015-12-14 15:59:57]: rssi:OBU:0004610400000092;rssi1:0004640100000012;qd:B3;rssi2:0000000000000000;qd:00;rssi3:0000000000000000;qd:00;rssi4:0000000000000000;qd:00

        {RSSI 信息解析}: 
[2015-12-14 16:00:02]: rssi:OBU:0004610400000092;rssi1:0004640100000012;qd:B5;rssi2:0000000000000000;qd:00;rssi3:0000000000000000;qd:00;rssi4:0000000000000000;qd:00

        {RSSI 信息解析}: 
[2015-12-14 16:00:06]: rssi:OBU:0004610400000092;rssi1:0004640100000012;qd:B4;rssi2:0000000000000000;qd:00;rssi3:0000000000000000;qd:00;rssi4:0000000000000000;qd:00

        {RSSI 信息解析}: 
[2015-12-14 16:00:12]: rssi:OBU:0004610400000092;rssi1:0004640100000012;qd:B2;rssi2:0000000000000000;qd:00;rssi3:0000000000000000;qd:00;rssi4:0000000000000000;qd:00

