        {RSSI 信息解析}: 
[2015-12-14 18:00:28]: rssi:OBU:0004610400000094;rssi1:0004640100000016;qd:B0;rssi2:0004640100000011;qd:AE;rssi3:0004640100000017;qd:A3;rssi4:0000000000000000;qd:00

        {RSSI 信息解析}: 
[2015-12-14 18:00:30]: rssi:OBU:0004610400000094;rssi1:0004640100000011;qd:AF;rssi2:0004640100000017;qd:A3;rssi3:0004640100000016;qd:B1;rssi4:0000000000000000;qd:00

        {RSSI 信息解析}: 
[2015-12-14 18:00:32]: rssi:OBU:0004610400000094;rssi1:0004640100000011;qd:AF;rssi2:0004640100000017;qd:A3;rssi3:0000000000000000;qd:00;rssi4:0000000000000000;qd:00

        {RSSI 信息解析}: 
[2015-12-14 18:00:34]: rssi:OBU:0004610400000094;rssi1:0004640100000016;qd:B0;rssi2:0004640100000017;qd:A3;rssi3:0004640100000011;qd:AF;rssi4:0000000000000000;qd:00

        {RSSI 信息解析}: 
[2015-12-14 18:00:36]: rssi:OBU:0004610400000094;rssi1:0004640100000016;qd:B1;rssi2:0004640100000017;qd:A3;rssi3:0000000000000000;qd:00;rssi4:0000000000000000;qd:00

        {RSSI 信息解析}: 
[2015-12-14 18:00:40]: rssi:OBU:0004610400000094;rssi1:0004640100000016;qd:B0;rssi2:0004640100000017;qd:A5;rssi3:0000000000000000;qd:00;rssi4:0000000000000000;qd:00

        {RSSI 信息解析}: 
[2015-12-14 18:00:45]: rssi:OBU:0004610400000094;rssi1:0004640100000016;qd:B2;rssi2:0004640100000017;qd:A4;rssi3:0004640100000011;qd:AE;rssi4:0000000000000000;qd:00

        {RSSI 信息解析}: 
[2015-12-14 18:00:48]: rssi:OBU:0004610400000094;rssi1:0004640100000016;qd:B1;rssi2:0004640100000017;qd:A3;rssi3:0000000000000000;qd:00;rssi4:0000000000000000;qd:00

[2015-12-14 18:00:50]:OBU信息帧 OBU:0004610400000067;CardID:0000000000000000;Other info:66666666
        {RSSI 信息解析}: 
[2015-12-14 18:00:52]: rssi:OBU:0004610400000094;rssi1:0004640100000016;qd:B0;rssi2:0004640100000011;qd:AE;rssi3:0000000000000000;qd:00;rssi4:0000000000000000;qd:00

        {RSSI 信息解析}: 
[2015-12-14 18:00:54]: rssi:OBU:0004610400000094;rssi1:0004640100000016;qd:B1;rssi2:0004640100000017;qd:A4;rssi3:0000000000000000;qd:00;rssi4:0000000000000000;qd:00

        {RSSI 信息解析}: 
[2015-12-14 18:00:55]: rssi:OBU:0004610400000067;rssi1:0004640100000011;qd:AF;rssi2:0004640100000016;qd:AB;rssi3:0004640100000017;qd:A7;rssi4:0000000000000000;qd:00

        {RSSI 信息解析}: 
[2015-12-14 18:00:57]: rssi:OBU:0004610400000094;rssi1:0004640100000016;qd:AF;rssi2:0004640100000011;qd:AB;rssi3:0004640100000012;qd:A5;rssi4:0004640100000015;qd:A1

        {RSSI 信息解析}: 
[2015-12-14 18:01:00]: rssi:OBU:0004610400000094;rssi1:0004640100000016;qd:AE;rssi2:0004640100000011;qd:AD;rssi3:0004640100000017;qd:A2;rssi4:0000000000000000;qd:00

        {RSSI 信息解析}: 
[2015-12-14 18:01:01]: rssi:OBU:0004610400000067;rssi1:0004640100000011;qd:AF;rssi2:0004640100000014;qd:B1;rssi3:0004640100000016;qd:AD;rssi4:0004640100000017;qd:A8

        {RSSI 信息解析}: 
[2015-12-14 18:01:04]: rssi:OBU:0004610400000094;rssi1:0004640100000016;qd:AE;rssi2:0000000000000000;qd:00;rssi3:0000000000000000;qd:00;rssi4:0000000000000000;qd:00

        {RSSI 信息解析}: 
[2015-12-14 18:01:05]: rssi:OBU:0004610400000094;rssi1:0004640100000016;qd:AD;rssi2:0004640100000017;qd:A3;rssi3:0004640100000011;qd:AC;rssi4:0000000000000000;qd:00

        {RSSI 信息解析}: 
[2015-12-14 18:01:06]: rssi:OBU:0004610400000067;rssi1:0004640100000011;qd:AD;rssi2:0004640100000016;qd:AC;rssi3:0004640100000017;qd:A7;rssi4:0000000000000000;qd:00

[2015-12-14 18:01:07]:OBU信息帧 OBU:0004610400000067;CardID:0000000000000000;Other info:66666666
        {RSSI 信息解析}: 
[2015-12-14 18:01:07]: rssi:OBU:0004610400000094;rssi1:0004640100000016;qd:AF;rssi2:0004640100000011;qd:AB;rssi3:0004640100000015;qd:A0;rssi4:0000000000000000;qd:00

        {RSSI 信息解析}: 
[2015-12-14 18:01:10]: rssi:OBU:0004610400000094;rssi1:0004640100000016;qd:AE;rssi2:0004640100000011;qd:AC;rssi3:0004640100000017;qd:A2;rssi4:0000000000000000;qd:00

        {RSSI 信息解析}: 
[2015-12-14 18:01:11]: rssi:OBU:0004610400000067;rssi1:0004640100000016;qd:AD;rssi2:0004640100000011;qd:AF;rssi3:0004640100000017;qd:A8;rssi4:0000000000000000;qd:00

        {RSSI 信息解析}: 
[2015-12-14 18:01:12]: rssi:OBU:0004610400000094;rssi1:0004640100000016;qd:AD;rssi2:0004640100000011;qd:AA;rssi3:0004640100000017;qd:A4;rssi4:0000000000000000;qd:00

        {RSSI 信息解析}: 
[2015-12-14 18:01:15]: rssi:OBU:0004610400000094;rssi1:0004640100000016;qd:AF;rssi2:0004640100000011;qd:AC;rssi3:0004640100000012;qd:A4;rssi4:0004640100000017;qd:A3

        {RSSI 信息解析}: 
[2015-12-14 18:01:15]: rssi:OBU:0004610400000067;rssi1:0004640100000011;qd:AE;rssi2:0004640100000016;qd:AB;rssi3:0004640100000014;qd:B1;rssi4:0000000000000000;qd:00

        {RSSI 信息解析}: 
[2015-12-14 18:01:18]: rssi:OBU:0004610400000094;rssi1:0004640100000016;qd:AD;rssi2:0004640100000011;qd:AC;rssi3:0000000000000000;qd:00;rssi4:0000000000000000;qd:00

[2015-12-14 18:01:19]:OBU信息帧 OBU:0004610400000094;CardID:0000000000000000;Other info:66666666
        {RSSI 信息解析}: 
[2015-12-14 18:01:23]: rssi:OBU:0004610400000094;rssi1:0004640100000016;qd:AC;rssi2:0004640100000011;qd:AD;rssi3:0000000000000000;qd:00;rssi4:0000000000000000;qd:00

        {RSSI 信息解析}: 
[2015-12-14 18:01:24]: rssi:OBU:0004610400000067;rssi1:0004640100000011;qd:AF;rssi2:0004640100000016;qd:AD;rssi3:0004640100000014;qd:B0;rssi4:0004640100000018;qd:A7

        {RSSI 信息解析}: 
[2015-12-14 18:01:26]: rssi:OBU:0004610400000094;rssi1:0004640100000016;qd:AD;rssi2:0004640100000011;qd:AD;rssi3:0000000000000000;qd:00;rssi4:0000000000000000;qd:00

        {RSSI 信息解析}: 
[2015-12-14 18:01:26]: rssi:OBU:0004610400000067;rssi1:0004640100000011;qd:AF;rssi2:0004640100000016;qd:AD;rssi3:0004640100000015;qd:A2;rssi4:0004640100000014;qd:B0

[2015-12-14 18:01:28]:OBU信息帧 OBU:0004610400000067;CardID:0000000000000000;Other info:66666666
        {RSSI 信息解析}: 
[2015-12-14 18:01:29]: rssi:OBU:0004610400000067;rssi1:0004640100000011;qd:AE;rssi2:0004640100000016;qd:AC;rssi3:0000000000000000;qd:00;rssi4:0000000000000000;qd:00

        {RSSI 信息解析}: 
[2015-12-14 18:01:30]: rssi:OBU:0004610400000094;rssi1:0004640100000016;qd:AD;rssi2:0004640100000011;qd:AB;rssi3:0000000000000000;qd:00;rssi4:0000000000000000;qd:00

        {RSSI 信息解析}: 
[2015-12-14 18:01:31]: rssi:OBU:0004610400000094;rssi1:0004640100000016;qd:AD;rssi2:0004640100000011;qd:AB;rssi3:0000000000000000;qd:00;rssi4:0000000000000000;qd:00

        {RSSI 信息解析}: 
[2015-12-14 18:01:32]: rssi:OBU:0004610400000094;rssi1:0004640100000016;qd:AE;rssi2:0004640100000011;qd:AC;rssi3:0000000000000000;qd:00;rssi4:0000000000000000;qd:00

        {RSSI 信息解析}: 
[2015-12-14 18:01:34]: rssi:OBU:0004610400000067;rssi1:0004640100000011;qd:AF;rssi2:0004640100000016;qd:AE;rssi3:0000000000000000;qd:00;rssi4:0000000000000000;qd:00

        {RSSI 信息解析}: 
[2015-12-14 18:01:34]: rssi:OBU:0004610400000094;rssi1:0004640100000016;qd:AD;rssi2:0004640100000011;qd:AC;rssi3:0000000000000000;qd:00;rssi4:0000000000000000;qd:00

        {RSSI 信息解析}: 
[2015-12-14 18:01:35]: rssi:OBU:0004610400000094;rssi1:0004640100000016;qd:B0;rssi2:0000000000000000;qd:00;rssi3:0000000000000000;qd:00;rssi4:0000000000000000;qd:00

        {RSSI 信息解析}: 
[2015-12-14 18:01:37]: rssi:OBU:0004610400000094;rssi1:0004640100000016;qd:AF;rssi2:0000000000000000;qd:00;rssi3:0000000000000000;qd:00;rssi4:0000000000000000;qd:00

        {RSSI 信息解析}: 
[2015-12-14 18:01:40]: rssi:OBU:0004610400000094;rssi1:0004640100000016;qd:AE;rssi2:0004640100000011;qd:AA;rssi3:0000000000000000;qd:00;rssi4:0000000000000000;qd:00

        {RSSI 信息解析}: 
[2015-12-14 18:01:41]: rssi:OBU:0004610400000094;rssi1:0004640100000016;qd:AE;rssi2:0004640100000011;qd:AA;rssi3:0000000000000000;qd:00;rssi4:0000000000000000;qd:00

        {RSSI 信息解析}: 
[2015-12-14 18:01:41]: rssi:OBU:0004610400000067;rssi1:0004640100000011;qd:AF;rssi2:0004640100000016;qd:AE;rssi3:0004640100000014;qd:AF;rssi4:0004640100000017;qd:A5

[2015-12-14 18:01:47]:OBU信息帧 OBU:0004610400000067;CardID:0000000000000000;Other info:66666666
[2015-12-14 18:01:58]:OBU信息帧 OBU:0004610400000094;CardID:0000000000000000;Other info:66666666
[2015-12-14 18:01:58]:{出站!}
        {RSSI 信息解析}: 
[2015-12-14 18:01:59]: rssi:OBU:0004610400000094;rssi1:0004640100000016;qd:AF;rssi2:0000000000000000;qd:00;rssi3:0000000000000000;qd:00;rssi4:0000000000000000;qd:00

        {RSSI 信息解析}: 
[2015-12-14 18:02:00]: rssi:OBU:0004610400000067;rssi1:0004640100000016;qd:AF;rssi2:0000000000000000;qd:00;rssi3:0000000000000000;qd:00;rssi4:0000000000000000;qd:00

        {RSSI 信息解析}: 
[2015-12-14 18:02:01]: rssi:OBU:0004610400000067;rssi1:0004640100000016;qd:AF;rssi2:0000000000000000;qd:00;rssi3:0000000000000000;qd:00;rssi4:0000000000000000;qd:00

        {RSSI 信息解析}: 
[2015-12-14 18:02:02]: rssi:OBU:0004610400000094;rssi1:0004640100000016;qd:AF;rssi2:0000000000000000;qd:00;rssi3:0000000000000000;qd:00;rssi4:0000000000000000;qd:00

        {RSSI 信息解析}: 
[2015-12-14 18:02:04]: rssi:OBU:0004610400000094;rssi1:0004640100000011;qd:AA;rssi2:0000000000000000;qd:00;rssi3:0000000000000000;qd:00;rssi4:0000000000000000;qd:00

        {RSSI 信息解析}: 
[2015-12-14 18:02:05]: rssi:OBU:0004610400000067;rssi1:0004640100000017;qd:A8;rssi2:0004640100000018;qd:A9;rssi3:0004640100000011;qd:AF;rssi4:0004640100000016;qd:AF

        {RSSI 信息解析}: 
[2015-12-14 18:02:06]: rssi:OBU:0004610400000094;rssi1:0004640100000016;qd:AE;rssi2:0000000000000000;qd:00;rssi3:0000000000000000;qd:00;rssi4:0000000000000000;qd:00

[2015-12-14 18:02:07]:OBU信息帧 OBU:0004610400000067;CardID:0000000000000000;Other info:66666666
        {RSSI 信息解析}: 
[2015-12-14 18:02:07]: rssi:OBU:0004610400000094;rssi1:0004640100000016;qd:AF;rssi2:0004640100000011;qd:AB;rssi3:0000000000000000;qd:00;rssi4:0000000000000000;qd:00

        {RSSI 信息解析}: 
[2015-12-14 18:02:09]: rssi:OBU:0004610400000094;rssi1:0004640100000016;qd:AD;rssi2:0004640100000011;qd:AA;rssi3:0000000000000000;qd:00;rssi4:0000000000000000;qd:00

        {RSSI 信息解析}: 
[2015-12-14 18:02:10]: rssi:OBU:0004610400000067;rssi1:0004640100000016;qd:AF;rssi2:0004640100000011;qd:AE;rssi3:0000000000000000;qd:00;rssi4:0000000000000000;qd:00

        {RSSI 信息解析}: 
[2015-12-14 18:02:11]: rssi:OBU:0004610400000094;rssi1:0004640100000016;qd:B0;rssi2:0004640100000011;qd:AD;rssi3:0000000000000000;qd:00;rssi4:0000000000000000;qd:00

        {RSSI 信息解析}: 
[2015-12-14 18:02:12]: rssi:OBU:0004610400000067;rssi1:0004640100000016;qd:AF;rssi2:0004640100000011;qd:AF;rssi3:0000000000000000;qd:00;rssi4:0000000000000000;qd:00

        {RSSI 信息解析}: 
[2015-12-14 18:02:12]: rssi:OBU:0004610400000094;rssi1:0004640100000016;qd:AE;rssi2:0004640100000011;qd:AC;rssi3:0000000000000000;qd:00;rssi4:0000000000000000;qd:00

        {RSSI 信息解析}: 
[2015-12-14 18:02:16]: rssi:OBU:0004610400000094;rssi1:0004640100000016;qd:AF;rssi2:0004640100000011;qd:AB;rssi3:0004640100000017;qd:A4;rssi4:0000000000000000;qd:00

        {RSSI 信息解析}: 
[2015-12-14 18:02:16]: rssi:OBU:0004610400000094;rssi1:0004640100000016;qd:AF;rssi2:0004640100000011;qd:AB;rssi3:0004640100000017;qd:A4;rssi4:0000000000000000;qd:00

        {RSSI 信息解析}: 
[2015-12-14 18:02:16]: rssi:OBU:0004610400000094;rssi1:0004640100000016;qd:AF;rssi2:0004640100000011;qd:AB;rssi3:0004640100000017;qd:A4;rssi4:0000000000000000;qd:00

        {RSSI 信息解析}: 
[2015-12-14 18:02:17]: rssi:OBU:0004610400000094;rssi1:0004640100000016;qd:AE;rssi2:0004640100000011;qd:AD;rssi3:0000000000000000;qd:00;rssi4:0000000000000000;qd:00

[2015-12-14 18:02:19]:OBU信息帧 OBU:0004610400000094;CardID:0000000000000000;Other info:66666666
        {RSSI 信息解析}: 
[2015-12-14 18:02:19]: rssi:OBU:0004610400000067;rssi1:0004640100000016;qd:AF;rssi2:0004640100000017;qd:A8;rssi3:0004640100000011;qd:AF;rssi4:0004640100000014;qd:AF

        {RSSI 信息解析}: 
[2015-12-14 18:02:20]: rssi:OBU:0004610400000094;rssi1:0004640100000016;qd:AF;rssi2:0004640100000011;qd:AD;rssi3:0004640100000017;qd:A4;rssi4:0000000000000000;qd:00

        {RSSI 信息解析}: 
[2015-12-14 18:02:22]: rssi:OBU:0004610400000094;rssi1:0004640100000011;qd:AC;rssi2:0000000000000000;qd:00;rssi3:0000000000000000;qd:00;rssi4:0000000000000000;qd:00

        {RSSI 信息解析}: 
[2015-12-14 18:02:24]: rssi:OBU:0004610400000094;rssi1:0004640100000016;qd:AD;rssi2:0000000000000000;qd:00;rssi3:0000000000000000;qd:00;rssi4:0000000000000000;qd:00

        {RSSI 信息解析}: 
[2015-12-14 18:02:25]: rssi:OBU:0004610400000067;rssi1:0004640100000013;qd:A6;rssi2:0004640100000016;qd:AF;rssi3:0004640100000011;qd:AF;rssi4:0000000000000000;qd:00

        {RSSI 信息解析}: 
[2015-12-14 18:02:27]: rssi:OBU:0004610400000094;rssi1:0004640100000016;qd:AF;rssi2:0000000000000000;qd:00;rssi3:0000000000000000;qd:00;rssi4:0000000000000000;qd:00

        {RSSI 信息解析}: 
[2015-12-14 18:02:28]: rssi:OBU:0004610400000067;rssi1:0004640100000017;qd:A6;rssi2:0004640100000016;qd:AB;rssi3:0004640100000011;qd:AE;rssi4:0000000000000000;qd:00

        {RSSI 信息解析}: 
[2015-12-14 18:02:30]: rssi:OBU:0004610400000094;rssi1:0004640100000016;qd:AF;rssi2:0004640100000011;qd:AE;rssi3:0004640100000015;qd:A0;rssi4:0000000000000000;qd:00

        {RSSI 信息解析}: 
[2015-12-14 18:02:31]: rssi:OBU:0004610400000094;rssi1:0004640100000016;qd:AE;rssi2:0004640100000011;qd:AF;rssi3:0000000000000000;qd:00;rssi4:0000000000000000;qd:00

        {RSSI 信息解析}: 
[2015-12-14 18:02:34]: rssi:OBU:0004610400000094;rssi1:0004640100000011;qd:B1;rssi2:0000000000000000;qd:00;rssi3:0000000000000000;qd:00;rssi4:0000000000000000;qd:00

[2015-12-14 18:02:35]:OBU信息帧 OBU:0004610400000067;CardID:0000000000000000;Other info:66666666
        {RSSI 信息解析}: 
[2015-12-14 18:02:36]: rssi:OBU:0004610400000067;rssi1:0004640100000016;qd:AD;rssi2:0004640100000011;qd:AF;rssi3:0004640100000014;qd:B0;rssi4:0004640100000018;qd:A7

        {RSSI 信息解析}: 
[2015-12-14 18:02:36]: rssi:OBU:0004610400000094;rssi1:0004640100000016;qd:AC;rssi2:0000000000000000;qd:00;rssi3:0000000000000000;qd:00;rssi4:0000000000000000;qd:00

        {RSSI 信息解析}: 
[2015-12-14 18:02:38]: rssi:OBU:0004610400000094;rssi1:0004640100000016;qd:B0;rssi2:0004640100000011;qd:AD;rssi3:0000000000000000;qd:00;rssi4:0000000000000000;qd:00

        {RSSI 信息解析}: 
[2015-12-14 18:02:39]: rssi:OBU:0004610400000067;rssi1:0004640100000011;qd:AE;rssi2:0004640100000016;qd:AE;rssi3:0000000000000000;qd:00;rssi4:0000000000000000;qd:00

        {RSSI 信息解析}: 
[2015-12-14 18:02:39]: rssi:OBU:0004610400000094;rssi1:0004640100000016;qd:AF;rssi2:0000000000000000;qd:00;rssi3:0000000000000000;qd:00;rssi4:0000000000000000;qd:00

        {RSSI 信息解析}: 
[2015-12-14 18:02:42]: rssi:OBU:0004610400000094;rssi1:0004640100000016;qd:AF;rssi2:0000000000000000;qd:00;rssi3:0000000000000000;qd:00;rssi4:0000000000000000;qd:00

[2015-12-14 18:02:42]:OBU信息帧 OBU:0004610400000067;CardID:0000000000000000;Other info:66666666
        {RSSI 信息解析}: 
[2015-12-14 18:02:42]: rssi:OBU:0004610400000094;rssi1:0004640100000016;qd:AE;rssi2:0000000000000000;qd:00;rssi3:0000000000000000;qd:00;rssi4:0000000000000000;qd:00

        {RSSI 信息解析}: 
[2015-12-14 18:02:44]: rssi:OBU:0004610400000094;rssi1:0004640100000016;qd:AE;rssi2:0000000000000000;qd:00;rssi3:0000000000000000;qd:00;rssi4:0000000000000000;qd:00

        {RSSI 信息解析}: 
[2015-12-14 18:02:46]: rssi:OBU:0004610400000094;rssi1:0004640100000016;qd:AE;rssi2:0000000000000000;qd:00;rssi3:0000000000000000;qd:00;rssi4:0000000000000000;qd:00

        {RSSI 信息解析}: 
[2015-12-14 18:02:48]: rssi:OBU:0004610400000094;rssi1:0004640100000016;qd:AE;rssi2:0000000000000000;qd:00;rssi3:0000000000000000;qd:00;rssi4:0000000000000000;qd:00

        {RSSI 信息解析}: 
[2015-12-14 18:02:49]: rssi:OBU:0004610400000094;rssi1:0004640100000016;qd:AF;rssi2:0000000000000000;qd:00;rssi3:0000000000000000;qd:00;rssi4:0000000000000000;qd:00

[2015-12-14 18:02:49]:OBU信息帧 OBU:0004610400000094;CardID:0000000000000000;Other info:66666666
        {RSSI 信息解析}: 
[2015-12-14 18:02:49]: rssi:OBU:0004610400000067;rssi1:0004640100000014;qd:AF;rssi2:0000000000000000;qd:00;rssi3:0000000000000000;qd:00;rssi4:0000000000000000;qd:00

        {RSSI 信息解析}: 
[2015-12-14 18:02:50]: rssi:OBU:0004610400000094;rssi1:0004640100000016;qd:AF;rssi2:0000000000000000;qd:00;rssi3:0000000000000000;qd:00;rssi4:0000000000000000;qd:00

        {RSSI 信息解析}: 
[2015-12-14 18:02:54]: rssi:OBU:0004610400000094;rssi1:0004640100000016;qd:AC;rssi2:0004640100000017;qd:A3;rssi3:0000000000000000;qd:00;rssi4:0000000000000000;qd:00

[2015-12-14 18:02:55]:OBU信息帧 OBU:0004610400000094;CardID:0000000000000000;Other info:66666666
        {RSSI 信息解析}: 
[2015-12-14 18:02:55]: rssi:OBU:0004610400000094;rssi1:0004640100000016;qd:AE;rssi2:0000000000000000;qd:00;rssi3:0000000000000000;qd:00;rssi4:0000000000000000;qd:00

        {RSSI 信息解析}: 
[2015-12-14 18:02:55]: rssi:OBU:0004610400000094;rssi1:0004640100000016;qd:AE;rssi2:0000000000000000;qd:00;rssi3:0000000000000000;qd:00;rssi4:0000000000000000;qd:00

        {RSSI 信息解析}: 
[2015-12-14 18:02:56]: rssi:OBU:0004610400000067;rssi1:0004640100000014;qd:AF;rssi2:0000000000000000;qd:00;rssi3:0000000000000000;qd:00;rssi4:0000000000000000;qd:00

        {RSSI 信息解析}: 
[2015-12-14 18:02:57]: rssi:OBU:0004610400000094;rssi1:0004640100000016;qd:AD;rssi2:0000000000000000;qd:00;rssi3:0000000000000000;qd:00;rssi4:0000000000000000;qd:00

        {RSSI 信息解析}: 
[2015-12-14 18:02:57]: rssi:OBU:0004610400000094;rssi1:0004640100000016;qd:AD;rssi2:0000000000000000;qd:00;rssi3:0000000000000000;qd:00;rssi4:0000000000000000;qd:00

        {RSSI 信息解析}: 
[2015-12-14 18:03:00]: rssi:OBU:0004610400000067;rssi1:0004640100000014;qd:B1;rssi2:0004640100000012;qd:A5;rssi3:0004640100000011;qd:AE;rssi4:0000000000000000;qd:00

        {RSSI 信息解析}: 
[2015-12-14 18:03:03]: rssi:OBU:0004610400000067;rssi1:0004640100000014;qd:B0;rssi2:0000000000000000;qd:00;rssi3:0000000000000000;qd:00;rssi4:0000000000000000;qd:00

[2015-12-14 18:03:04]:OBU信息帧 OBU:0004610400000094;CardID:0000000000000000;Other info:66666666
        {RSSI 信息解析}: 
[2015-12-14 18:03:07]: rssi:OBU:0004610400000067;rssi1:0004640100000014;qd:B0;rssi2:0000000000000000;qd:00;rssi3:0000000000000000;qd:00;rssi4:0000000000000000;qd:00

        {RSSI 信息解析}: 
[2015-12-14 18:03:08]: rssi:OBU:0004610400000094;rssi1:0004640100000011;qd:AE;rssi2:0000000000000000;qd:00;rssi3:0000000000000000;qd:00;rssi4:0000000000000000;qd:00

        {RSSI 信息解析}: 
[2015-12-14 18:03:10]: rssi:OBU:0004610400000094;rssi1:0004640100000011;qd:AE;rssi2:0004640100000012;qd:A5;rssi3:0000000000000000;qd:00;rssi4:0000000000000000;qd:00

        {RSSI 信息解析}: 
[2015-12-14 18:03:10]: rssi:OBU:0004610400000067;rssi1:0004640100000014;qd:B0;rssi2:0000000000000000;qd:00;rssi3:0000000000000000;qd:00;rssi4:0000000000000000;qd:00

        {RSSI 信息解析}: 
[2015-12-14 18:03:12]: rssi:OBU:0004610400000094;rssi1:0004640100000011;qd:AD;rssi2:0000000000000000;qd:00;rssi3:0000000000000000;qd:00;rssi4:0000000000000000;qd:00

[2015-12-14 18:03:14]:OBU信息帧 OBU:0004610400000094;CardID:0000000000000000;Other info:66666666
        {RSSI 信息解析}: 
[2015-12-14 18:03:17]: rssi:OBU:0004610400000094;rssi1:0004640100000016;qd:AE;rssi2:0000000000000000;qd:00;rssi3:0000000000000000;qd:00;rssi4:0000000000000000;qd:00

[2015-12-14 18:03:19]:OBU信息帧 OBU:0004610400000094;CardID:0000000000000000;Other info:66666666
        {RSSI 信息解析}: 
[2015-12-14 18:03:20]: rssi:OBU:0004610400000094;rssi1:0004640100000016;qd:AE;rssi2:0000000000000000;qd:00;rssi3:0000000000000000;qd:00;rssi4:0000000000000000;qd:00

        {RSSI 信息解析}: 
[2015-12-14 18:03:22]: rssi:OBU:0004610400000067;rssi1:0004640100000014;qd:B0;rssi2:0004640100000017;qd:A9;rssi3:0004640100000018;qd:A3;rssi4:0000000000000000;qd:00

        {RSSI 信息解析}: 
[2015-12-14 18:03:23]: rssi:OBU:0004610400000094;rssi1:0004640100000016;qd:B0;rssi2:0000000000000000;qd:00;rssi3:0000000000000000;qd:00;rssi4:0000000000000000;qd:00

        {RSSI 信息解析}: 
[2015-12-14 18:03:24]: rssi:OBU:0004610400000094;rssi1:0004640100000016;qd:AE;rssi2:0000000000000000;qd:00;rssi3:0000000000000000;qd:00;rssi4:0000000000000000;qd:00

[2015-12-14 18:03:24]:OBU信息帧 OBU:0004610400000094;CardID:0000000000000000;Other info:66666666
        {RSSI 信息解析}: 
[2015-12-14 18:03:28]: rssi:OBU:0004610400000094;rssi1:0004640100000016;qd:AC;rssi2:0004640100000012;qd:A2;rssi3:0004640100000011;qd:AD;rssi4:0000000000000000;qd:00

        {RSSI 信息解析}: 
[2015-12-14 18:03:31]: rssi:OBU:0004610400000094;rssi1:0004640100000011;qd:BC;rssi2:0000000000000000;qd:00;rssi3:0000000000000000;qd:00;rssi4:0000000000000000;qd:00

[2015-12-14 18:03:33]:OBU信息帧 OBU:0004610400000094;CardID:0000000000000000;Other info:66666666
[2015-12-14 18:03:35]:OBU信息帧 OBU:0004610400000094;CardID:0000000000000000;Other info:66666666
[2015-12-14 18:03:40]:OBU信息帧 OBU:0004610400000094;CardID:0000000000000000;Other info:66666666
[2015-12-14 18:03:42]:OBU信息帧 OBU:0004610400000094;CardID:0000000000000000;Other info:66666666
        {RSSI 信息解析}: 
[2015-12-14 18:03:46]: rssi:OBU:0004610400000094;rssi1:0004640100000011;qd:B2;rssi2:0004640100000016;qd:B1;rssi3:0000000000000000;qd:00;rssi4:0000000000000000;qd:00

        {RSSI 信息解析}: 
[2015-12-14 18:03:48]: rssi:OBU:0004610400000094;rssi1:0004640100000016;qd:BA;rssi2:0004640100000011;qd:B0;rssi3:0000000000000000;qd:00;rssi4:0000000000000000;qd:00

        {RSSI 信息解析}: 
[2015-12-14 18:03:49]: rssi:OBU:0004610400000094;rssi1:0004640100000016;qd:BA;rssi2:0004640100000011;qd:A9;rssi3:0000000000000000;qd:00;rssi4:0000000000000000;qd:00

        {RSSI 信息解析}: 
[2015-12-14 18:03:52]: rssi:OBU:0004610400000094;rssi1:0004640100000016;qd:B3;rssi2:0000000000000000;qd:00;rssi3:0000000000000000;qd:00;rssi4:0000000000000000;qd:00

[2015-12-14 18:04:08]:OBU信息帧 OBU:0004610400000067;CardID:0000000000000000;Other info:66666666
        {RSSI 信息解析}: 
[2015-12-14 18:04:09]: rssi:OBU:0004610400000067;rssi1:0004640100000014;qd:AE;rssi2:0004640100000018;qd:A5;rssi3:0000000000000000;qd:00;rssi4:0000000000000000;qd:00

[2015-12-14 18:04:09]:OBU信息帧 OBU:0004610400000094;CardID:0000000000000000;Other info:66666666
        {RSSI 信息解析}: 
[2015-12-14 18:04:14]: rssi:OBU:0004610400000067;rssi1:0004640100000014;qd:AF;rssi2:0004640100000017;qd:A8;rssi3:0000000000000000;qd:00;rssi4:0000000000000000;qd:00

        {RSSI 信息解析}: 
[2015-12-14 18:04:17]: rssi:OBU:0004610400000067;rssi1:0004640100000014;qd:AE;rssi2:0000000000000000;qd:00;rssi3:0000000000000000;qd:00;rssi4:0000000000000000;qd:00

[2015-12-14 18:04:31]:OBU信息帧 OBU:0004610400000067;CardID:0000000000000000;Other info:66666666
[2015-12-14 18:04:31]:{进站!}
[2015-12-14 18:04:34]:OBU信息帧 OBU:0004610400000067;CardID:0000000000000000;Other info:66666666
        {RSSI 信息解析}: 
[2015-12-14 18:04:34]: rssi:OBU:0004610400000067;rssi1:0004640100000014;qd:AF;rssi2:0004640100000018;qd:A5;rssi3:0000000000000000;qd:00;rssi4:0000000000000000;qd:00

        {RSSI 信息解析}: 
[2015-12-14 18:04:42]: rssi:OBU:0004610400000067;rssi1:0004640100000016;qd:AC;rssi2:0004640100000011;qd:AB;rssi3:0004640100000015;qd:A1;rssi4:0004640100000017;qd:AB

[2015-12-14 18:04:43]:OBU信息帧 OBU:0004610400000067;CardID:0000000000000000;Other info:66666666
        {RSSI 信息解析}: 
[2015-12-14 18:04:46]: rssi:OBU:0004610400000067;rssi1:0004640100000016;qd:AC;rssi2:0004640100000011;qd:AA;rssi3:0000000000000000;qd:00;rssi4:0000000000000000;qd:00

        {RSSI 信息解析}: 
[2015-12-14 18:04:48]: rssi:OBU:0004610400000067;rssi1:0004640100000011;qd:AB;rssi2:0000000000000000;qd:00;rssi3:0000000000000000;qd:00;rssi4:0000000000000000;qd:00

        {RSSI 信息解析}: 
[2015-12-14 18:04:51]: rssi:OBU:0004610400000067;rssi1:0004640100000016;qd:AC;rssi2:0004640100000011;qd:AB;rssi3:0000000000000000;qd:00;rssi4:0000000000000000;qd:00

[2015-12-14 18:04:51]:OBU信息帧 OBU:0004610400000067;CardID:0000000000000000;Other info:66666666
        {RSSI 信息解析}: 
[2015-12-14 18:04:52]: rssi:OBU:0004610400000067;rssi1:0004640100000016;qd:AB;rssi2:0004640100000011;qd:AB;rssi3:0000000000000000;qd:00;rssi4:0000000000000000;qd:00

[2015-12-14 18:04:54]:OBU信息帧 OBU:0004610400000067;CardID:0000000000000000;Other info:66666666
        {RSSI 信息解析}: 
[2015-12-14 18:04:56]: rssi:OBU:0004610400000067;rssi1:0004640100000011;qd:AC;rssi2:0000000000000000;qd:00;rssi3:0000000000000000;qd:00;rssi4:0000000000000000;qd:00

        {RSSI 信息解析}: 
[2015-12-14 18:05:01]: rssi:OBU:0004610400000067;rssi1:0004640100000011;qd:AB;rssi2:0004640100000016;qd:AA;rssi3:0004640100000018;qd:A5;rssi4:0004640100000017;qd:AB

        {RSSI 信息解析}: 
[2015-12-14 18:05:04]: rssi:OBU:0004610400000067;rssi1:0004640100000016;qd:AC;rssi2:0004640100000011;qd:AB;rssi3:0000000000000000;qd:00;rssi4:0000000000000000;qd:00

[2015-12-14 18:05:07]:OBU信息帧 OBU:0004610400000067;CardID:0000000000000000;Other info:66666666
        {RSSI 信息解析}: 
[2015-12-14 18:05:21]: rssi:OBU:0004610400000067;rssi1:0004640100000014;qd:AF;rssi2:0004640100000018;qd:A6;rssi3:0004640100000011;qd:AA;rssi4:0000000000000000;qd:00

        {RSSI 信息解析}: 
[2015-12-14 18:05:26]: rssi:OBU:0004610400000067;rssi1:0004640100000014;qd:AF;rssi2:0000000000000000;qd:00;rssi3:0000000000000000;qd:00;rssi4:0000000000000000;qd:00

        {RSSI 信息解析}: 
[2015-12-14 18:05:29]: rssi:OBU:0004610400000067;rssi1:0004640100000014;qd:AF;rssi2:0000000000000000;qd:00;rssi3:0000000000000000;qd:00;rssi4:0000000000000000;qd:00

        {RSSI 信息解析}: 
[2015-12-14 18:05:34]: rssi:OBU:0004610400000067;rssi1:0004640100000014;qd:AE;rssi2:0000000000000000;qd:00;rssi3:0000000000000000;qd:00;rssi4:0000000000000000;qd:00

        {RSSI 信息解析}: 
[2015-12-14 18:05:43]: rssi:OBU:0004610400000067;rssi1:0004640100000014;qd:AF;rssi2:0000000000000000;qd:00;rssi3:0000000000000000;qd:00;rssi4:0000000000000000;qd:00

        {RSSI 信息解析}: 
[2015-12-14 18:05:47]: rssi:OBU:0004610400000067;rssi1:0004640100000014;qd:AF;rssi2:0004640100000017;qd:A8;rssi3:0000000000000000;qd:00;rssi4:0000000000000000;qd:00

        {RSSI 信息解析}: 
[2015-12-14 18:05:56]: rssi:OBU:0004610400000067;rssi1:0004640100000014;qd:AF;rssi2:0000000000000000;qd:00;rssi3:0000000000000000;qd:00;rssi4:0000000000000000;qd:00

        {RSSI 信息解析}: 
[2015-12-14 18:06:03]: rssi:OBU:0004610400000067;rssi1:0004640100000014;qd:AF;rssi2:0004640100000011;qd:AF;rssi3:0004640100000017;qd:A8;rssi4:0000000000000000;qd:00

[2015-12-14 18:06:03]:OBU信息帧 OBU:0004610400000067;CardID:0000000000000000;Other info:66666666
        {RSSI 信息解析}: 
[2015-12-14 18:06:06]: rssi:OBU:0004610400000067;rssi1:0004640100000017;qd:A8;rssi2:0004640100000014;qd:AF;rssi3:0000000000000000;qd:00;rssi4:0000000000000000;qd:00

        {RSSI 信息解析}: 
[2015-12-14 18:06:07]: rssi:OBU:0004610400000067;rssi1:0004640100000014;qd:AF;rssi2:0000000000000000;qd:00;rssi3:0000000000000000;qd:00;rssi4:0000000000000000;qd:00

[2015-12-14 18:06:07]:OBU信息帧 OBU:0004610400000067;CardID:0000000000000000;Other info:66666666
[2015-12-14 18:06:10]:OBU信息帧 OBU:0004610400000067;CardID:0000000000000000;Other info:66666666
        {RSSI 信息解析}: 
[2015-12-14 18:06:11]: rssi:OBU:0004610400000067;rssi1:0004640100000014;qd:AF;rssi2:0000000000000000;qd:00;rssi3:0000000000000000;qd:00;rssi4:0000000000000000;qd:00

        {RSSI 信息解析}: 
[2015-12-14 18:06:12]: rssi:OBU:0004610400000067;rssi1:0004640100000012;qd:A8;rssi2:0000000000000000;qd:00;rssi3:0000000000000000;qd:00;rssi4:0000000000000000;qd:00

        {RSSI 信息解析}: 
[2015-12-14 18:06:17]: rssi:OBU:0004610400000067;rssi1:0004640100000014;qd:AE;rssi2:0000000000000000;qd:00;rssi3:0000000000000000;qd:00;rssi4:0000000000000000;qd:00

        {RSSI 信息解析}: 
[2015-12-14 18:06:22]: rssi:OBU:0004610400000067;rssi1:0004640100000014;qd:AE;rssi2:0000000000000000;qd:00;rssi3:0000000000000000;qd:00;rssi4:0000000000000000;qd:00

        {RSSI 信息解析}: 
[2015-12-14 18:06:33]: rssi:OBU:0004610400000067;rssi1:0004640100000011;qd:AE;rssi2:0004640100000016;qd:AA;rssi3:0000000000000000;qd:00;rssi4:0000000000000000;qd:00

        {RSSI 信息解析}: 
[2015-12-14 18:06:35]: rssi:OBU:0004610400000067;rssi1:0004640100000014;qd:AE;rssi2:0004640100000011;qd:AE;rssi3:0004640100000016;qd:A5;rssi4:0000000000000000;qd:00

[2015-12-14 18:06:39]:OBU信息帧 OBU:0004610400000067;CardID:0000000000000000;Other info:66666666
[2015-12-14 18:06:41]:OBU信息帧 OBU:0004610400000067;CardID:0000000000000000;Other info:66666666
        {RSSI 信息解析}: 
[2015-12-14 18:06:44]: rssi:OBU:0004610400000067;rssi1:0004640100000017;qd:A9;rssi2:0000000000000000;qd:00;rssi3:0000000000000000;qd:00;rssi4:0000000000000000;qd:00

[2015-12-14 18:06:49]:OBU信息帧 OBU:0004610400000067;CardID:0000000000000000;Other info:66666666
        {RSSI 信息解析}: 
[2015-12-14 18:06:50]: rssi:OBU:0004610400000067;rssi1:0004640100000011;qd:AF;rssi2:0000000000000000;qd:00;rssi3:0000000000000000;qd:00;rssi4:0000000000000000;qd:00

[2015-12-14 18:06:51]:OBU信息帧 OBU:0004610400000067;CardID:0000000000000000;Other info:66666666
[2015-12-14 18:06:51]:OBU信息帧 OBU:0004610400000067;CardID:0000000000000000;Other info:66666666
[2015-12-14 18:06:53]:OBU信息帧 OBU:0004610400000067;CardID:0000000000000000;Other info:66666666
        {RSSI 信息解析}: 
[2015-12-14 18:06:53]: rssi:OBU:0004610400000067;rssi1:0004640100000011;qd:AE;rssi2:0000000000000000;qd:00;rssi3:0000000000000000;qd:00;rssi4:0000000000000000;qd:00

[2015-12-14 18:06:59]:OBU信息帧 OBU:0004610400000067;CardID:0000000000000000;Other info:66666666
        {RSSI 信息解析}: 
[2015-12-14 18:07:06]: rssi:OBU:0004610400000067;rssi1:0004640100000013;qd:A6;rssi2:0004640100000014;qd:AD;rssi3:0004640100000018;qd:A5;rssi4:0000000000000000;qd:00

[2015-12-14 18:07:07]:OBU信息帧 OBU:0004610400000067;CardID:0000000000000000;Other info:66666666
[2015-12-14 18:07:07]:{出站!}
        {RSSI 信息解析}: 
[2015-12-14 18:07:08]: rssi:OBU:0004610400000067;rssi1:0004640100000014;qd:AE;rssi2:0004640100000017;qd:A9;rssi3:0000000000000000;qd:00;rssi4:0000000000000000;qd:00

        {RSSI 信息解析}: 
[2015-12-14 18:07:14]: rssi:OBU:0004610400000067;rssi1:0004640100000014;qd:AC;rssi2:0004640100000018;qd:A5;rssi3:0000000000000000;qd:00;rssi4:0000000000000000;qd:00

        {RSSI 信息解析}: 
[2015-12-14 18:07:20]: rssi:OBU:0004610400000067;rssi1:0004640100000014;qd:AE;rssi2:0004640100000018;qd:A5;rssi3:0000000000000000;qd:00;rssi4:0000000000000000;qd:00

        {RSSI 信息解析}: 
[2015-12-14 18:07:22]: rssi:OBU:0004610400000067;rssi1:0004640100000014;qd:AD;rssi2:0000000000000000;qd:00;rssi3:0000000000000000;qd:00;rssi4:0000000000000000;qd:00

[2015-12-14 18:07:28]:OBU信息帧 OBU:0004610400000067;CardID:0000000000000000;Other info:66666666
        {RSSI 信息解析}: 
[2015-12-14 18:07:29]: rssi:OBU:0004610400000067;rssi1:0004640100000011;qd:AF;rssi2:0000000000000000;qd:00;rssi3:0000000000000000;qd:00;rssi4:0000000000000000;qd:00

        {RSSI 信息解析}: 
[2015-12-14 18:07:31]: rssi:OBU:0004610400000067;rssi1:0004640100000011;qd:AE;rssi2:0004640100000016;qd:AA;rssi3:0000000000000000;qd:00;rssi4:0000000000000000;qd:00

        {RSSI 信息解析}: 
[2015-12-14 18:07:34]: rssi:OBU:0004610400000067;rssi1:0004640100000011;qd:AE;rssi2:0004640100000016;qd:A9;rssi3:0000000000000000;qd:00;rssi4:0000000000000000;qd:00

        {RSSI 信息解析}: 
[2015-12-14 18:07:45]: rssi:OBU:0004610400000067;rssi1:0004640100000011;qd:AB;rssi2:0004640100000016;qd:AA;rssi3:0004640100000017;qd:A7;rssi4:0004640100000014;qd:AE

        {RSSI 信息解析}: 
[2015-12-14 18:07:49]: rssi:OBU:0004610400000067;rssi1:0004640100000011;qd:AD;rssi2:0004640100000015;qd:9F;rssi3:0004640100000016;qd:A6;rssi4:0000000000000000;qd:00

[2015-12-14 18:07:51]:OBU信息帧 OBU:0004610400000091;CardID:0000000000000000;Other info:66666666
[2015-12-14 18:07:53]:OBU信息帧 OBU:0004610400000067;CardID:0000000000000000;Other info:66666666
        {RSSI 信息解析}: 
[2015-12-14 18:07:54]: rssi:OBU:0004610400000067;rssi1:0004640100000011;qd:B0;rssi2:0004640100000015;qd:A0;rssi3:0000000000000000;qd:00;rssi4:0000000000000000;qd:00

[2015-12-14 18:07:54]:OBU信息帧 OBU:0004610400000067;CardID:0000000000000000;Other info:66666666
        {RSSI 信息解析}: 
[2015-12-14 18:07:58]: rssi:OBU:0004610400000067;rssi1:0004640100000011;qd:AF;rssi2:0004640100000018;qd:A9;rssi3:0004640100000016;qd:A7;rssi4:0000000000000000;qd:00

        {RSSI 信息解析}: 
[2015-12-14 18:07:58]: rssi:OBU:0004610400000067;rssi1:0004640100000011;qd:AF;rssi2:0004640100000018;qd:A9;rssi3:0004640100000016;qd:A7;rssi4:0000000000000000;qd:00

[2015-12-14 18:07:59]:OBU信息帧 OBU:0004610400000067;CardID:0000000000000000;Other info:66666666
[2015-12-14 18:08:01]:OBU信息帧 OBU:0004610400000067;CardID:0000000000000000;Other info:66666666
        {RSSI 信息解析}: 
[2015-12-14 18:08:02]: rssi:OBU:0004610400000067;rssi1:0004640100000016;qd:AB;rssi2:0000000000000000;qd:00;rssi3:0000000000000000;qd:00;rssi4:0000000000000000;qd:00

[2015-12-14 18:08:02]:OBU信息帧 OBU:0004610400000067;CardID:0000000000000000;Other info:66666666
[2015-12-14 18:08:05]:OBU信息帧 OBU:0004610400000091;CardID:0000000000000000;Other info:66666666
[2015-12-14 18:08:07]:OBU信息帧 OBU:0004610400000067;CardID:0000000000000000;Other info:66666666
[2015-12-14 18:08:08]:OBU信息帧 OBU:0004610400000091;CardID:0000000000000000;Other info:66666666
[2015-12-14 18:08:09]:OBU信息帧 OBU:0004610400000067;CardID:0000000000000000;Other info:66666666
[2015-12-14 18:08:13]:OBU信息帧 OBU:0004610400000067;CardID:0000000000000000;Other info:66666666
[2015-12-14 18:08:19]:OBU信息帧 OBU:0004610400000091;CardID:0000000000000000;Other info:66666666
[2015-12-14 18:08:19]:OBU信息帧 OBU:0004610400000067;CardID:0000000000000000;Other info:66666666
        {RSSI 信息解析}: 
[2015-12-14 18:08:19]: rssi:OBU:0004610400000067;rssi1:0004640100000011;qd:B6;rssi2:0000000000000000;qd:00;rssi3:0000000000000000;qd:00;rssi4:0000000000000000;qd:00

[2015-12-14 18:08:22]:OBU信息帧 OBU:0004610400000091;CardID:0000000000000000;Other info:66666666
[2015-12-14 18:08:22]:OBU信息帧 OBU:0004610400000091;CardID:0000000000000000;Other info:66666666
[2015-12-14 18:08:22]:OBU信息帧 OBU:0004610400000091;CardID:0000000000000000;Other info:66666666
        {RSSI 信息解析}: 
[2015-12-14 18:08:27]: rssi:OBU:0004610400000067;rssi1:0004640100000015;qd:A5;rssi2:0000000000000000;qd:00;rssi3:0000000000000000;qd:00;rssi4:0000000000000000;qd:00

[2015-12-14 18:08:27]:OBU信息帧 OBU:0004610400000091;CardID:0000000000000000;Other info:66666666
[2015-12-14 18:08:28]:OBU信息帧 OBU:0004610400000091;CardID:0000000000000000;Other info:66666666
[2015-12-14 18:08:30]:OBU信息帧 OBU:0004610400000091;CardID:0000000000000000;Other info:66666666
[2015-12-14 18:08:41]:OBU信息帧 OBU:0004610400000067;CardID:0000000000000000;Other info:66666666
        {RSSI 信息解析}: 
[2015-12-14 18:08:45]: rssi:OBU:0004610400000091;rssi1:0004640100000011;qd:AB;rssi2:0000000000000000;qd:00;rssi3:0000000000000000;qd:00;rssi4:0000000000000000;qd:00

        {RSSI 信息解析}: 
[2015-12-14 18:08:46]: rssi:OBU:0004610400000067;rssi1:0004640100000011;qd:B8;rssi2:0000000000000000;qd:00;rssi3:0000000000000000;qd:00;rssi4:0000000000000000;qd:00

[2015-12-14 18:08:52]:OBU=0004610400000091
[2015-12-14 18:08:52]:{进站!}
[2015-12-14 18:08:54]:OBU信息帧 OBU:0004610400000091;CardID:0000000000000000;Other info:66666666
[2015-12-14 18:08:55]:OBU信息帧 OBU:0004610400000067;CardID:0000000000000000;Other info:66666666
        {RSSI 信息解析}: 
[2015-12-14 18:08:55]: rssi:OBU:0004610400000067;rssi1:0004640100000011;qd:B6;rssi2:0000000000000000;qd:00;rssi3:0000000000000000;qd:00;rssi4:0000000000000000;qd:00

[2015-12-14 18:09:00]:OBU信息帧 OBU:0004610400000067;CardID:0000000000000000;Other info:66666666
        {RSSI 信息解析}: 
[2015-12-14 18:09:09]: rssi:OBU:0004610400000067;rssi1:0004640100000016;qd:B0;rssi2:0004640100000011;qd:B7;rssi3:0000000000000000;qd:00;rssi4:0000000000000000;qd:00

        {RSSI 信息解析}: 
[2015-12-14 18:09:12]: rssi:OBU:0004610400000067;rssi1:0004640100000011;qd:B7;rssi2:0000000000000000;qd:00;rssi3:0000000000000000;qd:00;rssi4:0000000000000000;qd:00

        {RSSI 信息解析}: 
[2015-12-14 18:09:14]: rssi:OBU:0004610400000067;rssi1:0004640100000011;qd:B7;rssi2:0004640100000016;qd:AF;rssi3:0004640100000015;qd:A4;rssi4:0000000000000000;qd:00

        {RSSI 信息解析}: 
[2015-12-14 18:09:19]: rssi:OBU:0004610400000067;rssi1:0004640100000011;qd:B7;rssi2:0004640100000016;qd:B1;rssi3:0004640100000015;qd:A4;rssi4:0000000000000000;qd:00

        {RSSI 信息解析}: 
[2015-12-14 18:09:31]: rssi:OBU:0004610400000067;rssi1:0004640100000011;qd:B7;rssi2:0004640100000016;qd:AF;rssi3:0004640100000015;qd:A2;rssi4:0004640100000012;qd:A7

[2015-12-14 18:09:35]:OBU信息帧 OBU:0004610400000091;CardID:0000000000000000;Other info:66666666
        {RSSI 信息解析}: 
[2015-12-14 18:09:35]: rssi:OBU:0004610400000067;rssi1:0004640100000011;qd:B6;rssi2:0004640100000016;qd:AE;rssi3:0000000000000000;qd:00;rssi4:0000000000000000;qd:00

        {RSSI 信息解析}: 
[2015-12-14 18:09:38]: rssi:OBU:0004610400000091;rssi1:0004640100000016;qd:AC;rssi2:0000000000000000;qd:00;rssi3:0000000000000000;qd:00;rssi4:0000000000000000;qd:00

        {RSSI 信息解析}: 
[2015-12-14 18:09:39]: rssi:OBU:0004610400000067;rssi1:0004640100000011;qd:B7;rssi2:0004640100000016;qd:AF;rssi3:0000000000000000;qd:00;rssi4:0000000000000000;qd:00

        {RSSI 信息解析}: 
[2015-12-14 18:09:40]: rssi:OBU:0004610400000091;rssi1:0004640100000016;qd:AB;rssi2:0000000000000000;qd:00;rssi3:0000000000000000;qd:00;rssi4:0000000000000000;qd:00

        {RSSI 信息解析}: 
[2015-12-14 18:09:41]: rssi:OBU:0004610400000091;rssi1:0004640100000016;qd:AB;rssi2:0000000000000000;qd:00;rssi3:0000000000000000;qd:00;rssi4:0000000000000000;qd:00

[2015-12-14 18:09:42]:OBU信息帧 OBU:0004610400000091;CardID:0000000000000000;Other info:66666666
[2015-12-14 18:09:42]:{进站!}
        {RSSI 信息解析}: 
[2015-12-14 18:09:45]: rssi:OBU:0004610400000067;rssi1:0004640100000011;qd:B6;rssi2:0004640100000016;qd:AF;rssi3:0004640100000014;qd:A8;rssi4:0000000000000000;qd:00

        {RSSI 信息解析}: 
[2015-12-14 18:09:47]: rssi:OBU:0004610400000067;rssi1:0004640100000011;qd:B6;rssi2:0004640100000016;qd:AE;rssi3:0000000000000000;qd:00;rssi4:0000000000000000;qd:00

        {RSSI 信息解析}: 
[2015-12-14 18:09:48]: rssi:OBU:0004610400000091;rssi1:0004640100000011;qd:B5;rssi2:0004640100000016;qd:B2;rssi3:0000000000000000;qd:00;rssi4:0000000000000000;qd:00

        {RSSI 信息解析}: 
[2015-12-14 18:09:50]: rssi:OBU:0004610400000091;rssi1:0004640100000011;qd:B4;rssi2:0004640100000016;qd:BD;rssi3:0000000000000000;qd:00;rssi4:0000000000000000;qd:00

        {RSSI 信息解析}: 
[2015-12-14 18:09:51]: rssi:OBU:0004610400000091;rssi1:0004640100000016;qd:BE;rssi2:0000000000000000;qd:00;rssi3:0000000000000000;qd:00;rssi4:0000000000000000;qd:00

        {RSSI 信息解析}: 
[2015-12-14 18:09:52]: rssi:OBU:0004610400000067;rssi1:0004640100000011;qd:B7;rssi2:0004640100000016;qd:B0;rssi3:0004640100000014;qd:A6;rssi4:0000000000000000;qd:00

        {RSSI 信息解析}: 
[2015-12-14 18:09:53]: rssi:OBU:0004610400000091;rssi1:0004640100000011;qd:B3;rssi2:0004640100000016;qd:BD;rssi3:0000000000000000;qd:00;rssi4:0000000000000000;qd:00

        {RSSI 信息解析}: 
[2015-12-14 18:09:53]: rssi:OBU:0004610400000067;rssi1:0004640100000017;qd:A3;rssi2:0004640100000014;qd:A8;rssi3:0004640100000011;qd:B7;rssi4:0004640100000016;qd:B0

        {RSSI 信息解析}: 
[2015-12-14 18:09:55]: rssi:OBU:0004610400000091;rssi1:0004640100000016;qd:BF;rssi2:0000000000000000;qd:00;rssi3:0000000000000000;qd:00;rssi4:0000000000000000;qd:00

[2015-12-14 18:09:56]:OBU信息帧 OBU:0004610400000091;CardID:0000000000000000;Other info:66666666
        {RSSI 信息解析}: 
[2015-12-14 18:09:56]: rssi:OBU:0004610400000091;rssi1:0004640100000011;qd:B2;rssi2:0004640100000017;qd:AC;rssi3:0004640100000018;qd:A7;rssi4:0004640100000016;qd:B8

        {RSSI 信息解析}: 
[2015-12-14 18:09:57]: rssi:OBU:0004610400000067;rssi1:0004640100000011;qd:B7;rssi2:0004640100000015;qd:A5;rssi3:0004640100000012;qd:A8;rssi4:0000000000000000;qd:00

        {RSSI 信息解析}: 
[2015-12-14 18:10:03]: rssi:OBU:0004610400000067;rssi1:0004640100000011;qd:B3;rssi2:0004640100000012;qd:A7;rssi3:0004640100000016;qd:B0;rssi4:0004640100000014;qd:A7

[2015-12-14 18:10:07]:OBU信息帧 OBU:0004610400000067;CardID:0000000000000000;Other info:66666666
[2015-12-14 18:10:07]:OBU信息帧 OBU:0004610400000091;CardID:0000000000000000;Other info:66666666
[2015-12-14 18:10:08]:OBU信息帧 OBU:0004610400000091;CardID:0000000000000000;Other info:66666666
        {RSSI 信息解析}: 
[2015-12-14 18:10:08]: rssi:OBU:0004610400000067;rssi1:0004640100000011;qd:B7;rssi2:0004640100000016;qd:AF;rssi3:0004640100000012;qd:A9;rssi4:0000000000000000;qd:00

        {RSSI 信息解析}: 
[2015-12-14 18:10:10]: rssi:OBU:0004610400000091;rssi1:0004640100000016;qd:AE;rssi2:0000000000000000;qd:00;rssi3:0000000000000000;qd:00;rssi4:0000000000000000;qd:00

        {RSSI 信息解析}: 
[2015-12-14 18:10:12]: rssi:OBU:0004610400000067;rssi1:0004640100000011;qd:B7;rssi2:0004640100000016;qd:AF;rssi3:0000000000000000;qd:00;rssi4:0000000000000000;qd:00

        {RSSI 信息解析}: 
[2015-12-14 18:10:13]: rssi:OBU:0004610400000091;rssi1:0004640100000016;qd:A8;rssi2:0000000000000000;qd:00;rssi3:0000000000000000;qd:00;rssi4:0000000000000000;qd:00

        {RSSI 信息解析}: 
[2015-12-14 18:10:15]: rssi:OBU:0004610400000091;rssi1:0004640100000016;qd:AA;rssi2:0004640100000011;qd:B1;rssi3:0000000000000000;qd:00;rssi4:0000000000000000;qd:00

        {RSSI 信息解析}: 
[2015-12-14 18:10:16]: rssi:OBU:0004610400000067;rssi1:0004640100000011;qd:B7;rssi2:0004640100000016;qd:B0;rssi3:0000000000000000;qd:00;rssi4:0000000000000000;qd:00

        {RSSI 信息解析}: 
[2015-12-14 18:10:17]: rssi:OBU:0004610400000091;rssi1:0004640100000016;qd:B1;rssi2:0004640100000011;qd:AB;rssi3:0000000000000000;qd:00;rssi4:0000000000000000;qd:00

[2015-12-14 18:10:20]:OBU信息帧 OBU:0004610400000091;CardID:0000000000000000;Other info:66666666
        {RSSI 信息解析}: 
[2015-12-14 18:10:24]: rssi:OBU:0004610400000067;rssi1:0004640100000011;qd:B7;rssi2:0004640100000016;qd:B1;rssi3:0000000000000000;qd:00;rssi4:0000000000000000;qd:00

        {RSSI 信息解析}: 
[2015-12-14 18:10:27]: rssi:OBU:0004610400000067;rssi1:0004640100000011;qd:B8;rssi2:0004640100000016;qd:AF;rssi3:0000000000000000;qd:00;rssi4:0000000000000000;qd:00

[2015-12-14 18:10:27]:OBU信息帧 OBU:0004610400000091;CardID:0000000000000000;Other info:66666666
        {RSSI 信息解析}: 
[2015-12-14 18:10:29]: rssi:OBU:0004610400000091;rssi1:0004640100000013;qd:A6;rssi2:0000000000000000;qd:00;rssi3:0000000000000000;qd:00;rssi4:0000000000000000;qd:00

        {RSSI 信息解析}: 
[2015-12-14 18:10:35]: rssi:OBU:0004610400000091;rssi1:0004640100000014;qd:B2;rssi2:0000000000000000;qd:00;rssi3:0000000000000000;qd:00;rssi4:0000000000000000;qd:00

        {RSSI 信息解析}: 
[2015-12-14 18:10:37]: rssi:OBU:0004610400000067;rssi1:0004640100000011;qd:B7;rssi2:0004640100000016;qd:AD;rssi3:0004640100000015;qd:A6;rssi4:0000000000000000;qd:00

        {RSSI 信息解析}: 
[2015-12-14 18:10:40]: rssi:OBU:0004610400000067;rssi1:0004640100000011;qd:B7;rssi2:0004640100000016;qd:B0;rssi3:0000000000000000;qd:00;rssi4:0000000000000000;qd:00

        {RSSI 信息解析}: 
[2015-12-14 18:10:45]: rssi:OBU:0004610400000067;rssi1:0004640100000011;qd:B8;rssi2:0004640100000016;qd:AD;rssi3:0004640100000017;qd:A3;rssi4:0000000000000000;qd:00

        {RSSI 信息解析}: 
[2015-12-14 18:10:48]: rssi:OBU:0004610400000067;rssi1:0004640100000011;qd:B7;rssi2:0000000000000000;qd:00;rssi3:0000000000000000;qd:00;rssi4:0000000000000000;qd:00

[2015-12-14 18:10:54]:OBU信息帧 OBU:0004610400000091;CardID:0000000000000000;Other info:66666666
        {RSSI 信息解析}: 
[2015-12-14 18:10:59]: rssi:OBU:0004610400000091;rssi1:0004640100000014;qd:B2;rssi2:0000000000000000;qd:00;rssi3:0000000000000000;qd:00;rssi4:0000000000000000;qd:00

        {RSSI 信息解析}: 
[2015-12-14 18:10:59]: rssi:OBU:0004610400000067;rssi1:0004640100000011;qd:B6;rssi2:0004640100000016;qd:B2;rssi3:0004640100000015;qd:A4;rssi4:0000000000000000;qd:00

        {RSSI 信息解析}: 
[2015-12-14 18:11:04]: rssi:OBU:0004610400000067;rssi1:0004640100000011;qd:B6;rssi2:0004640100000016;qd:B2;rssi3:0004640100000017;qd:A3;rssi4:0000000000000000;qd:00

        {RSSI 信息解析}: 
[2015-12-14 18:11:07]: rssi:OBU:0004610400000067;rssi1:0004640100000016;qd:B2;rssi2:0004640100000011;qd:B7;rssi3:0004640100000014;qd:A8;rssi4:0004640100000012;qd:A7

[2015-12-14 18:11:08]:OBU信息帧 OBU:0004610400000067;CardID:0000000000000000;Other info:66666666
[2015-12-14 18:11:08]:OBU信息帧 OBU:0004610400000091;CardID:0000000000000000;Other info:66666666
        {RSSI 信息解析}: 
[2015-12-14 18:11:11]: rssi:OBU:0004610400000091;rssi1:0004640100000014;qd:B1;rssi2:0000000000000000;qd:00;rssi3:0000000000000000;qd:00;rssi4:0000000000000000;qd:00

        {RSSI 信息解析}: 
[2015-12-14 18:11:12]: rssi:OBU:0004610400000091;rssi1:0004640100000014;qd:B1;rssi2:0000000000000000;qd:00;rssi3:0000000000000000;qd:00;rssi4:0000000000000000;qd:00

        {RSSI 信息解析}: 
[2015-12-14 18:11:20]: rssi:OBU:0004610400000091;rssi1:0004640100000014;qd:B2;rssi2:0004640100000011;qd:AE;rssi3:0000000000000000;qd:00;rssi4:0000000000000000;qd:00

        {RSSI 信息解析}: 
[2015-12-14 18:11:22]: rssi:OBU:0004610400000067;rssi1:0004640100000011;qd:B7;rssi2:0004640100000015;qd:A5;rssi3:0004640100000014;qd:A8;rssi4:0004640100000016;qd:B2

[2015-12-14 18:11:36]:{与服务器通信}send: F2111234560462011100000011110000000000000000000000000000F1
[2015-12-14 18:11:36]:{与服务器通信}recv: F2911034560000001104620111120000000000000000566E95D800000000E4D0F1
[2015-12-14 18:11:41]:OBU=0004610400000091
[2015-12-14 18:11:41]:{进站!}
[2015-12-14 18:11:41]:OBU=0004610400000069
[2015-12-14 18:11:41]:{进站!}
[2015-12-14 18:12:07]:OBU信息帧 OBU:0004610400000067;CardID:0000000000000000;Other info:66666666
[2015-12-14 18:12:07]:{进站!}
        {RSSI 信息解析}: 
[2015-12-14 18:12:10]: rssi:OBU:0004610400000091;rssi1:0004640100000014;qd:B1;rssi2:0000000000000000;qd:00;rssi3:0000000000000000;qd:00;rssi4:0000000000000000;qd:00

        {RSSI 信息解析}: 
[2015-12-14 18:12:12]: rssi:OBU:0004610400000091;rssi1:0004640100000014;qd:B1;rssi2:0000000000000000;qd:00;rssi3:0000000000000000;qd:00;rssi4:0000000000000000;qd:00

[2015-12-14 18:12:18]:OBU信息帧 OBU:0004610400000091;CardID:0000000000000000;Other info:66666666
        {RSSI 信息解析}: 
[2015-12-14 18:12:21]: rssi:OBU:0004610400000091;rssi1:0004640100000014;qd:B5;rssi2:0000000000000000;qd:00;rssi3:0000000000000000;qd:00;rssi4:0000000000000000;qd:00

        {RSSI 信息解析}: 
[2015-12-14 18:12:22]: rssi:OBU:0004610400000091;rssi1:0004640100000014;qd:B3;rssi2:0000000000000000;qd:00;rssi3:0000000000000000;qd:00;rssi4:0000000000000000;qd:00

        {RSSI 信息解析}: 
[2015-12-14 18:12:24]: rssi:OBU:0004610400000067;rssi1:0004640100000011;qd:B2;rssi2:0004640100000016;qd:B2;rssi3:0004640100000015;qd:A6;rssi4:0000000000000000;qd:00

        {RSSI 信息解析}: 
[2015-12-14 18:12:27]: rssi:OBU:0004610400000067;rssi1:0004640100000016;qd:B1;rssi2:0000000000000000;qd:00;rssi3:0000000000000000;qd:00;rssi4:0000000000000000;qd:00

        {RSSI 信息解析}: 
[2015-12-14 18:12:33]: rssi:OBU:0004610400000091;rssi1:0004640100000014;qd:AE;rssi2:0004640100000011;qd:AB;rssi3:0004640100000012;qd:AE;rssi4:0000000000000000;qd:00

        {RSSI 信息解析}: 
[2015-12-14 18:12:34]: rssi:OBU:0004610400000091;rssi1:0004640100000014;qd:AE;rssi2:0004640100000011;qd:AB;rssi3:0004640100000012;qd:AE;rssi4:0000000000000000;qd:00

        {RSSI 信息解析}: 
[2015-12-14 18:12:35]: rssi:OBU:0004610400000067;rssi1:0004640100000016;qd:B1;rssi2:0004640100000011;qd:AF;rssi3:0004640100000012;qd:A3;rssi4:0000000000000000;qd:00

[2015-12-14 18:12:36]:OBU=0004610400000067
[2015-12-14 18:12:36]:{进站!}
        {RSSI 信息解析}: 
[2015-12-14 18:12:38]: rssi:OBU:0004610400000091;rssi1:0004640100000014;qd:AF;rssi2:0004640100000011;qd:AA;rssi3:0004640100000012;qd:AD;rssi4:0000000000000000;qd:00

[2015-12-14 18:12:39]:OBU信息帧 OBU:0004610400000067;CardID:0000000000000000;Other info:66666666
        {RSSI 信息解析}: 
[2015-12-14 18:12:40]: rssi:OBU:0004610400000067;rssi1:0004640100000016;qd:AF;rssi2:0000000000000000;qd:00;rssi3:0000000000000000;qd:00;rssi4:0000000000000000;qd:00

        {RSSI 信息解析}: 
[2015-12-14 18:12:40]: rssi:OBU:0004610400000091;rssi1:0004640100000014;qd:AE;rssi2:0000000000000000;qd:00;rssi3:0000000000000000;qd:00;rssi4:0000000000000000;qd:00

        {RSSI 信息解析}: 
[2015-12-14 18:12:42]: rssi:OBU:0004610400000067;rssi1:0004640100000011;qd:B2;rssi2:0000000000000000;qd:00;rssi3:0000000000000000;qd:00;rssi4:0000000000000000;qd:00

[2015-12-14 18:12:43]:OBU信息帧 OBU:0004610400000067;CardID:0000000000000000;Other info:66666666
[2015-12-14 18:12:44]:OBU信息帧 OBU:0004610400000067;CardID:0000000000000000;Other info:66666666
[2015-12-14 18:12:44]:OBU信息帧 OBU:0004610400000067;CardID:0000000000000000;Other info:66666666
