        {RSSI 信息解析}: 
[2016-01-14 16:00:57]: rssi:OBU:0004610400000069;rssi1:0004640100000011;qd:BD;rssi2:0004640100000016;qd:B0;rssi3:0000000000000000;qd:00;rssi4:0000000000000000;qd:00

        {RSSI 信息解析}: 
[2016-01-14 16:00:59]: rssi:OBU:0004610400000069;rssi1:0004640100000011;qd:BD;rssi2:0000000000000000;qd:00;rssi3:0000000000000000;qd:00;rssi4:0000000000000000;qd:00

        {RSSI 信息解析}: 
[2016-01-14 16:01:00]: rssi:OBU:0004610400000069;rssi1:0004640100000011;qd:BE;rssi2:0004640100000016;qd:AF;rssi3:0000000000000000;qd:00;rssi4:0000000000000000;qd:00

        {RSSI 信息解析}: 
[2016-01-14 16:01:02]: rssi:OBU:0004610400000069;rssi1:0004640100000011;qd:BE;rssi2:0004640100000017;qd:AB;rssi3:0000000000000000;qd:00;rssi4:0000000000000000;qd:00

        {RSSI 信息解析}: 
[2016-01-14 16:01:08]: rssi:OBU:0004610400000069;rssi1:0004640100000011;qd:BD;rssi2:0004640100000016;qd:AD;rssi3:0004640100000015;qd:B1;rssi4:0004640100000017;qd:AB

        {RSSI 信息解析}: 
[2016-01-14 16:01:13]: rssi:OBU:0004610400000069;rssi1:0004640100000011;qd:BD;rssi2:0004640100000016;qd:AF;rssi3:0004640100000017;qd:AB;rssi4:0004640100000015;qd:B1

        {RSSI 信息解析}: 
[2016-01-14 16:01:18]: rssi:OBU:0004610400000069;rssi1:0004640100000011;qd:BE;rssi2:0004640100000016;qd:AD;rssi3:0004640100000017;qd:AB;rssi4:0000000000000000;qd:00

        {RSSI 信息解析}: 
[2016-01-14 16:01:20]: rssi:OBU:0004610400000069;rssi1:0004640100000011;qd:C0;rssi2:0004640100000014;qd:AC;rssi3:0000000000000000;qd:00;rssi4:0000000000000000;qd:00

        {RSSI 信息解析}: 
[2016-01-14 16:01:24]: rssi:OBU:0004610400000069;rssi1:0004640100000011;qd:BE;rssi2:0000000000000000;qd:00;rssi3:0000000000000000;qd:00;rssi4:0000000000000000;qd:00

        {RSSI 信息解析}: 
[2016-01-14 16:01:32]: rssi:OBU:0004610400000069;rssi1:0004640100000011;qd:BC;rssi2:0004640100000015;qd:A7;rssi3:0004640100000016;qd:AE;rssi4:0004640100000017;qd:A6

        {RSSI 信息解析}: 
[2016-01-14 16:01:35]: rssi:OBU:0004610400000069;rssi1:0004640100000011;qd:B8;rssi2:0004640100000015;qd:AE;rssi3:0004640100000016;qd:A5;rssi4:0004640100000017;qd:A8

        {RSSI 信息解析}: 
[2016-01-14 16:01:37]: rssi:OBU:0004610400000069;rssi1:0004640100000011;qd:BC;rssi2:0000000000000000;qd:00;rssi3:0000000000000000;qd:00;rssi4:0000000000000000;qd:00

        {RSSI 信息解析}: 
[2016-01-14 16:01:40]: rssi:OBU:0004610400000069;rssi1:0004640100000015;qd:AC;rssi2:0004640100000011;qd:BA;rssi3:0004640100000014;qd:A8;rssi4:0004640100000016;qd:AF

        {RSSI 信息解析}: 
[2016-01-14 16:01:42]: rssi:OBU:0004610400000069;rssi1:0004640100000011;qd:BA;rssi2:0004640100000014;qd:A9;rssi3:0000000000000000;qd:00;rssi4:0000000000000000;qd:00

        {RSSI 信息解析}: 
[2016-01-14 16:01:43]: rssi:OBU:0004610400000069;rssi1:0004640100000011;qd:BB;rssi2:0004640100000014;qd:A3;rssi3:0000000000000000;qd:00;rssi4:0000000000000000;qd:00

        {RSSI 信息解析}: 
[2016-01-14 16:01:45]: rssi:OBU:0004610400000069;rssi1:0004640100000011;qd:BE;rssi2:0000000000000000;qd:00;rssi3:0000000000000000;qd:00;rssi4:0000000000000000;qd:00

[2016-01-14 16:01:46]:OBU信息帧 OBU:0004610400000069;CardID:0000000000000000;Other info:66666666
        {RSSI 信息解析}: 
[2016-01-14 16:01:52]: rssi:OBU:0004610400000069;rssi1:0004640100000011;qd:C0;rssi2:0004640100000014;qd:A7;rssi3:0000000000000000;qd:00;rssi4:0000000000000000;qd:00

        {RSSI 信息解析}: 
[2016-01-14 16:01:54]: rssi:OBU:0004610400000069;rssi1:0004640100000011;qd:BC;rssi2:0004640100000014;qd:AB;rssi3:0000000000000000;qd:00;rssi4:0000000000000000;qd:00

        {RSSI 信息解析}: 
[2016-01-14 16:01:55]: rssi:OBU:0004610400000069;rssi1:0004640100000011;qd:BE;rssi2:0000000000000000;qd:00;rssi3:0000000000000000;qd:00;rssi4:0000000000000000;qd:00

[2016-01-14 16:01:56]:OBU=0004610400000069
[2016-01-14 16:01:56]:POS=0138
        {RSSI 信息解析}: 
[2016-01-14 16:01:57]: rssi:OBU:0004610400000069;rssi1:0004640100000011;qd:BD;rssi2:0004640100000014;qd:A9;rssi3:0000000000000000;qd:00;rssi4:0000000000000000;qd:00

        {RSSI 信息解析}: 
[2016-01-14 16:01:59]: rssi:OBU:0004610400000069;rssi1:0004640100000011;qd:BD;rssi2:0000000000000000;qd:00;rssi3:0000000000000000;qd:00;rssi4:0000000000000000;qd:00

        {RSSI 信息解析}: 
[2016-01-14 16:02:00]: rssi:OBU:0004610400000069;rssi1:0004640100000011;qd:BD;rssi2:0004640100000014;qd:A8;rssi3:0000000000000000;qd:00;rssi4:0000000000000000;qd:00

        {RSSI 信息解析}: 
[2016-01-14 16:02:02]: rssi:OBU:0004610400000069;rssi1:0004640100000011;qd:B9;rssi2:0004640100000014;qd:A9;rssi3:0000000000000000;qd:00;rssi4:0000000000000000;qd:00

        {RSSI 信息解析}: 
[2016-01-14 16:02:05]: rssi:OBU:0004610400000069;rssi1:0004640100000017;qd:A0;rssi2:0004640100000012;qd:AC;rssi3:0004640100000011;qd:BB;rssi4:0004640100000015;qd:AE

        {RSSI 信息解析}: 
[2016-01-14 16:02:07]: rssi:OBU:0004610400000069;rssi1:0004640100000011;qd:BB;rssi2:0004640100000015;qd:AB;rssi3:0004640100000016;qd:AF;rssi4:0000000000000000;qd:00

        {RSSI 信息解析}: 
[2016-01-14 16:02:10]: rssi:OBU:0004610400000069;rssi1:0004640100000011;qd:BB;rssi2:0004640100000016;qd:B2;rssi3:0004640100000015;qd:A9;rssi4:0004640100000014;qd:A8

        {RSSI 信息解析}: 
[2016-01-14 16:02:12]: rssi:OBU:0004610400000069;rssi1:0004640100000011;qd:BB;rssi2:0004640100000016;qd:B3;rssi3:0004640100000015;qd:AD;rssi4:0000000000000000;qd:00

        {RSSI 信息解析}: 
[2016-01-14 16:02:12]: rssi:OBU:0004610400000069;rssi1:0004640100000011;qd:BB;rssi2:0004640100000016;qd:B3;rssi3:0004640100000015;qd:AD;rssi4:0000000000000000;qd:00

        {RSSI 信息解析}: 
[2016-01-14 16:02:15]: rssi:OBU:0004610400000069;rssi1:0004640100000011;qd:BA;rssi2:0004640100000015;qd:AB;rssi3:0004640100000016;qd:AB;rssi4:0000000000000000;qd:00

        {RSSI 信息解析}: 
[2016-01-14 16:02:18]: rssi:OBU:0004610400000069;rssi1:0004640100000011;qd:BC;rssi2:0004640100000016;qd:AF;rssi3:0004640100000015;qd:AD;rssi4:0000000000000000;qd:00

        {RSSI 信息解析}: 
[2016-01-14 16:02:21]: rssi:OBU:0004610400000069;rssi1:0004640100000011;qd:B9;rssi2:0004640100000016;qd:AF;rssi3:0004640100000015;qd:AB;rssi4:0000000000000000;qd:00

        {RSSI 信息解析}: 
[2016-01-14 16:02:23]: rssi:OBU:0004610400000069;rssi1:0004640100000011;qd:BB;rssi2:0004640100000015;qd:A4;rssi3:0000000000000000;qd:00;rssi4:0000000000000000;qd:00

        {RSSI 信息解析}: 
[2016-01-14 16:02:24]: rssi:OBU:0004610400000069;rssi1:0004640100000011;qd:BD;rssi2:0000000000000000;qd:00;rssi3:0000000000000000;qd:00;rssi4:0000000000000000;qd:00

        {RSSI 信息解析}: 
[2016-01-14 16:02:26]: rssi:OBU:0004610400000069;rssi1:0004640100000015;qd:AA;rssi2:0004640100000016;qd:AB;rssi3:0004640100000011;qd:BA;rssi4:0000000000000000;qd:00

        {RSSI 信息解析}: 
[2016-01-14 16:02:28]: rssi:OBU:0004610400000069;rssi1:0004640100000011;qd:BD;rssi2:0004640100000016;qd:B1;rssi3:0004640100000017;qd:A5;rssi4:0000000000000000;qd:00

        {RSSI 信息解析}: 
[2016-01-14 16:02:29]: rssi:OBU:0004610400000069;rssi1:0004640100000011;qd:B8;rssi2:0004640100000017;qd:A2;rssi3:0000000000000000;qd:00;rssi4:0000000000000000;qd:00

        {RSSI 信息解析}: 
[2016-01-14 16:02:32]: rssi:OBU:0004610400000069;rssi1:0004640100000011;qd:BA;rssi2:0004640100000016;qd:AC;rssi3:0004640100000015;qd:A6;rssi4:0000000000000000;qd:00

        {RSSI 信息解析}: 
[2016-01-14 16:02:34]: rssi:OBU:0004610400000069;rssi1:0004640100000011;qd:B8;rssi2:0004640100000015;qd:A9;rssi3:0000000000000000;qd:00;rssi4:0000000000000000;qd:00

        {RSSI 信息解析}: 
[2016-01-14 16:02:35]: rssi:OBU:0004610400000069;rssi1:0004640100000011;qd:B8;rssi2:0004640100000012;qd:AA;rssi3:0000000000000000;qd:00;rssi4:0000000000000000;qd:00

        {RSSI 信息解析}: 
[2016-01-14 16:02:37]: rssi:OBU:0004610400000069;rssi1:0004640100000011;qd:BA;rssi2:0004640100000016;qd:AE;rssi3:0000000000000000;qd:00;rssi4:0000000000000000;qd:00

        {RSSI 信息解析}: 
[2016-01-14 16:02:40]: rssi:OBU:0004610400000069;rssi1:0004640100000011;qd:BC;rssi2:0004640100000014;qd:A5;rssi3:0004640100000016;qd:AD;rssi4:0004640100000017;qd:A4

        {RSSI 信息解析}: 
[2016-01-14 16:02:42]: rssi:OBU:0004610400000069;rssi1:0004640100000011;qd:BC;rssi2:0000000000000000;qd:00;rssi3:0000000000000000;qd:00;rssi4:0000000000000000;qd:00

        {RSSI 信息解析}: 
[2016-01-14 16:02:43]: rssi:OBU:0004610400000069;rssi1:0004640100000011;qd:BD;rssi2:0004640100000016;qd:AE;rssi3:0000000000000000;qd:00;rssi4:0000000000000000;qd:00

        {RSSI 信息解析}: 
[2016-01-14 16:02:45]: rssi:OBU:0004610400000069;rssi1:0004640100000011;qd:BE;rssi2:0004640100000016;qd:AD;rssi3:0000000000000000;qd:00;rssi4:0000000000000000;qd:00

[2016-01-14 16:02:46]:OBU信息帧 OBU:0004610400000069;CardID:0000000000000000;Other info:66666666
        {RSSI 信息解析}: 
[2016-01-14 16:02:51]: rssi:OBU:0004610400000069;rssi1:0004640100000015;qd:AA;rssi2:0004640100000011;qd:BD;rssi3:0004640100000014;qd:A3;rssi4:0004640100000016;qd:AA

        {RSSI 信息解析}: 
[2016-01-14 16:02:53]: rssi:OBU:0004610400000069;rssi1:0004640100000011;qd:BD;rssi2:0000000000000000;qd:00;rssi3:0000000000000000;qd:00;rssi4:0000000000000000;qd:00

        {RSSI 信息解析}: 
[2016-01-14 16:02:55]: rssi:OBU:0004610400000069;rssi1:0004640100000011;qd:BD;rssi2:0004640100000014;qd:A7;rssi3:0000000000000000;qd:00;rssi4:0000000000000000;qd:00

[2016-01-14 16:02:57]:OBU=0004610400000069
[2016-01-14 16:02:57]:POS=0138
        {RSSI 信息解析}: 
[2016-01-14 16:02:58]: rssi:OBU:0004610400000069;rssi1:0004640100000011;qd:BD;rssi2:0000000000000000;qd:00;rssi3:0000000000000000;qd:00;rssi4:0000000000000000;qd:00

        {RSSI 信息解析}: 
[2016-01-14 16:03:00]: rssi:OBU:0004610400000069;rssi1:0004640100000011;qd:BD;rssi2:0000000000000000;qd:00;rssi3:0000000000000000;qd:00;rssi4:0000000000000000;qd:00

        {RSSI 信息解析}: 
[2016-01-14 16:03:01]: rssi:OBU:0004610400000069;rssi1:0004640100000011;qd:BB;rssi2:0000000000000000;qd:00;rssi3:0000000000000000;qd:00;rssi4:0000000000000000;qd:00

        {RSSI 信息解析}: 
[2016-01-14 16:03:08]: rssi:OBU:0004610400000069;rssi1:0004640100000011;qd:BD;rssi2:0004640100000016;qd:AA;rssi3:0004640100000017;qd:A5;rssi4:0000000000000000;qd:00

        {RSSI 信息解析}: 
[2016-01-14 16:03:11]: rssi:OBU:0004610400000069;rssi1:0004640100000011;qd:BB;rssi2:0004640100000015;qd:AE;rssi3:0004640100000016;qd:AD;rssi4:0000000000000000;qd:00

        {RSSI 信息解析}: 
[2016-01-14 16:03:12]: rssi:OBU:0004610400000069;rssi1:0004640100000011;qd:BA;rssi2:0004640100000015;qd:AA;rssi3:0004640100000012;qd:A9;rssi4:0000000000000000;qd:00

        {RSSI 信息解析}: 
[2016-01-14 16:03:14]: rssi:OBU:0004610400000069;rssi1:0004640100000011;qd:BD;rssi2:0000000000000000;qd:00;rssi3:0000000000000000;qd:00;rssi4:0000000000000000;qd:00

        {RSSI 信息解析}: 
[2016-01-14 16:03:16]: rssi:OBU:0004610400000069;rssi1:0004640100000011;qd:BD;rssi2:0000000000000000;qd:00;rssi3:0000000000000000;qd:00;rssi4:0000000000000000;qd:00

        {RSSI 信息解析}: 
[2016-01-14 16:03:17]: rssi:OBU:0004610400000069;rssi1:0004640100000011;qd:BD;rssi2:0000000000000000;qd:00;rssi3:0000000000000000;qd:00;rssi4:0000000000000000;qd:00

        {RSSI 信息解析}: 
[2016-01-14 16:03:21]: rssi:OBU:0004610400000069;rssi1:0004640100000011;qd:BE;rssi2:0000000000000000;qd:00;rssi3:0000000000000000;qd:00;rssi4:0000000000000000;qd:00

        {RSSI 信息解析}: 
[2016-01-14 16:03:22]: rssi:OBU:0004610400000069;rssi1:0004640100000011;qd:BD;rssi2:0000000000000000;qd:00;rssi3:0000000000000000;qd:00;rssi4:0000000000000000;qd:00

        {RSSI 信息解析}: 
[2016-01-14 16:03:25]: rssi:OBU:0004610400000069;rssi1:0004640100000011;qd:BE;rssi2:0004640100000016;qd:A8;rssi3:0004640100000012;qd:A5;rssi4:0004640100000015;qd:AA

        {RSSI 信息解析}: 
[2016-01-14 16:03:30]: rssi:OBU:0004610400000069;rssi1:0004640100000011;qd:BC;rssi2:0004640100000016;qd:A7;rssi3:0004640100000015;qd:A9;rssi4:0004640100000014;qd:A9

        {RSSI 信息解析}: 
[2016-01-14 16:03:32]: rssi:OBU:0004610400000069;rssi1:0004640100000016;qd:A8;rssi2:0004640100000011;qd:BB;rssi3:0000000000000000;qd:00;rssi4:0000000000000000;qd:00

        {RSSI 信息解析}: 
[2016-01-14 16:03:33]: rssi:OBU:0004610400000069;rssi1:0004640100000011;qd:BC;rssi2:0000000000000000;qd:00;rssi3:0000000000000000;qd:00;rssi4:0000000000000000;qd:00

        {RSSI 信息解析}: 
[2016-01-14 16:03:35]: rssi:OBU:0004610400000069;rssi1:0004640100000011;qd:BB;rssi2:0000000000000000;qd:00;rssi3:0000000000000000;qd:00;rssi4:0000000000000000;qd:00

        {RSSI 信息解析}: 
[2016-01-14 16:03:36]: rssi:OBU:0004610400000069;rssi1:0004640100000011;qd:BB;rssi2:0000000000000000;qd:00;rssi3:0000000000000000;qd:00;rssi4:0000000000000000;qd:00

        {RSSI 信息解析}: 
[2016-01-14 16:03:40]: rssi:OBU:0004610400000069;rssi1:0004640100000011;qd:BE;rssi2:0004640100000017;qd:A8;rssi3:0000000000000000;qd:00;rssi4:0000000000000000;qd:00

        {RSSI 信息解析}: 
[2016-01-14 16:03:41]: rssi:OBU:0004610400000069;rssi1:0004640100000011;qd:BD;rssi2:0000000000000000;qd:00;rssi3:0000000000000000;qd:00;rssi4:0000000000000000;qd:00

        {RSSI 信息解析}: 
[2016-01-14 16:03:43]: rssi:OBU:0004610400000069;rssi1:0004640100000011;qd:BE;rssi2:0000000000000000;qd:00;rssi3:0000000000000000;qd:00;rssi4:0000000000000000;qd:00

        {RSSI 信息解析}: 
[2016-01-14 16:03:45]: rssi:OBU:0004610400000069;rssi1:0004640100000011;qd:BE;rssi2:0000000000000000;qd:00;rssi3:0000000000000000;qd:00;rssi4:0000000000000000;qd:00

        {RSSI 信息解析}: 
[2016-01-14 16:03:46]: rssi:OBU:0004610400000069;rssi1:0004640100000011;qd:BC;rssi2:0000000000000000;qd:00;rssi3:0000000000000000;qd:00;rssi4:0000000000000000;qd:00

        {RSSI 信息解析}: 
[2016-01-14 16:03:46]: rssi:OBU:0004610400000069;rssi1:0004640100000011;qd:BC;rssi2:0000000000000000;qd:00;rssi3:0000000000000000;qd:00;rssi4:0000000000000000;qd:00

[2016-01-14 16:03:46]:OBU信息帧 OBU:0004610400000069;CardID:0000000000000000;Other info:66666666
        {RSSI 信息解析}: 
[2016-01-14 16:03:48]: rssi:OBU:0004610400000069;rssi1:0004640100000011;qd:C4;rssi2:0000000000000000;qd:00;rssi3:0000000000000000;qd:00;rssi4:0000000000000000;qd:00

        {RSSI 信息解析}: 
[2016-01-14 16:03:48]: rssi:OBU:0004610400000069;rssi1:0004640100000011;qd:C4;rssi2:0000000000000000;qd:00;rssi3:0000000000000000;qd:00;rssi4:0000000000000000;qd:00

        {RSSI 信息解析}: 
[2016-01-14 16:03:51]: rssi:OBU:0004610400000069;rssi1:0004640100000016;qd:B0;rssi2:0004640100000011;qd:B7;rssi3:0000000000000000;qd:00;rssi4:0000000000000000;qd:00

[2016-01-14 16:03:52]:OBU信息帧 OBU:0004610400000069;CardID:0000000000000000;Other info:66666666
        {RSSI 信息解析}: 
[2016-01-14 16:03:53]: rssi:OBU:0004610400000069;rssi1:0004640100000011;qd:BB;rssi2:0000000000000000;qd:00;rssi3:0000000000000000;qd:00;rssi4:0000000000000000;qd:00

[2016-01-14 16:03:55]:OBU信息帧 OBU:0004610400000069;CardID:0000000000000000;Other info:66666666
[2016-01-14 16:03:55]:OBU信息帧 OBU:0004610400000069;CardID:0000000000000000;Other info:66666666
        {RSSI 信息解析}: 
[2016-01-14 16:03:56]: rssi:OBU:0004610400000069;rssi1:0004640100000011;qd:B6;rssi2:0004640100000016;qd:B5;rssi3:0000000000000000;qd:00;rssi4:0000000000000000;qd:00

[2016-01-14 16:03:57]:OBU=0004610400000069
[2016-01-14 16:03:57]:POS=0138
        {RSSI 信息解析}: 
[2016-01-14 16:04:01]: rssi:OBU:0004610400000069;rssi1:0004640100000011;qd:AB;rssi2:0000000000000000;qd:00;rssi3:0000000000000000;qd:00;rssi4:0000000000000000;qd:00

        {RSSI 信息解析}: 
[2016-01-14 16:04:03]: rssi:OBU:0004610400000069;rssi1:0004640100000011;qd:AB;rssi2:0004640100000016;qd:B5;rssi3:0000000000000000;qd:00;rssi4:0000000000000000;qd:00

        {RSSI 信息解析}: 
[2016-01-14 16:04:05]: rssi:OBU:0004610400000069;rssi1:0004640100000016;qd:BB;rssi2:0004640100000011;qd:AF;rssi3:0000000000000000;qd:00;rssi4:0000000000000000;qd:00

[2016-01-14 16:04:06]:OBU信息帧 OBU:0004610400000069;CardID:0000000000000000;Other info:66666666
        {RSSI 信息解析}: 
[2016-01-14 16:04:12]: rssi:OBU:0004610400000069;rssi1:0004640100000016;qd:BB;rssi2:0004640100000015;qd:AE;rssi3:0004640100000014;qd:A6;rssi4:0004640100000017;qd:AD

[2016-01-14 16:04:57]:OBU信息帧 OBU:0004610400000069;CardID:0000000000000000;Other info:66666666
[2016-01-14 16:22:03]:OBU信息帧 OBU:0004610400000093;CardID:0000000000000000;Other info:66666666
[2016-01-14 16:22:05]:OBU信息帧 OBU:0004610400000093;CardID:0000000000000000;Other info:66666666
        {RSSI 信息解析}: 
[2016-01-14 16:22:11]: rssi:OBU:0004610400000093;rssi1:0004640100000011;qd:A8;rssi2:0000000000000000;qd:00;rssi3:0000000000000000;qd:00;rssi4:0000000000000000;qd:00

        {RSSI 信息解析}: 
[2016-01-14 16:22:16]: rssi:OBU:0004610400000093;rssi1:0004640100000011;qd:B9;rssi2:0004640100000016;qd:B0;rssi3:0000000000000000;qd:00;rssi4:0000000000000000;qd:00

[2016-01-14 16:22:20]:OBU信息帧 OBU:0004610400000093;CardID:0000000000000000;Other info:66666666
[2016-01-14 16:22:24]:OBU=0004610400000093
[2016-01-14 16:22:24]:{进站!}
[2016-01-14 16:22:26]:OBU信息帧 OBU:0004610400000093;CardID:0000000000000000;Other info:66666666
[2016-01-14 16:22:27]:OBU信息帧 OBU:0004610400000093;CardID:0000000000000000;Other info:66666666
[2016-01-14 16:22:34]:OBU信息帧 OBU:0004610400000093;CardID:0000000000000000;Other info:66666666
        {RSSI 信息解析}: 
[2016-01-14 16:22:36]: rssi:OBU:0004610400000093;rssi1:0004640100000011;qd:B2;rssi2:0004640100000015;qd:AD;rssi3:0004640100000016;qd:AF;rssi4:0000000000000000;qd:00

        {RSSI 信息解析}: 
[2016-01-14 16:22:37]: rssi:OBU:0004610400000093;rssi1:0004640100000011;qd:AE;rssi2:0000000000000000;qd:00;rssi3:0000000000000000;qd:00;rssi4:0000000000000000;qd:00

        {RSSI 信息解析}: 
[2016-01-14 16:22:44]: rssi:OBU:0004610400000093;rssi1:0004640100000011;qd:AF;rssi2:0000000000000000;qd:00;rssi3:0000000000000000;qd:00;rssi4:0000000000000000;qd:00

        {RSSI 信息解析}: 
[2016-01-14 16:22:45]: rssi:OBU:0004610400000093;rssi1:0004640100000011;qd:B2;rssi2:0000000000000000;qd:00;rssi3:0000000000000000;qd:00;rssi4:0000000000000000;qd:00

        {RSSI 信息解析}: 
[2016-01-14 16:22:47]: rssi:OBU:0004610400000093;rssi1:0004640100000011;qd:B0;rssi2:0000000000000000;qd:00;rssi3:0000000000000000;qd:00;rssi4:0000000000000000;qd:00

[2016-01-14 16:22:49]:OBU信息帧 OBU:0004610400000093;CardID:0000000000000000;Other info:66666666
[2016-01-14 16:22:53]:OBU信息帧 OBU:0004610400000093;CardID:0000000000000000;Other info:66666666
[2016-01-14 16:22:55]:OBU信息帧 OBU:0004610400000093;CardID:0000000000000000;Other info:66666666
[2016-01-14 16:23:03]:OBU信息帧 OBU:0004610400000093;CardID:0000000000000000;Other info:66666666
[2016-01-14 16:23:03]:OBU信息帧 OBU:0004610400000093;CardID:0000000000000000;Other info:66666666
[2016-01-14 16:23:05]:OBU信息帧 OBU:0004610400000093;CardID:0000000000000000;Other info:66666666
[2016-01-14 16:23:22]:OBU信息帧 OBU:0004610400000093;CardID:0000000000000000;Other info:66666666
        {RSSI 信息解析}: 
[2016-01-14 16:23:23]: rssi:OBU:0004610400000093;rssi1:0004640100000015;qd:A9;rssi2:0000000000000000;qd:00;rssi3:0000000000000000;qd:00;rssi4:0000000000000000;qd:00

[2016-01-14 16:23:27]:OBU信息帧 OBU:0004610400000093;CardID:0000000000000000;Other info:66666666
        {RSSI 信息解析}: 
[2016-01-14 16:23:30]: rssi:OBU:0004610400000093;rssi1:0004640100000015;qd:A6;rssi2:0000000000000000;qd:00;rssi3:0000000000000000;qd:00;rssi4:0000000000000000;qd:00

[2016-01-14 16:23:32]:OBU信息帧 OBU:0004610400000093;CardID:0000000000000000;Other info:66666666
[2016-01-14 16:23:34]:OBU信息帧 OBU:0004610400000093;CardID:0000000000000000;Other info:66666666
[2016-01-14 16:23:34]:OBU信息帧 OBU:0004610400000093;CardID:0000000000000000;Other info:66666666
        {RSSI 信息解析}: 
[2016-01-14 16:23:38]: rssi:OBU:0004610400000093;rssi1:0004640100000016;qd:AA;rssi2:0000000000000000;qd:00;rssi3:0000000000000000;qd:00;rssi4:0000000000000000;qd:00

[2016-01-14 16:23:46]:OBU信息帧 OBU:0004610400000093;CardID:0000000000000000;Other info:66666666
[2016-01-14 16:24:02]:OBU信息帧 OBU:0004610400000093;CardID:0000000000000000;Other info:66666666
[2016-01-14 16:24:11]:OBU信息帧 OBU:0004610400000093;CardID:0000000000000000;Other info:66666666
        {RSSI 信息解析}: 
[2016-01-14 16:24:16]: rssi:OBU:0004610400000093;rssi1:0004640100000011;qd:A6;rssi2:0000000000000000;qd:00;rssi3:0000000000000000;qd:00;rssi4:0000000000000000;qd:00

        {RSSI 信息解析}: 
[2016-01-14 16:24:17]: rssi:OBU:0004610400000093;rssi1:0004640100000011;qd:A6;rssi2:0000000000000000;qd:00;rssi3:0000000000000000;qd:00;rssi4:0000000000000000;qd:00

[2016-01-14 16:24:18]:OBU信息帧 OBU:0004610400000093;CardID:0000000000000000;Other info:66666666
[2016-01-14 16:24:25]:OBU=0004610400000093
[2016-01-14 16:24:25]:POS=0138
[2016-01-14 16:24:25]:OBU信息帧 OBU:0004610400000093;CardID:0000000000000000;Other info:66666666
[2016-01-14 16:24:26]:OBU信息帧 OBU:0004610400000093;CardID:0000000000000000;Other info:66666666
        {RSSI 信息解析}: 
[2016-01-14 16:24:28]: rssi:OBU:0004610400000093;rssi1:0004640100000016;qd:AF;rssi2:0000000000000000;qd:00;rssi3:0000000000000000;qd:00;rssi4:0000000000000000;qd:00

[2016-01-14 16:24:28]:OBU信息帧 OBU:0004610400000093;CardID:0000000000000000;Other info:66666666
[2016-01-14 16:24:36]:OBU信息帧 OBU:0004610400000093;CardID:0000000000000000;Other info:66666666
[2016-01-14 16:24:36]:OBU信息帧 OBU:0004610400000093;CardID:0000000000000000;Other info:66666666
[2016-01-14 16:24:40]:OBU信息帧 OBU:0004610400000093;CardID:0000000000000000;Other info:66666666
[2016-01-14 16:24:41]:OBU信息帧 OBU:0004610400000093;CardID:0000000000000000;Other info:66666666
[2016-01-14 16:24:41]:OBU信息帧 OBU:0004610400000093;CardID:0000000000000000;Other info:66666666
[2016-01-14 16:24:42]:OBU信息帧 OBU:0004610400000093;CardID:0000000000000000;Other info:66666666
        {RSSI 信息解析}: 
[2016-01-14 16:24:48]: rssi:OBU:0004610400000093;rssi1:0004640100000011;qd:B2;rssi2:0004640100000015;qd:A5;rssi3:0000000000000000;qd:00;rssi4:0000000000000000;qd:00

[2016-01-14 16:24:50]:OBU信息帧 OBU:0004610400000093;CardID:0000000000000000;Other info:66666666
        {RSSI 信息解析}: 
[2016-01-14 16:24:51]: rssi:OBU:0004610400000093;rssi1:0004640100000011;qd:B1;rssi2:0000000000000000;qd:00;rssi3:0000000000000000;qd:00;rssi4:0000000000000000;qd:00

[2016-01-14 16:24:53]:OBU信息帧 OBU:0004610400000093;CardID:0000000000000000;Other info:66666666
        {RSSI 信息解析}: 
[2016-01-14 16:24:54]: rssi:OBU:0004610400000093;rssi1:0004640100000015;qd:B1;rssi2:0004640100000016;qd:B8;rssi3:0004640100000011;qd:B7;rssi4:0000000000000000;qd:00

        {RSSI 信息解析}: 
[2016-01-14 16:24:56]: rssi:OBU:0004610400000093;rssi1:0004640100000016;qd:BA;rssi2:0000000000000000;qd:00;rssi3:0000000000000000;qd:00;rssi4:0000000000000000;qd:00

        {RSSI 信息解析}: 
[2016-01-14 16:24:58]: rssi:OBU:0004610400000093;rssi1:0004640100000016;qd:C3;rssi2:0000000000000000;qd:00;rssi3:0000000000000000;qd:00;rssi4:0000000000000000;qd:00

[2016-01-14 16:25:01]:OBU信息帧 OBU:0004610400000093;CardID:0000000000000000;Other info:66666666
[2016-01-14 16:25:10]:OBU信息帧 OBU:0004610400000093;CardID:0000000000000000;Other info:66666666
[2016-01-14 16:25:11]:OBU信息帧 OBU:0004610400000093;CardID:0000000000000000;Other info:66666666
[2016-01-14 16:25:12]:OBU信息帧 OBU:0004610400000093;CardID:0000000000000000;Other info:66666666
        {RSSI 信息解析}: 
[2016-01-14 16:25:13]: rssi:OBU:0004610400000093;rssi1:0004640100000011;qd:BA;rssi2:0000000000000000;qd:00;rssi3:0000000000000000;qd:00;rssi4:0000000000000000;qd:00

[2016-01-14 16:25:14]:OBU信息帧 OBU:0004610400000093;CardID:0000000000000000;Other info:66666666
        {RSSI 信息解析}: 
[2016-01-14 16:25:15]: rssi:OBU:0004610400000093;rssi1:0004640100000011;qd:B1;rssi2:0000000000000000;qd:00;rssi3:0000000000000000;qd:00;rssi4:0000000000000000;qd:00

        {RSSI 信息解析}: 
[2016-01-14 16:25:17]: rssi:OBU:0004610400000093;rssi1:0004640100000011;qd:B3;rssi2:0004640100000016;qd:B8;rssi3:0000000000000000;qd:00;rssi4:0000000000000000;qd:00

[2016-01-14 16:25:20]:OBU信息帧 OBU:0004610400000093;CardID:0000000000000000;Other info:66666666
        {RSSI 信息解析}: 
[2016-01-14 16:25:20]: rssi:OBU:0004610400000093;rssi1:0004640100000011;qd:BB;rssi2:0004640100000016;qd:B1;rssi3:0004640100000015;qd:A8;rssi4:0000000000000000;qd:00

        {RSSI 信息解析}: 
[2016-01-14 16:25:21]: rssi:OBU:0004610400000093;rssi1:0004640100000011;qd:BB;rssi2:0004640100000016;qd:B1;rssi3:0004640100000015;qd:A8;rssi4:0000000000000000;qd:00

        {RSSI 信息解析}: 
[2016-01-14 16:25:21]: rssi:OBU:0004610400000093;rssi1:0004640100000011;qd:B3;rssi2:0000000000000000;qd:00;rssi3:0000000000000000;qd:00;rssi4:0000000000000000;qd:00

[2016-01-14 16:25:26]:OBU信息帧 OBU:0004610400000093;CardID:0000000000000000;Other info:66666666
[2016-01-14 16:25:37]:OBU信息帧 OBU:0004610400000093;CardID:0000000000000000;Other info:66666666
        {RSSI 信息解析}: 
[2016-01-14 16:25:39]: rssi:OBU:0004610400000093;rssi1:0004640100000011;qd:BA;rssi2:0000000000000000;qd:00;rssi3:0000000000000000;qd:00;rssi4:0000000000000000;qd:00

        {RSSI 信息解析}: 
[2016-01-14 16:25:43]: rssi:OBU:0004610400000093;rssi1:0004640100000011;qd:BD;rssi2:0004640100000016;qd:B5;rssi3:0000000000000000;qd:00;rssi4:0000000000000000;qd:00

        {RSSI 信息解析}: 
[2016-01-14 16:25:45]: rssi:OBU:0004610400000093;rssi1:0004640100000011;qd:BE;rssi2:0004640100000016;qd:B2;rssi3:0000000000000000;qd:00;rssi4:0000000000000000;qd:00

        {RSSI 信息解析}: 
[2016-01-14 16:25:46]: rssi:OBU:0004610400000093;rssi1:0004640100000011;qd:BD;rssi2:0000000000000000;qd:00;rssi3:0000000000000000;qd:00;rssi4:0000000000000000;qd:00

        {RSSI 信息解析}: 
[2016-01-14 16:25:46]: rssi:OBU:0004610400000093;rssi1:0004640100000011;qd:BD;rssi2:0000000000000000;qd:00;rssi3:0000000000000000;qd:00;rssi4:0000000000000000;qd:00

        {RSSI 信息解析}: 
[2016-01-14 16:25:49]: rssi:OBU:0004610400000093;rssi1:0004640100000011;qd:B2;rssi2:0004640100000016;qd:AD;rssi3:0000000000000000;qd:00;rssi4:0000000000000000;qd:00

        {RSSI 信息解析}: 
[2016-01-14 16:25:51]: rssi:OBU:0004610400000093;rssi1:0004640100000017;qd:A8;rssi2:0000000000000000;qd:00;rssi3:0000000000000000;qd:00;rssi4:0000000000000000;qd:00

[2016-01-14 16:25:53]:OBU信息帧 OBU:0004610400000093;CardID:0000000000000000;Other info:66666666
        {RSSI 信息解析}: 
[2016-01-14 16:26:03]: rssi:OBU:0004610400000093;rssi1:0004640100000017;qd:AA;rssi2:0000000000000000;qd:00;rssi3:0000000000000000;qd:00;rssi4:0000000000000000;qd:00

        {RSSI 信息解析}: 
[2016-01-14 16:26:06]: rssi:OBU:0004610400000093;rssi1:0004640100000012;qd:AA;rssi2:0004640100000016;qd:B3;rssi3:0004640100000017;qd:AB;rssi4:0004640100000011;qd:AF

        {RSSI 信息解析}: 
[2016-01-14 16:26:13]: rssi:OBU:0004610400000093;rssi1:0004640100000016;qd:B4;rssi2:0004640100000017;qd:AA;rssi3:0004640100000011;qd:B1;rssi4:0004640100000012;qd:AA

        {RSSI 信息解析}: 
[2016-01-14 16:26:15]: rssi:OBU:0004610400000093;rssi1:0004640100000016;qd:B3;rssi2:0004640100000012;qd:AB;rssi3:0000000000000000;qd:00;rssi4:0000000000000000;qd:00

        {RSSI 信息解析}: 
[2016-01-14 16:26:16]: rssi:OBU:0004610400000093;rssi1:0004640100000016;qd:B2;rssi2:0004640100000017;qd:A9;rssi3:0000000000000000;qd:00;rssi4:0000000000000000;qd:00

        {RSSI 信息解析}: 
[2016-01-14 16:26:17]: rssi:OBU:0004610400000093;rssi1:0004640100000016;qd:B2;rssi2:0000000000000000;qd:00;rssi3:0000000000000000;qd:00;rssi4:0000000000000000;qd:00

        {RSSI 信息解析}: 
[2016-01-14 16:26:21]: rssi:OBU:0004610400000093;rssi1:0004640100000016;qd:B3;rssi2:0004640100000011;qd:AD;rssi3:0004640100000015;qd:A7;rssi4:0004640100000017;qd:A6

        {RSSI 信息解析}: 
[2016-01-14 16:26:23]: rssi:OBU:0004610400000093;rssi1:0004640100000016;qd:B3;rssi2:0004640100000011;qd:B1;rssi3:0000000000000000;qd:00;rssi4:0000000000000000;qd:00

[2016-01-14 16:26:26]:OBU信息帧 OBU:0004610400000093;CardID:0000000000000000;Other info:66666666
        {RSSI 信息解析}: 
[2016-01-14 16:26:29]: rssi:OBU:0004610400000093;rssi1:0004640100000016;qd:B2;rssi2:0004640100000011;qd:B1;rssi3:0004640100000017;qd:AB;rssi4:0004640100000014;qd:A5

        {RSSI 信息解析}: 
[2016-01-14 16:26:31]: rssi:OBU:0004610400000093;rssi1:0004640100000016;qd:B1;rssi2:0004640100000017;qd:AC;rssi3:0004640100000011;qd:AF;rssi4:0000000000000000;qd:00

        {RSSI 信息解析}: 
[2016-01-14 16:26:32]: rssi:OBU:0004610400000093;rssi1:0004640100000016;qd:B1;rssi2:0000000000000000;qd:00;rssi3:0000000000000000;qd:00;rssi4:0000000000000000;qd:00

        {RSSI 信息解析}: 
[2016-01-14 16:26:32]: rssi:OBU:0004610400000093;rssi1:0004640100000016;qd:B1;rssi2:0000000000000000;qd:00;rssi3:0000000000000000;qd:00;rssi4:0000000000000000;qd:00

        {RSSI 信息解析}: 
[2016-01-14 16:26:32]: rssi:OBU:0004610400000093;rssi1:0004640100000016;qd:B1;rssi2:0000000000000000;qd:00;rssi3:0000000000000000;qd:00;rssi4:0000000000000000;qd:00

        {RSSI 信息解析}: 
[2016-01-14 16:26:33]: rssi:OBU:0004610400000093;rssi1:0004640100000016;qd:B1;rssi2:0000000000000000;qd:00;rssi3:0000000000000000;qd:00;rssi4:0000000000000000;qd:00

        {RSSI 信息解析}: 
[2016-01-14 16:26:33]: rssi:OBU:0004610400000093;rssi1:0004640100000011;qd:AC;rssi2:0000000000000000;qd:00;rssi3:0000000000000000;qd:00;rssi4:0000000000000000;qd:00

        {RSSI 信息解析}: 
[2016-01-14 16:26:35]: rssi:OBU:0004610400000093;rssi1:0004640100000016;qd:B1;rssi2:0004640100000011;qd:AA;rssi3:0000000000000000;qd:00;rssi4:0000000000000000;qd:00

        {RSSI 信息解析}: 
[2016-01-14 16:26:37]: rssi:OBU:0004610400000093;rssi1:0004640100000016;qd:B1;rssi2:0004640100000011;qd:A6;rssi3:0000000000000000;qd:00;rssi4:0000000000000000;qd:00

[2016-01-14 16:26:40]:OBU=0004610400000093
[2016-01-14 16:26:40]:{出站!}
[2016-01-14 16:26:40]:OBU=0004610400000093
[2016-01-14 16:26:40]:{进站!}
        {RSSI 信息解析}: 
[2016-01-14 16:26:42]: rssi:OBU:0004610400000093;rssi1:0004640100000016;qd:B2;rssi2:0004640100000011;qd:A6;rssi3:0004640100000012;qd:A7;rssi4:0004640100000015;qd:A4

        {RSSI 信息解析}: 
[2016-01-14 16:26:45]: rssi:OBU:0004610400000093;rssi1:0004640100000016;qd:B1;rssi2:0004640100000012;qd:A8;rssi3:0004640100000017;qd:A8;rssi4:0000000000000000;qd:00

        {RSSI 信息解析}: 
[2016-01-14 16:26:47]: rssi:OBU:0004610400000093;rssi1:0004640100000016;qd:B1;rssi2:0004640100000011;qd:AC;rssi3:0004640100000017;qd:A8;rssi4:0004640100000012;qd:A6

        {RSSI 信息解析}: 
[2016-01-14 16:26:51]: rssi:OBU:0004610400000093;rssi1:0004640100000016;qd:B1;rssi2:0004640100000017;qd:A8;rssi3:0004640100000011;qd:B1;rssi4:0004640100000012;qd:A7

        {RSSI 信息解析}: 
[2016-01-14 16:26:54]: rssi:OBU:0004610400000093;rssi1:0004640100000016;qd:B1;rssi2:0004640100000011;qd:A8;rssi3:0004640100000017;qd:AA;rssi4:0000000000000000;qd:00

        {RSSI 信息解析}: 
[2016-01-14 16:26:56]: rssi:OBU:0004610400000093;rssi1:0004640100000016;qd:B1;rssi2:0004640100000017;qd:AA;rssi3:0004640100000011;qd:A7;rssi4:0000000000000000;qd:00

        {RSSI 信息解析}: 
[2016-01-14 16:26:56]: rssi:OBU:0004610400000093;rssi1:0004640100000016;qd:B1;rssi2:0004640100000017;qd:AA;rssi3:0004640100000011;qd:A7;rssi4:0000000000000000;qd:00

        {RSSI 信息解析}: 
[2016-01-14 16:26:58]: rssi:OBU:0004610400000093;rssi1:0004640100000016;qd:AE;rssi2:0000000000000000;qd:00;rssi3:0000000000000000;qd:00;rssi4:0000000000000000;qd:00

        {RSSI 信息解析}: 
[2016-01-14 16:26:59]: rssi:OBU:0004610400000093;rssi1:0004640100000016;qd:B3;rssi2:0000000000000000;qd:00;rssi3:0000000000000000;qd:00;rssi4:0000000000000000;qd:00

        {RSSI 信息解析}: 
[2016-01-14 16:27:01]: rssi:OBU:0004610400000093;rssi1:0004640100000016;qd:B2;rssi2:0000000000000000;qd:00;rssi3:0000000000000000;qd:00;rssi4:0000000000000000;qd:00

        {RSSI 信息解析}: 
[2016-01-14 16:27:02]: rssi:OBU:0004610400000093;rssi1:0004640100000016;qd:B4;rssi2:0000000000000000;qd:00;rssi3:0000000000000000;qd:00;rssi4:0000000000000000;qd:00

        {RSSI 信息解析}: 
[2016-01-14 16:27:04]: rssi:OBU:0004610400000093;rssi1:0004640100000016;qd:B5;rssi2:0000000000000000;qd:00;rssi3:0000000000000000;qd:00;rssi4:0000000000000000;qd:00

        {RSSI 信息解析}: 
[2016-01-14 16:27:06]: rssi:OBU:0004610400000093;rssi1:0004640100000016;qd:B3;rssi2:0000000000000000;qd:00;rssi3:0000000000000000;qd:00;rssi4:0000000000000000;qd:00

        {RSSI 信息解析}: 
[2016-01-14 16:27:07]: rssi:OBU:0004610400000093;rssi1:0004640100000016;qd:B2;rssi2:0004640100000017;qd:A8;rssi3:0000000000000000;qd:00;rssi4:0000000000000000;qd:00

        {RSSI 信息解析}: 
[2016-01-14 16:27:09]: rssi:OBU:0004610400000093;rssi1:0004640100000016;qd:B3;rssi2:0000000000000000;qd:00;rssi3:0000000000000000;qd:00;rssi4:0000000000000000;qd:00

        {RSSI 信息解析}: 
[2016-01-14 16:27:10]: rssi:OBU:0004610400000093;rssi1:0004640100000016;qd:B2;rssi2:0000000000000000;qd:00;rssi3:0000000000000000;qd:00;rssi4:0000000000000000;qd:00

        {RSSI 信息解析}: 
[2016-01-14 16:27:10]: rssi:OBU:0004610400000093;rssi1:0004640100000016;qd:B2;rssi2:0000000000000000;qd:00;rssi3:0000000000000000;qd:00;rssi4:0000000000000000;qd:00

        {RSSI 信息解析}: 
[2016-01-14 16:27:17]: rssi:OBU:0004610400000093;rssi1:0004640100000016;qd:B3;rssi2:0004640100000011;qd:AE;rssi3:0004640100000017;qd:A9;rssi4:0000000000000000;qd:00

        {RSSI 信息解析}: 
[2016-01-14 16:27:18]: rssi:OBU:0004610400000093;rssi1:0004640100000016;qd:B3;rssi2:0000000000000000;qd:00;rssi3:0000000000000000;qd:00;rssi4:0000000000000000;qd:00

        {RSSI 信息解析}: 
[2016-01-14 16:27:21]: rssi:OBU:0004610400000093;rssi1:0004640100000016;qd:B4;rssi2:0004640100000011;qd:B0;rssi3:0004640100000017;qd:A9;rssi4:0000000000000000;qd:00

        {RSSI 信息解析}: 
[2016-01-14 16:27:25]: rssi:OBU:0004610400000093;rssi1:0004640100000016;qd:B3;rssi2:0004640100000011;qd:B1;rssi3:0004640100000017;qd:A8;rssi4:0004640100000012;qd:AB

[2016-01-14 16:27:26]:OBU信息帧 OBU:0004610400000093;CardID:0000000000000000;Other info:66666666
        {RSSI 信息解析}: 
[2016-01-14 16:27:32]: rssi:OBU:0004610400000093;rssi1:0004640100000016;qd:B5;rssi2:0004640100000011;qd:B1;rssi3:0004640100000017;qd:A8;rssi4:0004640100000015;qd:A3

        {RSSI 信息解析}: 
[2016-01-14 16:27:35]: rssi:OBU:0004610400000093;rssi1:0004640100000016;qd:B4;rssi2:0004640100000011;qd:AF;rssi3:0000000000000000;qd:00;rssi4:0000000000000000;qd:00

        {RSSI 信息解析}: 
[2016-01-14 16:27:44]: rssi:OBU:0004610400000093;rssi1:0004640100000011;qd:AF;rssi2:0000000000000000;qd:00;rssi3:0000000000000000;qd:00;rssi4:0000000000000000;qd:00

        {RSSI 信息解析}: 
[2016-01-14 16:27:54]: rssi:OBU:0004610400000093;rssi1:0004640100000016;qd:B3;rssi2:0004640100000011;qd:AE;rssi3:0000000000000000;qd:00;rssi4:0000000000000000;qd:00

        {RSSI 信息解析}: 
[2016-01-14 16:27:56]: rssi:OBU:0004610400000093;rssi1:0004640100000016;qd:B2;rssi2:0004640100000012;qd:AB;rssi3:0004640100000011;qd:AD;rssi4:0000000000000000;qd:00

        {RSSI 信息解析}: 
[2016-01-14 16:28:01]: rssi:OBU:0004610400000093;rssi1:0004640100000016;qd:B4;rssi2:0004640100000011;qd:AB;rssi3:0004640100000017;qd:A9;rssi4:0004640100000012;qd:AA

        {RSSI 信息解析}: 
[2016-01-14 16:28:04]: rssi:OBU:0004610400000093;rssi1:0004640100000016;qd:B5;rssi2:0000000000000000;qd:00;rssi3:0000000000000000;qd:00;rssi4:0000000000000000;qd:00

        {RSSI 信息解析}: 
[2016-01-14 16:28:06]: rssi:OBU:0004610400000093;rssi1:0004640100000016;qd:B4;rssi2:0004640100000017;qd:A9;rssi3:0004640100000015;qd:A4;rssi4:0000000000000000;qd:00

        {RSSI 信息解析}: 
[2016-01-14 16:28:08]: rssi:OBU:0004610400000093;rssi1:0004640100000016;qd:B4;rssi2:0004640100000011;qd:AF;rssi3:0004640100000017;qd:A9;rssi4:0000000000000000;qd:00

        {RSSI 信息解析}: 
[2016-01-14 16:28:14]: rssi:OBU:0004610400000093;rssi1:0004640100000016;qd:B4;rssi2:0004640100000012;qd:AA;rssi3:0004640100000017;qd:A9;rssi4:0004640100000011;qd:B0

        {RSSI 信息解析}: 
[2016-01-14 16:28:17]: rssi:OBU:0004610400000093;rssi1:0004640100000016;qd:B3;rssi2:0004640100000015;qd:A5;rssi3:0004640100000017;qd:AA;rssi4:0004640100000011;qd:AF

        {RSSI 信息解析}: 
[2016-01-14 16:28:20]: rssi:OBU:0004610400000093;rssi1:0004640100000016;qd:B2;rssi2:0004640100000011;qd:AF;rssi3:0004640100000017;qd:A9;rssi4:0004640100000012;qd:AB

        {RSSI 信息解析}: 
[2016-01-14 16:28:23]: rssi:OBU:0004610400000093;rssi1:0004640100000016;qd:B4;rssi2:0004640100000017;qd:A9;rssi3:0004640100000012;qd:A7;rssi4:0004640100000011;qd:AF

        {RSSI 信息解析}: 
[2016-01-14 16:28:24]: rssi:OBU:0004610400000093;rssi1:0004640100000016;qd:B5;rssi2:0000000000000000;qd:00;rssi3:0000000000000000;qd:00;rssi4:0000000000000000;qd:00

[2016-01-14 16:28:27]:OBU信息帧 OBU:0004610400000093;CardID:0000000000000000;Other info:66666666
        {RSSI 信息解析}: 
[2016-01-14 16:28:40]: rssi:OBU:0004610400000093;rssi1:0004640100000016;qd:B4;rssi2:0004640100000011;qd:AF;rssi3:0004640100000017;qd:A7;rssi4:0004640100000014;qd:A5

        {RSSI 信息解析}: 
[2016-01-14 16:28:41]: rssi:OBU:0004610400000093;rssi1:0004640100000016;qd:B4;rssi2:0000000000000000;qd:00;rssi3:0000000000000000;qd:00;rssi4:0000000000000000;qd:00

        {RSSI 信息解析}: 
[2016-01-14 16:28:41]: rssi:OBU:0004610400000093;rssi1:0004640100000016;qd:B4;rssi2:0000000000000000;qd:00;rssi3:0000000000000000;qd:00;rssi4:0000000000000000;qd:00

        {RSSI 信息解析}: 
[2016-01-14 16:28:44]: rssi:OBU:0004610400000093;rssi1:0004640100000016;qd:B5;rssi2:0004640100000017;qd:A8;rssi3:0004640100000011;qd:AF;rssi4:0000000000000000;qd:00

        {RSSI 信息解析}: 
[2016-01-14 16:28:48]: rssi:OBU:0004610400000093;rssi1:0004640100000016;qd:B4;rssi2:0004640100000017;qd:A8;rssi3:0004640100000011;qd:AF;rssi4:0004640100000015;qd:A3

        {RSSI 信息解析}: 
[2016-01-14 16:28:52]: rssi:OBU:0004610400000093;rssi1:0004640100000016;qd:B3;rssi2:0004640100000011;qd:AF;rssi3:0004640100000017;qd:A9;rssi4:0004640100000012;qd:AC

        {RSSI 信息解析}: 
[2016-01-14 16:28:54]: rssi:OBU:0004610400000093;rssi1:0004640100000016;qd:B4;rssi2:0004640100000011;qd:AE;rssi3:0000000000000000;qd:00;rssi4:0000000000000000;qd:00

        {RSSI 信息解析}: 
[2016-01-14 16:28:56]: rssi:OBU:0004610400000093;rssi1:0004640100000016;qd:B4;rssi2:0004640100000011;qd:AD;rssi3:0000000000000000;qd:00;rssi4:0000000000000000;qd:00

        {RSSI 信息解析}: 
[2016-01-14 16:28:57]: rssi:OBU:0004610400000093;rssi1:0004640100000016;qd:B4;rssi2:0004640100000011;qd:AE;rssi3:0000000000000000;qd:00;rssi4:0000000000000000;qd:00

        {RSSI 信息解析}: 
[2016-01-14 16:28:59]: rssi:OBU:0004610400000093;rssi1:0004640100000015;qd:A5;rssi2:0004640100000011;qd:AF;rssi3:0000000000000000;qd:00;rssi4:0000000000000000;qd:00

        {RSSI 信息解析}: 
[2016-01-14 16:29:04]: rssi:OBU:0004610400000093;rssi1:0004640100000016;qd:B4;rssi2:0004640100000011;qd:B2;rssi3:0004640100000015;qd:A4;rssi4:0000000000000000;qd:00

        {RSSI 信息解析}: 
[2016-01-14 16:29:07]: rssi:OBU:0004610400000093;rssi1:0004640100000016;qd:B4;rssi2:0004640100000011;qd:B2;rssi3:0004640100000017;qd:A8;rssi4:0004640100000012;qd:AA

        {RSSI 信息解析}: 
[2016-01-14 16:29:10]: rssi:OBU:0004610400000093;rssi1:0004640100000016;qd:B3;rssi2:0004640100000012;qd:A9;rssi3:0004640100000017;qd:AB;rssi4:0004640100000011;qd:B1

        {RSSI 信息解析}: 
[2016-01-14 16:29:12]: rssi:OBU:0004610400000093;rssi1:0004640100000016;qd:B3;rssi2:0004640100000011;qd:B2;rssi3:0004640100000017;qd:A8;rssi4:0000000000000000;qd:00

        {RSSI 信息解析}: 
[2016-01-14 16:29:15]: rssi:OBU:0004610400000093;rssi1:0004640100000016;qd:B5;rssi2:0004640100000017;qd:AA;rssi3:0004640100000011;qd:B4;rssi4:0000000000000000;qd:00

        {RSSI 信息解析}: 
[2016-01-14 16:29:23]: rssi:OBU:0004610400000093;rssi1:0004640100000016;qd:B5;rssi2:0004640100000017;qd:A9;rssi3:0004640100000011;qd:B3;rssi4:0004640100000014;qd:A4

        {RSSI 信息解析}: 
[2016-01-14 16:29:24]: rssi:OBU:0004610400000093;rssi1:0004640100000016;qd:B5;rssi2:0004640100000011;qd:B6;rssi3:0000000000000000;qd:00;rssi4:0000000000000000;qd:00

[2016-01-14 16:29:26]:OBU信息帧 OBU:0004610400000093;CardID:0000000000000000;Other info:66666666
        {RSSI 信息解析}: 
[2016-01-14 16:29:28]: rssi:OBU:0004610400000093;rssi1:0004640100000016;qd:B5;rssi2:0004640100000011;qd:B1;rssi3:0004640100000017;qd:A8;rssi4:0000000000000000;qd:00

        {RSSI 信息解析}: 
[2016-01-14 16:29:31]: rssi:OBU:0004610400000093;rssi1:0004640100000016;qd:B5;rssi2:0004640100000011;qd:B1;rssi3:0004640100000015;qd:A4;rssi4:0000000000000000;qd:00

        {RSSI 信息解析}: 
[2016-01-14 16:29:35]: rssi:OBU:0004610400000093;rssi1:0004640100000016;qd:B7;rssi2:0004640100000011;qd:AE;rssi3:0004640100000015;qd:A7;rssi4:0000000000000000;qd:00

        {RSSI 信息解析}: 
[2016-01-14 16:29:38]: rssi:OBU:0004610400000093;rssi1:0004640100000012;qd:A9;rssi2:0004640100000016;qd:B1;rssi3:0004640100000015;qd:A2;rssi4:0000000000000000;qd:00

        {RSSI 信息解析}: 
[2016-01-14 16:29:39]: rssi:OBU:0004610400000093;rssi1:0004640100000016;qd:B2;rssi2:0000000000000000;qd:00;rssi3:0000000000000000;qd:00;rssi4:0000000000000000;qd:00

        {RSSI 信息解析}: 
[2016-01-14 16:29:41]: rssi:OBU:0004610400000093;rssi1:0004640100000016;qd:B6;rssi2:0000000000000000;qd:00;rssi3:0000000000000000;qd:00;rssi4:0000000000000000;qd:00

        {RSSI 信息解析}: 
[2016-01-14 16:29:46]: rssi:OBU:0004610400000093;rssi1:0004640100000016;qd:B5;rssi2:0004640100000017;qd:A8;rssi3:0004640100000015;qd:A7;rssi4:0004640100000011;qd:B1

        {RSSI 信息解析}: 
[2016-01-14 16:29:48]: rssi:OBU:0004610400000093;rssi1:0004640100000016;qd:B7;rssi2:0004640100000011;qd:AC;rssi3:0000000000000000;qd:00;rssi4:0000000000000000;qd:00

        {RSSI 信息解析}: 
[2016-01-14 16:29:51]: rssi:OBU:0004610400000093;rssi1:0004640100000016;qd:B5;rssi2:0004640100000011;qd:B4;rssi3:0004640100000015;qd:A9;rssi4:0000000000000000;qd:00

        {RSSI 信息解析}: 
[2016-01-14 16:29:53]: rssi:OBU:0004610400000093;rssi1:0004640100000016;qd:B8;rssi2:0004640100000011;qd:B3;rssi3:0004640100000015;qd:A6;rssi4:0000000000000000;qd:00

        {RSSI 信息解析}: 
[2016-01-14 16:29:54]: rssi:OBU:0004610400000093;rssi1:0004640100000016;qd:B6;rssi2:0004640100000011;qd:B5;rssi3:0004640100000015;qd:A9;rssi4:0000000000000000;qd:00

        {RSSI 信息解析}: 
[2016-01-14 16:29:56]: rssi:OBU:0004610400000093;rssi1:0004640100000016;qd:B6;rssi2:0004640100000011;qd:B1;rssi3:0000000000000000;qd:00;rssi4:0000000000000000;qd:00

        {RSSI 信息解析}: 
[2016-01-14 16:29:57]: rssi:OBU:0004610400000093;rssi1:0004640100000011;qd:B6;rssi2:0000000000000000;qd:00;rssi3:0000000000000000;qd:00;rssi4:0000000000000000;qd:00

        {RSSI 信息解析}: 
[2016-01-14 16:29:59]: rssi:OBU:0004610400000093;rssi1:0004640100000016;qd:B6;rssi2:0004640100000012;qd:A2;rssi3:0004640100000015;qd:A5;rssi4:0004640100000011;qd:B6

        {RSSI 信息解析}: 
[2016-01-14 16:30:02]: rssi:OBU:0004610400000093;rssi1:0004640100000011;qd:B5;rssi2:0004640100000015;qd:A9;rssi3:0004640100000017;qd:A6;rssi4:0000000000000000;qd:00

        {RSSI 信息解析}: 
[2016-01-14 16:30:09]: rssi:OBU:0004610400000093;rssi1:0004640100000016;qd:B5;rssi2:0004640100000012;qd:A4;rssi3:0004640100000015;qd:A7;rssi4:0004640100000011;qd:B3

        {RSSI 信息解析}: 
[2016-01-14 16:30:11]: rssi:OBU:0004610400000093;rssi1:0004640100000015;qd:A8;rssi2:0000000000000000;qd:00;rssi3:0000000000000000;qd:00;rssi4:0000000000000000;qd:00

        {RSSI 信息解析}: 
[2016-01-14 16:30:11]: rssi:OBU:0004610400000093;rssi1:0004640100000015;qd:A8;rssi2:0000000000000000;qd:00;rssi3:0000000000000000;qd:00;rssi4:0000000000000000;qd:00

        {RSSI 信息解析}: 
[2016-01-14 16:30:15]: rssi:OBU:0004610400000093;rssi1:0004640100000016;qd:B6;rssi2:0004640100000017;qd:A4;rssi3:0004640100000011;qd:AF;rssi4:0000000000000000;qd:00

        {RSSI 信息解析}: 
[2016-01-14 16:30:22]: rssi:OBU:0004610400000093;rssi1:0004640100000016;qd:B4;rssi2:0000000000000000;qd:00;rssi3:0000000000000000;qd:00;rssi4:0000000000000000;qd:00

        {RSSI 信息解析}: 
[2016-01-14 16:30:24]: rssi:OBU:0004610400000093;rssi1:0004640100000016;qd:B4;rssi2:0004640100000011;qd:AD;rssi3:0000000000000000;qd:00;rssi4:0000000000000000;qd:00

[2016-01-14 16:30:26]:OBU信息帧 OBU:0004610400000093;CardID:0000000000000000;Other info:66666666
        {RSSI 信息解析}: 
[2016-01-14 16:30:27]: rssi:OBU:0004610400000093;rssi1:0004640100000016;qd:B4;rssi2:0004640100000011;qd:AC;rssi3:0004640100000014;qd:A6;rssi4:0000000000000000;qd:00

        {RSSI 信息解析}: 
[2016-01-14 16:30:32]: rssi:OBU:0004610400000093;rssi1:0004640100000016;qd:B6;rssi2:0004640100000011;qd:AF;rssi3:0004640100000012;qd:A9;rssi4:0004640100000017;qd:A5

        {RSSI 信息解析}: 
[2016-01-14 16:30:37]: rssi:OBU:0004610400000093;rssi1:0004640100000016;qd:B5;rssi2:0004640100000011;qd:B3;rssi3:0000000000000000;qd:00;rssi4:0000000000000000;qd:00

        {RSSI 信息解析}: 
[2016-01-14 16:30:38]: rssi:OBU:0004610400000093;rssi1:0004640100000016;qd:B8;rssi2:0000000000000000;qd:00;rssi3:0000000000000000;qd:00;rssi4:0000000000000000;qd:00

        {RSSI 信息解析}: 
[2016-01-14 16:30:40]: rssi:OBU:0004610400000093;rssi1:0004640100000016;qd:B3;rssi2:0004640100000011;qd:B4;rssi3:0000000000000000;qd:00;rssi4:0000000000000000;qd:00

        {RSSI 信息解析}: 
[2016-01-14 16:30:40]: rssi:OBU:0004610400000093;rssi1:0004640100000016;qd:B3;rssi2:0004640100000011;qd:B4;rssi3:0000000000000000;qd:00;rssi4:0000000000000000;qd:00

[2016-01-14 16:30:42]:OBU信息帧 OBU:0004610400000093;CardID:0000000000000000;Other info:66666666
        {RSSI 信息解析}: 
[2016-01-14 16:30:42]: rssi:OBU:0004610400000093;rssi1:0004640100000016;qd:AB;rssi2:0000000000000000;qd:00;rssi3:0000000000000000;qd:00;rssi4:0000000000000000;qd:00

        {RSSI 信息解析}: 
[2016-01-14 16:30:51]: rssi:OBU:0004610400000093;rssi1:0004640100000011;qd:B8;rssi2:0000000000000000;qd:00;rssi3:0000000000000000;qd:00;rssi4:0000000000000000;qd:00

        {RSSI 信息解析}: 
[2016-01-14 16:30:59]: rssi:OBU:0004610400000093;rssi1:0004640100000011;qd:B5;rssi2:0000000000000000;qd:00;rssi3:0000000000000000;qd:00;rssi4:0000000000000000;qd:00

        {RSSI 信息解析}: 
[2016-01-14 16:31:01]: rssi:OBU:0004610400000093;rssi1:0004640100000011;qd:B5;rssi2:0000000000000000;qd:00;rssi3:0000000000000000;qd:00;rssi4:0000000000000000;qd:00

        {RSSI 信息解析}: 
[2016-01-14 16:31:15]: rssi:OBU:0004610400000093;rssi1:0004640100000011;qd:B4;rssi2:0004640100000016;qd:B4;rssi3:0000000000000000;qd:00;rssi4:0000000000000000;qd:00

[2016-01-14 16:31:15]:OBU信息帧 OBU:0004610400000093;CardID:0000000000000000;Other info:66666666
        {RSSI 信息解析}: 
[2016-01-14 16:31:20]: rssi:OBU:0004610400000093;rssi1:0004640100000011;qd:B3;rssi2:0004640100000014;qd:AA;rssi3:0004640100000016;qd:B3;rssi4:0000000000000000;qd:00

[2016-01-14 16:31:26]:OBU信息帧 OBU:0004610400000093;CardID:0000000000000000;Other info:66666666
        {RSSI 信息解析}: 
[2016-01-14 16:31:28]: rssi:OBU:0004610400000093;rssi1:0004640100000011;qd:B5;rssi2:0004640100000016;qd:B5;rssi3:0004640100000017;qd:A7;rssi4:0004640100000012;qd:A9

        {RSSI 信息解析}: 
[2016-01-14 16:31:30]: rssi:OBU:0004610400000093;rssi1:0004640100000011;qd:B7;rssi2:0004640100000016;qd:B4;rssi3:0004640100000012;qd:A9;rssi4:0000000000000000;qd:00

        {RSSI 信息解析}: 
[2016-01-14 16:31:31]: rssi:OBU:0004610400000093;rssi1:0004640100000012;qd:A8;rssi2:0004640100000017;qd:A7;rssi3:0000000000000000;qd:00;rssi4:0000000000000000;qd:00

        {RSSI 信息解析}: 
[2016-01-14 16:31:32]: rssi:OBU:0004610400000093;rssi1:0004640100000012;qd:A8;rssi2:0004640100000017;qd:A7;rssi3:0000000000000000;qd:00;rssi4:0000000000000000;qd:00

        {RSSI 信息解析}: 
[2016-01-14 16:31:33]: rssi:OBU:0004610400000093;rssi1:0004640100000011;qd:B6;rssi2:0004640100000016;qd:B5;rssi3:0004640100000017;qd:A9;rssi4:0000000000000000;qd:00

        {RSSI 信息解析}: 
[2016-01-14 16:31:36]: rssi:OBU:0004610400000093;rssi1:0004640100000011;qd:B4;rssi2:0004640100000016;qd:B5;rssi3:0004640100000017;qd:A5;rssi4:0000000000000000;qd:00

        {RSSI 信息解析}: 
[2016-01-14 16:31:42]: rssi:OBU:0004610400000093;rssi1:0004640100000011;qd:B2;rssi2:0004640100000016;qd:B5;rssi3:0004640100000012;qd:AA;rssi4:0004640100000017;qd:A8

        {RSSI 信息解析}: 
[2016-01-14 16:31:44]: rssi:OBU:0004610400000093;rssi1:0004640100000011;qd:B3;rssi2:0004640100000016;qd:B5;rssi3:0004640100000017;qd:A8;rssi4:0000000000000000;qd:00

        {RSSI 信息解析}: 
[2016-01-14 16:31:46]: rssi:OBU:0004610400000093;rssi1:0004640100000011;qd:B2;rssi2:0004640100000016;qd:B6;rssi3:0000000000000000;qd:00;rssi4:0000000000000000;qd:00

        {RSSI 信息解析}: 
[2016-01-14 16:31:49]: rssi:OBU:0004610400000093;rssi1:0004640100000011;qd:B4;rssi2:0004640100000016;qd:B5;rssi3:0004640100000012;qd:A9;rssi4:0004640100000017;qd:A7

        {RSSI 信息解析}: 
[2016-01-14 16:31:56]: rssi:OBU:0004610400000093;rssi1:0004640100000011;qd:B0;rssi2:0004640100000016;qd:B7;rssi3:0004640100000017;qd:A8;rssi4:0004640100000012;qd:A8

        {RSSI 信息解析}: 
[2016-01-14 16:31:57]: rssi:OBU:0004610400000093;rssi1:0004640100000011;qd:B5;rssi2:0004640100000016;qd:B5;rssi3:0000000000000000;qd:00;rssi4:0000000000000000;qd:00

        {RSSI 信息解析}: 
[2016-01-14 16:32:03]: rssi:OBU:0004610400000093;rssi1:0004640100000011;qd:B8;rssi2:0004640100000016;qd:B6;rssi3:0004640100000013;qd:A7;rssi4:0004640100000017;qd:A8

        {RSSI 信息解析}: 
[2016-01-14 16:32:05]: rssi:OBU:0004610400000093;rssi1:0004640100000011;qd:B3;rssi2:0004640100000016;qd:B4;rssi3:0004640100000015;qd:A3;rssi4:0000000000000000;qd:00

        {RSSI 信息解析}: 
[2016-01-14 16:32:09]: rssi:OBU:0004610400000093;rssi1:0004640100000011;qd:B5;rssi2:0004640100000016;qd:B7;rssi3:0004640100000015;qd:A5;rssi4:0004640100000017;qd:A9

        {RSSI 信息解析}: 
[2016-01-14 16:32:12]: rssi:OBU:0004610400000093;rssi1:0004640100000011;qd:AF;rssi2:0004640100000014;qd:A8;rssi3:0004640100000016;qd:B6;rssi4:0000000000000000;qd:00

[2016-01-14 16:32:13]:OBU信息帧 OBU:0004610400000093;CardID:0000000000000000;Other info:66666666
        {RSSI 信息解析}: 
[2016-01-14 16:32:13]: rssi:OBU:0004610400000093;rssi1:0004640100000011;qd:B0;rssi2:0004640100000016;qd:B5;rssi3:0004640100000017;qd:A4;rssi4:0000000000000000;qd:00

[2016-01-14 16:32:15]:OBU信息帧 OBU:0004610400000093;CardID:0000000000000000;Other info:66666666
[2016-01-14 16:32:26]:OBU信息帧 OBU:0004610400000093;CardID:0000000000000000;Other info:66666666
[2016-01-14 16:33:26]:OBU信息帧 OBU:0004610400000093;CardID:0000000000000000;Other info:66666666
        {RSSI 信息解析}: 
[2016-01-14 16:33:38]: rssi:OBU:0004610400000093;rssi1:0004640100000011;qd:B1;rssi2:0000000000000000;qd:00;rssi3:0000000000000000;qd:00;rssi4:0000000000000000;qd:00

        {RSSI 信息解析}: 
[2016-01-14 16:33:39]: rssi:OBU:0004610400000093;rssi1:0004640100000011;qd:B2;rssi2:0000000000000000;qd:00;rssi3:0000000000000000;qd:00;rssi4:0000000000000000;qd:00

        {RSSI 信息解析}: 
[2016-01-14 16:33:42]: rssi:OBU:0004610400000093;rssi1:0004640100000011;qd:B1;rssi2:0000000000000000;qd:00;rssi3:0000000000000000;qd:00;rssi4:0000000000000000;qd:00

        {RSSI 信息解析}: 
[2016-01-14 16:33:44]: rssi:OBU:0004610400000093;rssi1:0004640100000011;qd:B1;rssi2:0000000000000000;qd:00;rssi3:0000000000000000;qd:00;rssi4:0000000000000000;qd:00

        {RSSI 信息解析}: 
[2016-01-14 16:33:46]: rssi:OBU:0004610400000093;rssi1:0004640100000011;qd:B1;rssi2:0000000000000000;qd:00;rssi3:0000000000000000;qd:00;rssi4:0000000000000000;qd:00

        {RSSI 信息解析}: 
[2016-01-14 16:33:47]: rssi:OBU:0004610400000093;rssi1:0004640100000011;qd:B2;rssi2:0000000000000000;qd:00;rssi3:0000000000000000;qd:00;rssi4:0000000000000000;qd:00

        {RSSI 信息解析}: 
[2016-01-14 16:33:50]: rssi:OBU:0004610400000093;rssi1:0004640100000011;qd:AE;rssi2:0000000000000000;qd:00;rssi3:0000000000000000;qd:00;rssi4:0000000000000000;qd:00

        {RSSI 信息解析}: 
[2016-01-14 16:33:52]: rssi:OBU:0004610400000093;rssi1:0004640100000011;qd:B1;rssi2:0000000000000000;qd:00;rssi3:0000000000000000;qd:00;rssi4:0000000000000000;qd:00

        {RSSI 信息解析}: 
[2016-01-14 16:33:54]: rssi:OBU:0004610400000093;rssi1:0004640100000011;qd:B1;rssi2:0000000000000000;qd:00;rssi3:0000000000000000;qd:00;rssi4:0000000000000000;qd:00

        {RSSI 信息解析}: 
[2016-01-14 16:33:57]: rssi:OBU:0004610400000093;rssi1:0004640100000011;qd:AE;rssi2:0000000000000000;qd:00;rssi3:0000000000000000;qd:00;rssi4:0000000000000000;qd:00

        {RSSI 信息解析}: 
[2016-01-14 16:33:58]: rssi:OBU:0004610400000093;rssi1:0004640100000011;qd:B0;rssi2:0000000000000000;qd:00;rssi3:0000000000000000;qd:00;rssi4:0000000000000000;qd:00

        {RSSI 信息解析}: 
[2016-01-14 16:34:00]: rssi:OBU:0004610400000093;rssi1:0004640100000011;qd:B0;rssi2:0000000000000000;qd:00;rssi3:0000000000000000;qd:00;rssi4:0000000000000000;qd:00

        {RSSI 信息解析}: 
[2016-01-14 16:34:02]: rssi:OBU:0004610400000093;rssi1:0004640100000011;qd:B2;rssi2:0000000000000000;qd:00;rssi3:0000000000000000;qd:00;rssi4:0000000000000000;qd:00

        {RSSI 信息解析}: 
[2016-01-14 16:34:12]: rssi:OBU:0004610400000093;rssi1:0004640100000012;qd:A6;rssi2:0004640100000011;qd:B2;rssi3:0000000000000000;qd:00;rssi4:0000000000000000;qd:00

        {RSSI 信息解析}: 
[2016-01-14 16:34:18]: rssi:OBU:0004610400000093;rssi1:0004640100000012;qd:A5;rssi2:0000000000000000;qd:00;rssi3:0000000000000000;qd:00;rssi4:0000000000000000;qd:00

[2016-01-14 16:34:26]:OBU信息帧 OBU:0004610400000093;CardID:0000000000000000;Other info:66666666
        {RSSI 信息解析}: 
[2016-01-14 16:34:27]: rssi:OBU:0004610400000093;rssi1:0004640100000011;qd:B4;rssi2:0000000000000000;qd:00;rssi3:0000000000000000;qd:00;rssi4:0000000000000000;qd:00

        {RSSI 信息解析}: 
[2016-01-14 16:34:41]: rssi:OBU:0004610400000093;rssi1:0004640100000016;qd:BA;rssi2:0004640100000017;qd:A8;rssi3:0004640100000011;qd:B6;rssi4:0000000000000000;qd:00

[2016-01-14 16:34:52]:OBU信息帧 OBU:0004610400000093;CardID:0000000000000000;Other info:66666666
[2016-01-14 16:34:53]:OBU信息帧 OBU:0004610400000093;CardID:0000000000000000;Other info:66666666
        {RSSI 信息解析}: 
[2016-01-14 16:34:55]: rssi:OBU:0004610400000093;rssi1:0004640100000011;qd:AF;rssi2:0004640100000015;qd:AE;rssi3:0000000000000000;qd:00;rssi4:0000000000000000;qd:00

        {RSSI 信息解析}: 
[2016-01-14 16:34:58]: rssi:OBU:0004610400000093;rssi1:0004640100000015;qd:A4;rssi2:0004640100000011;qd:B7;rssi3:0000000000000000;qd:00;rssi4:0000000000000000;qd:00

        {RSSI 信息解析}: 
[2016-01-14 16:35:00]: rssi:OBU:0004610400000093;rssi1:0004640100000011;qd:B0;rssi2:0004640100000016;qd:B9;rssi3:0000000000000000;qd:00;rssi4:0000000000000000;qd:00

[2016-01-14 16:35:08]:OBU信息帧 OBU:0004610400000093;CardID:0000000000000000;Other info:66666666
[2016-01-14 16:35:09]:OBU信息帧 OBU:0004610400000093;CardID:0000000000000000;Other info:66666666
[2016-01-14 16:35:09]:OBU信息帧 OBU:0004610400000093;CardID:0000000000000000;Other info:66666666
[2016-01-14 16:35:11]:OBU信息帧 OBU:0004610400000093;CardID:0000000000000000;Other info:66666666
[2016-01-14 16:35:11]:OBU信息帧 OBU:0004610400000093;CardID:0000000000000000;Other info:66666666
[2016-01-14 16:35:11]:OBU信息帧 OBU:0004610400000093;CardID:0000000000000000;Other info:66666666
[2016-01-14 16:35:13]:OBU信息帧 OBU:0004610400000093;CardID:0000000000000000;Other info:66666666
[2016-01-14 16:35:24]:OBU信息帧 OBU:0004610400000093;CardID:0000000000000000;Other info:66666666
[2016-01-14 16:35:29]:OBU信息帧 OBU:0004610400000093;CardID:0000000000000000;Other info:66666666
[2016-01-14 16:35:32]:OBU信息帧 OBU:0004610400000093;CardID:0000000000000000;Other info:66666666
        {RSSI 信息解析}: 
[2016-01-14 16:35:40]: rssi:OBU:0004610400000093;rssi1:0004640100000014;qd:AE;rssi2:0004640100000012;qd:A2;rssi3:0000000000000000;qd:00;rssi4:0000000000000000;qd:00

        {RSSI 信息解析}: 
[2016-01-14 16:35:40]: rssi:OBU:0004610400000093;rssi1:0004640100000014;qd:AE;rssi2:0004640100000012;qd:A2;rssi3:0000000000000000;qd:00;rssi4:0000000000000000;qd:00

        {RSSI 信息解析}: 
[2016-01-14 16:35:43]: rssi:OBU:0004610400000093;rssi1:0004640100000014;qd:AE;rssi2:0004640100000011;qd:A4;rssi3:0004640100000012;qd:A2;rssi4:0000000000000000;qd:00

        {RSSI 信息解析}: 
[2016-01-14 16:35:43]: rssi:OBU:0004610400000093;rssi1:0004640100000014;qd:AE;rssi2:0004640100000011;qd:A4;rssi3:0004640100000012;qd:A2;rssi4:0000000000000000;qd:00

        {RSSI 信息解析}: 
[2016-01-14 16:35:44]: rssi:OBU:0004610400000093;rssi1:0004640100000014;qd:AE;rssi2:0000000000000000;qd:00;rssi3:0000000000000000;qd:00;rssi4:0000000000000000;qd:00

        {RSSI 信息解析}: 
[2016-01-14 16:35:46]: rssi:OBU:0004610400000093;rssi1:0004640100000014;qd:AD;rssi2:0004640100000011;qd:A3;rssi3:0000000000000000;qd:00;rssi4:0000000000000000;qd:00

[2016-01-14 16:35:48]:OBU信息帧 OBU:0004610400000093;CardID:0000000000000000;Other info:66666666
        {RSSI 信息解析}: 
[2016-01-14 16:35:49]: rssi:OBU:0004610400000093;rssi1:0004640100000014;qd:AE;rssi2:0000000000000000;qd:00;rssi3:0000000000000000;qd:00;rssi4:0000000000000000;qd:00

        {RSSI 信息解析}: 
[2016-01-14 16:36:00]: rssi:OBU:0004610400000093;rssi1:0004640100000019;qd:C3;rssi2:0000000000000000;qd:00;rssi3:0000000000000000;qd:00;rssi4:0000000000000000;qd:00

