        {RSSI 信息解析}: 
[2016-01-14 11:54:38]: rssi:OBU:0004610400000077;rssi1:0004640100000011;qd:B2;rssi2:0004640100000015;qd:A5;rssi3:0000000000000000;qd:00;rssi4:0000000000000000;qd:00

        {RSSI 信息解析}: 
[2016-01-14 11:54:41]: rssi:OBU:0004610400000077;rssi1:0004640100000011;qd:AD;rssi2:0004640100000015;qd:A6;rssi3:0004640100000016;qd:AE;rssi4:0004640100000017;qd:A5

        {RSSI 信息解析}: 
[2016-01-14 11:54:49]: rssi:OBU:0004610400000077;rssi1:0004640100000015;qd:A6;rssi2:0004640100000016;qd:A7;rssi3:0000000000000000;qd:00;rssi4:0000000000000000;qd:00

[2016-01-14 11:54:50]:OBU=0004610400000077
[2016-01-14 11:54:50]:{进站!}
[2016-01-14 11:54:51]:OBU信息帧 OBU:0004610400000077;CardID:0000000000000000;Other info:66666666
        {RSSI 信息解析}: 
[2016-01-14 11:55:05]: rssi:OBU:0004610400000077;rssi1:0004640100000011;qd:B1;rssi2:0004640100000016;qd:A9;rssi3:0004640100000015;qd:A3;rssi4:0000000000000000;qd:00

        {RSSI 信息解析}: 
[2016-01-14 11:55:21]: rssi:OBU:0004610400000077;rssi1:0004640100000016;qd:A9;rssi2:0004640100000011;qd:B4;rssi3:0000000000000000;qd:00;rssi4:0000000000000000;qd:00

        {RSSI 信息解析}: 
[2016-01-14 11:55:24]: rssi:OBU:0004610400000077;rssi1:0004640100000011;qd:B4;rssi2:0004640100000016;qd:AA;rssi3:0004640100000017;qd:A2;rssi4:0000000000000000;qd:00

        {RSSI 信息解析}: 
[2016-01-14 11:55:26]: rssi:OBU:0004610400000077;rssi1:0004640100000011;qd:B3;rssi2:0000000000000000;qd:00;rssi3:0000000000000000;qd:00;rssi4:0000000000000000;qd:00

        {RSSI 信息解析}: 
[2016-01-14 11:55:37]: rssi:OBU:0004610400000077;rssi1:0004640100000011;qd:B4;rssi2:0004640100000015;qd:9F;rssi3:0000000000000000;qd:00;rssi4:0000000000000000;qd:00

[2016-01-14 11:55:51]:OBU信息帧 OBU:0004610400000077;CardID:0000000000000000;Other info:66666666
        {RSSI 信息解析}: 
[2016-01-14 11:55:54]: rssi:OBU:0004610400000077;rssi1:0004640100000015;qd:A5;rssi2:0004640100000011;qd:B2;rssi3:0004640100000017;qd:A4;rssi4:0004640100000016;qd:AB

        {RSSI 信息解析}: 
[2016-01-14 11:55:57]: rssi:OBU:0004610400000077;rssi1:0004640100000011;qd:B2;rssi2:0004640100000016;qd:B2;rssi3:0004640100000012;qd:A4;rssi4:0004640100000015;qd:A3

        {RSSI 信息解析}: 
[2016-01-14 11:55:59]: rssi:OBU:0004610400000077;rssi1:0004640100000016;qd:AA;rssi2:0004640100000015;qd:A1;rssi3:0000000000000000;qd:00;rssi4:0000000000000000;qd:00

[2016-01-14 11:56:00]:OBU=0004610400000077
[2016-01-14 11:56:00]:POS=0110
        {RSSI 信息解析}: 
[2016-01-14 11:56:02]: rssi:OBU:0004610400000077;rssi1:0004640100000011;qd:AD;rssi2:0004640100000016;qd:AF;rssi3:0004640100000015;qd:A0;rssi4:0000000000000000;qd:00

        {RSSI 信息解析}: 
[2016-01-14 11:56:04]: rssi:OBU:0004610400000077;rssi1:0004640100000011;qd:B3;rssi2:0004640100000016;qd:AE;rssi3:0000000000000000;qd:00;rssi4:0000000000000000;qd:00

        {RSSI 信息解析}: 
[2016-01-14 11:56:05]: rssi:OBU:0004610400000077;rssi1:0004640100000011;qd:B2;rssi2:0004640100000017;qd:A3;rssi3:0000000000000000;qd:00;rssi4:0000000000000000;qd:00

        {RSSI 信息解析}: 
[2016-01-14 11:56:07]: rssi:OBU:0004610400000077;rssi1:0004640100000011;qd:B1;rssi2:0000000000000000;qd:00;rssi3:0000000000000000;qd:00;rssi4:0000000000000000;qd:00

        {RSSI 信息解析}: 
[2016-01-14 11:56:10]: rssi:OBU:0004610400000077;rssi1:0004640100000011;qd:B2;rssi2:0004640100000017;qd:A7;rssi3:0004640100000016;qd:AB;rssi4:0000000000000000;qd:00

        {RSSI 信息解析}: 
[2016-01-14 11:56:12]: rssi:OBU:0004610400000077;rssi1:0004640100000011;qd:AF;rssi2:0004640100000016;qd:A9;rssi3:0000000000000000;qd:00;rssi4:0000000000000000;qd:00

        {RSSI 信息解析}: 
[2016-01-14 11:56:21]: rssi:OBU:0004610400000077;rssi1:0004640100000011;qd:AD;rssi2:0000000000000000;qd:00;rssi3:0000000000000000;qd:00;rssi4:0000000000000000;qd:00

        {RSSI 信息解析}: 
[2016-01-14 11:56:24]: rssi:OBU:0004610400000077;rssi1:0004640100000011;qd:B4;rssi2:0004640100000015;qd:A1;rssi3:0000000000000000;qd:00;rssi4:0000000000000000;qd:00

        {RSSI 信息解析}: 
[2016-01-14 11:56:26]: rssi:OBU:0004610400000077;rssi1:0004640100000011;qd:B4;rssi2:0004640100000015;qd:9F;rssi3:0000000000000000;qd:00;rssi4:0000000000000000;qd:00

        {RSSI 信息解析}: 
[2016-01-14 11:56:28]: rssi:OBU:0004610400000077;rssi1:0004640100000011;qd:B3;rssi2:0004640100000016;qd:A5;rssi3:0000000000000000;qd:00;rssi4:0000000000000000;qd:00

        {RSSI 信息解析}: 
[2016-01-14 11:56:29]: rssi:OBU:0004610400000077;rssi1:0004640100000011;qd:B3;rssi2:0000000000000000;qd:00;rssi3:0000000000000000;qd:00;rssi4:0000000000000000;qd:00

[2016-01-14 11:56:30]:OBU=0004610400000077
[2016-01-14 11:56:30]:POS=0110
        {RSSI 信息解析}: 
[2016-01-14 11:56:39]: rssi:OBU:0004610400000077;rssi1:0004640100000011;qd:B1;rssi2:0004640100000017;qd:A2;rssi3:0004640100000019;qd:9E;rssi4:0004640100000014;qd:A0

        {RSSI 信息解析}: 
[2016-01-14 11:56:40]: rssi:OBU:0004610400000077;rssi1:0004640100000011;qd:B2;rssi2:0000000000000000;qd:00;rssi3:0000000000000000;qd:00;rssi4:0000000000000000;qd:00

        {RSSI 信息解析}: 
[2016-01-14 11:56:44]: rssi:OBU:0004610400000077;rssi1:0004640100000011;qd:B2;rssi2:0004640100000015;qd:A1;rssi3:0000000000000000;qd:00;rssi4:0000000000000000;qd:00

        {RSSI 信息解析}: 
[2016-01-14 11:56:48]: rssi:OBU:0004610400000077;rssi1:0004640100000011;qd:AF;rssi2:0004640100000016;qd:AB;rssi3:0004640100000012;qd:A3;rssi4:0004640100000014;qd:A2

[2016-01-14 11:56:51]:OBU信息帧 OBU:0004610400000077;CardID:0000000000000000;Other info:66666666
        {RSSI 信息解析}: 
[2016-01-14 11:56:53]: rssi:OBU:0004610400000077;rssi1:0004640100000011;qd:B2;rssi2:0004640100000012;qd:A5;rssi3:0004640100000016;qd:A9;rssi4:0000000000000000;qd:00

        {RSSI 信息解析}: 
[2016-01-14 11:56:56]: rssi:OBU:0004610400000077;rssi1:0004640100000011;qd:B2;rssi2:0000000000000000;qd:00;rssi3:0000000000000000;qd:00;rssi4:0000000000000000;qd:00

        {RSSI 信息解析}: 
[2016-01-14 11:56:59]: rssi:OBU:0004610400000077;rssi1:0004640100000011;qd:AB;rssi2:0004640100000016;qd:AB;rssi3:0000000000000000;qd:00;rssi4:0000000000000000;qd:00

        {RSSI 信息解析}: 
[2016-01-14 11:57:00]: rssi:OBU:0004610400000077;rssi1:0004640100000011;qd:B2;rssi2:0000000000000000;qd:00;rssi3:0000000000000000;qd:00;rssi4:0000000000000000;qd:00

        {RSSI 信息解析}: 
[2016-01-14 11:57:02]: rssi:OBU:0004610400000077;rssi1:0004640100000011;qd:BA;rssi2:0000000000000000;qd:00;rssi3:0000000000000000;qd:00;rssi4:0000000000000000;qd:00

        {RSSI 信息解析}: 
[2016-01-14 11:57:04]: rssi:OBU:0004610400000077;rssi1:0004640100000016;qd:A9;rssi2:0000000000000000;qd:00;rssi3:0000000000000000;qd:00;rssi4:0000000000000000;qd:00

[2016-01-14 11:57:05]:OBU=0004610400000077
[2016-01-14 11:57:05]:POS=0110
        {RSSI 信息解析}: 
[2016-01-14 11:57:07]: rssi:OBU:0004610400000077;rssi1:0004640100000016;qd:AD;rssi2:0004640100000011;qd:B3;rssi3:0000000000000000;qd:00;rssi4:0000000000000000;qd:00

[2016-01-14 11:57:51]:OBU信息帧 OBU:0004610400000077;CardID:0000000000000000;Other info:66666666
        {RSSI 信息解析}: 
[2016-01-14 11:57:59]: rssi:OBU:0004610400000077;rssi1:0004640100000011;qd:AD;rssi2:0004640100000016;qd:AE;rssi3:0000000000000000;qd:00;rssi4:0000000000000000;qd:00

        {RSSI 信息解析}: 
[2016-01-14 11:58:02]: rssi:OBU:0004610400000077;rssi1:0004640100000011;qd:AB;rssi2:0004640100000016;qd:AF;rssi3:0004640100000012;qd:A5;rssi4:0000000000000000;qd:00

        {RSSI 信息解析}: 
[2016-01-14 11:58:04]: rssi:OBU:0004610400000077;rssi1:0004640100000011;qd:AF;rssi2:0004640100000016;qd:AF;rssi3:0004640100000012;qd:A6;rssi4:0000000000000000;qd:00

        {RSSI 信息解析}: 
[2016-01-14 11:58:07]: rssi:OBU:0004610400000077;rssi1:0004640100000017;qd:A2;rssi2:0004640100000016;qd:AE;rssi3:0004640100000012;qd:A6;rssi4:0004640100000011;qd:AC

        {RSSI 信息解析}: 
[2016-01-14 11:58:12]: rssi:OBU:0004610400000077;rssi1:0004640100000017;qd:A1;rssi2:0000000000000000;qd:00;rssi3:0000000000000000;qd:00;rssi4:0000000000000000;qd:00

        {RSSI 信息解析}: 
[2016-01-14 11:58:23]: rssi:OBU:0004610400000077;rssi1:0004640100000011;qd:B0;rssi2:0004640100000016;qd:B1;rssi3:0004640100000015;qd:A0;rssi4:0000000000000000;qd:00

        {RSSI 信息解析}: 
[2016-01-14 11:58:26]: rssi:OBU:0004610400000077;rssi1:0004640100000011;qd:B3;rssi2:0004640100000016;qd:AF;rssi3:0004640100000015;qd:A7;rssi4:0000000000000000;qd:00

        {RSSI 信息解析}: 
[2016-01-14 11:58:28]: rssi:OBU:0004610400000077;rssi1:0004640100000016;qd:AF;rssi2:0004640100000015;qd:A6;rssi3:0000000000000000;qd:00;rssi4:0000000000000000;qd:00

[2016-01-14 11:58:35]:OBU=0004610400000077
[2016-01-14 11:58:35]:POS=0110
[2016-01-14 11:58:38]:OBU信息帧 OBU:0004610400000077;CardID:0000000000000000;Other info:66666666
        {RSSI 信息解析}: 
[2016-01-14 11:58:43]: rssi:OBU:0004610400000077;rssi1:0004640100000016;qd:B2;rssi2:0004640100000015;qd:AF;rssi3:0004640100000011;qd:AF;rssi4:0000000000000000;qd:00

        {RSSI 信息解析}: 
[2016-01-14 11:58:43]: rssi:OBU:0004610400000077;rssi1:0004640100000016;qd:B2;rssi2:0004640100000015;qd:AF;rssi3:0004640100000011;qd:AF;rssi4:0000000000000000;qd:00

        {RSSI 信息解析}: 
[2016-01-14 11:58:44]: rssi:OBU:0004610400000077;rssi1:0004640100000011;qd:B1;rssi2:0004640100000015;qd:AA;rssi3:0004640100000017;qd:A7;rssi4:0000000000000000;qd:00

[2016-01-14 11:58:51]:OBU信息帧 OBU:0004610400000077;CardID:0000000000000000;Other info:66666666
        {RSSI 信息解析}: 
[2016-01-14 11:59:05]: rssi:OBU:0004610400000077;rssi1:0004640100000019;qd:A9;rssi2:0000000000000000;qd:00;rssi3:0000000000000000;qd:00;rssi4:0000000000000000;qd:00

