        {RSSI 信息解析}: 
[2016-01-14 15:00:20]: rssi:OBU:0004610400000094;rssi1:0004640100000011;qd:BD;rssi2:0004640100000016;qd:B9;rssi3:0004640100000015;qd:A8;rssi4:0000000000000000;qd:00

        {RSSI 信息解析}: 
[2016-01-14 15:00:23]: rssi:OBU:0004610400000094;rssi1:0004640100000011;qd:BB;rssi2:0004640100000016;qd:B9;rssi3:0004640100000015;qd:AE;rssi4:0000000000000000;qd:00

        {RSSI 信息解析}: 
[2016-01-14 15:00:25]: rssi:OBU:0004610400000094;rssi1:0004640100000011;qd:BC;rssi2:0004640100000016;qd:B9;rssi3:0000000000000000;qd:00;rssi4:0000000000000000;qd:00

        {RSSI 信息解析}: 
[2016-01-14 15:00:28]: rssi:OBU:0004610400000094;rssi1:0004640100000014;qd:A5;rssi2:0004640100000011;qd:BC;rssi3:0004640100000016;qd:BA;rssi4:0004640100000015;qd:AB

        {RSSI 信息解析}: 
[2016-01-14 15:00:31]: rssi:OBU:0004610400000094;rssi1:0004640100000011;qd:BC;rssi2:0004640100000015;qd:AC;rssi3:0004640100000016;qd:B8;rssi4:0000000000000000;qd:00

        {RSSI 信息解析}: 
[2016-01-14 15:00:33]: rssi:OBU:0004610400000094;rssi1:0004640100000015;qd:AB;rssi2:0004640100000016;qd:B8;rssi3:0000000000000000;qd:00;rssi4:0000000000000000;qd:00

        {RSSI 信息解析}: 
[2016-01-14 15:00:50]: rssi:OBU:0004610400000094;rssi1:0004640100000016;qd:B9;rssi2:0004640100000011;qd:BC;rssi3:0000000000000000;qd:00;rssi4:0000000000000000;qd:00

        {RSSI 信息解析}: 
[2016-01-14 15:00:52]: rssi:OBU:0004610400000094;rssi1:0004640100000011;qd:BD;rssi2:0000000000000000;qd:00;rssi3:0000000000000000;qd:00;rssi4:0000000000000000;qd:00

        {RSSI 信息解析}: 
[2016-01-14 15:00:54]: rssi:OBU:0004610400000094;rssi1:0004640100000011;qd:BC;rssi2:0000000000000000;qd:00;rssi3:0000000000000000;qd:00;rssi4:0000000000000000;qd:00

        {RSSI 信息解析}: 
[2016-01-14 15:00:55]: rssi:OBU:0004610400000094;rssi1:0004640100000011;qd:BB;rssi2:0000000000000000;qd:00;rssi3:0000000000000000;qd:00;rssi4:0000000000000000;qd:00

        {RSSI 信息解析}: 
[2016-01-14 15:00:57]: rssi:OBU:0004610400000094;rssi1:0004640100000011;qd:BC;rssi2:0000000000000000;qd:00;rssi3:0000000000000000;qd:00;rssi4:0000000000000000;qd:00

        {RSSI 信息解析}: 
[2016-01-14 15:01:00]: rssi:OBU:0004610400000094;rssi1:0004640100000011;qd:BC;rssi2:0004640100000015;qd:A9;rssi3:0004640100000016;qd:B8;rssi4:0000000000000000;qd:00

        {RSSI 信息解析}: 
[2016-01-14 15:01:02]: rssi:OBU:0004610400000094;rssi1:0004640100000011;qd:BB;rssi2:0000000000000000;qd:00;rssi3:0000000000000000;qd:00;rssi4:0000000000000000;qd:00

        {RSSI 信息解析}: 
[2016-01-14 15:01:03]: rssi:OBU:0004610400000094;rssi1:0004640100000014;qd:A9;rssi2:0004640100000011;qd:BA;rssi3:0000000000000000;qd:00;rssi4:0000000000000000;qd:00

        {RSSI 信息解析}: 
[2016-01-14 15:01:05]: rssi:OBU:0004610400000094;rssi1:0004640100000011;qd:BB;rssi2:0000000000000000;qd:00;rssi3:0000000000000000;qd:00;rssi4:0000000000000000;qd:00

[2016-01-14 15:12:58]:{与服务器通信}send: F2111234560462011100000011110000000000000000000000000000F1
[2016-01-14 15:12:58]:{与服务器通信}recv: F291103456000000110462011112000000000000000056974A7A00000000B6BEF1
[2016-01-14 15:13:03]:OBU=0004610400000094
[2016-01-14 15:13:03]:{进站!}
        {RSSI 信息解析}: 
[2016-01-14 15:13:04]: rssi:OBU:0004610400000059;rssi1:0004640100000011;qd:AE;rssi2:0000000000000000;qd:00;rssi3:0000000000000000;qd:00;rssi4:0000000000000000;qd:00

[2016-01-14 15:13:10]:OBU信息帧 OBU:0004610400000059;CardID:0000000000000000;Other info:66666666
[2016-01-14 15:13:19]:OBU信息帧 OBU:0004610400000059;CardID:0000000000000000;Other info:66666666
[2016-01-14 15:13:20]:OBU信息帧 OBU:0004610400000059;CardID:0000000000000000;Other info:66666666
[2016-01-14 15:13:20]:OBU信息帧 OBU:0004610400000059;CardID:0000000000000000;Other info:66666666
[2016-01-14 15:13:20]:OBU信息帧 OBU:0004610400000059;CardID:0000000000000000;Other info:66666666
        {RSSI 信息解析}: 
[2016-01-14 15:13:20]: rssi:OBU:0004610400000059;rssi1:0004640100000011;qd:B1;rssi2:0004640100000016;qd:AF;rssi3:0000000000000000;qd:00;rssi4:0000000000000000;qd:00

[2016-01-14 15:13:28]:OBU=0004610400000059
[2016-01-14 15:13:28]:{进站!}
        {RSSI 信息解析}: 
[2016-01-14 15:13:36]: rssi:OBU:0004610400000059;rssi1:0004640100000016;qd:AE;rssi2:0004640100000015;qd:A1;rssi3:0000000000000000;qd:00;rssi4:0000000000000000;qd:00

        {RSSI 信息解析}: 
[2016-01-14 15:13:51]: rssi:OBU:0004610400000059;rssi1:0004640100000011;qd:B1;rssi2:0000000000000000;qd:00;rssi3:0000000000000000;qd:00;rssi4:0000000000000000;qd:00

        {RSSI 信息解析}: 
[2016-01-14 15:13:52]: rssi:OBU:0004610400000059;rssi1:0004640100000011;qd:B1;rssi2:0000000000000000;qd:00;rssi3:0000000000000000;qd:00;rssi4:0000000000000000;qd:00

        {RSSI 信息解析}: 
[2016-01-14 15:13:56]: rssi:OBU:0004610400000059;rssi1:0004640100000011;qd:B2;rssi2:0000000000000000;qd:00;rssi3:0000000000000000;qd:00;rssi4:0000000000000000;qd:00

        {RSSI 信息解析}: 
[2016-01-14 15:13:57]: rssi:OBU:0004610400000059;rssi1:0004640100000011;qd:B0;rssi2:0000000000000000;qd:00;rssi3:0000000000000000;qd:00;rssi4:0000000000000000;qd:00

        {RSSI 信息解析}: 
[2016-01-14 15:13:59]: rssi:OBU:0004610400000059;rssi1:0004640100000011;qd:B1;rssi2:0000000000000000;qd:00;rssi3:0000000000000000;qd:00;rssi4:0000000000000000;qd:00

        {RSSI 信息解析}: 
[2016-01-14 15:14:01]: rssi:OBU:0004610400000059;rssi1:0004640100000016;qd:AF;rssi2:0000000000000000;qd:00;rssi3:0000000000000000;qd:00;rssi4:0000000000000000;qd:00

        {RSSI 信息解析}: 
[2016-01-14 15:14:05]: rssi:OBU:0004610400000059;rssi1:0004640100000011;qd:B0;rssi2:0004640100000016;qd:B1;rssi3:0000000000000000;qd:00;rssi4:0000000000000000;qd:00

        {RSSI 信息解析}: 
[2016-01-14 15:14:07]: rssi:OBU:0004610400000059;rssi1:0004640100000011;qd:AC;rssi2:0000000000000000;qd:00;rssi3:0000000000000000;qd:00;rssi4:0000000000000000;qd:00

[2016-01-14 15:14:10]:OBU信息帧 OBU:0004610400000059;CardID:0000000000000000;Other info:66666666
        {RSSI 信息解析}: 
[2016-01-14 15:14:12]: rssi:OBU:0004610400000059;rssi1:0004640100000011;qd:AF;rssi2:0000000000000000;qd:00;rssi3:0000000000000000;qd:00;rssi4:0000000000000000;qd:00

[2016-01-14 15:14:13]:OBU=0004610400000059
[2016-01-14 15:14:13]:POS=0110
        {RSSI 信息解析}: 
[2016-01-14 15:14:13]: rssi:OBU:0004610400000059;rssi1:0004640100000011;qd:B1;rssi2:0000000000000000;qd:00;rssi3:0000000000000000;qd:00;rssi4:0000000000000000;qd:00

[2016-01-14 15:14:15]:OBU信息帧 OBU:0004610400000059;CardID:0000000000000000;Other info:66666666
[2016-01-14 15:14:15]:OBU信息帧 OBU:0004610400000059;CardID:0000000000000000;Other info:66666666
        {RSSI 信息解析}: 
[2016-01-14 15:14:17]: rssi:OBU:0004610400000059;rssi1:0004640100000016;qd:B2;rssi2:0000000000000000;qd:00;rssi3:0000000000000000;qd:00;rssi4:0000000000000000;qd:00

        {RSSI 信息解析}: 
[2016-01-14 15:14:21]: rssi:OBU:0004610400000059;rssi1:0004640100000011;qd:AF;rssi2:0000000000000000;qd:00;rssi3:0000000000000000;qd:00;rssi4:0000000000000000;qd:00

        {RSSI 信息解析}: 
[2016-01-14 15:14:22]: rssi:OBU:0004610400000059;rssi1:0004640100000011;qd:B2;rssi2:0000000000000000;qd:00;rssi3:0000000000000000;qd:00;rssi4:0000000000000000;qd:00

[2016-01-14 15:14:31]:OBU信息帧 OBU:0004610400000059;CardID:0000000000000000;Other info:66666666
[2016-01-14 15:14:31]:OBU信息帧 OBU:0004610400000059;CardID:0000000000000000;Other info:66666666
        {RSSI 信息解析}: 
[2016-01-14 15:14:32]: rssi:OBU:0004610400000059;rssi1:0004640100000016;qd:AF;rssi2:0000000000000000;qd:00;rssi3:0000000000000000;qd:00;rssi4:0000000000000000;qd:00

[2016-01-14 15:15:07]:OBU信息帧 OBU:0004610400000058;CardID:0000000000000000;Other info:66666666
[2016-01-14 15:15:10]:OBU信息帧 OBU:0004610400000058;CardID:0000000000000000;Other info:66666666
[2016-01-14 15:15:10]:OBU信息帧 OBU:0004610400000058;CardID:0000000000000000;Other info:66666666
[2016-01-14 15:15:10]:OBU信息帧 OBU:0004610400000059;CardID:0000000000000000;Other info:66666666
[2016-01-14 15:15:10]:OBU信息帧 OBU:0004610400000058;CardID:0000000000000000;Other info:66666666
[2016-01-14 15:15:12]:OBU信息帧 OBU:0004610400000058;CardID:0000000000000000;Other info:66666666
[2016-01-14 15:15:15]:OBU信息帧 OBU:0004610400000059;CardID:0000000000000000;Other info:66666666
[2016-01-14 15:15:16]:OBU信息帧 OBU:0004610400000058;CardID:0000000000000000;Other info:66666666
        {RSSI 信息解析}: 
[2016-01-14 15:15:17]: rssi:OBU:0004610400000059;rssi1:0004640100000011;qd:B2;rssi2:0000000000000000;qd:00;rssi3:0000000000000000;qd:00;rssi4:0000000000000000;qd:00

[2016-01-14 15:15:17]:OBU信息帧 OBU:0004610400000058;CardID:0000000000000000;Other info:66666666
        {RSSI 信息解析}: 
[2016-01-14 15:15:18]: rssi:OBU:0004610400000059;rssi1:0004640100000011;qd:B2;rssi2:0004640100000016;qd:AB;rssi3:0000000000000000;qd:00;rssi4:0000000000000000;qd:00

[2016-01-14 15:15:20]:OBU信息帧 OBU:0004610400000059;CardID:0000000000000000;Other info:66666666
[2016-01-14 15:15:29]:OBU信息帧 OBU:0004610400000058;CardID:0000000000000000;Other info:66666666
[2016-01-14 15:15:31]:OBU信息帧 OBU:0004610400000058;CardID:0000000000000000;Other info:66666666
[2016-01-14 15:15:34]:OBU信息帧 OBU:0004610400000058;CardID:0000000000000000;Other info:66666666
[2016-01-14 15:15:47]:OBU信息帧 OBU:0004610400000058;CardID:0000000000000000;Other info:66666666
[2016-01-14 15:15:51]:OBU信息帧 OBU:0004610400000058;CardID:0000000000000000;Other info:66666666
        {RSSI 信息解析}: 
[2016-01-14 15:15:53]: rssi:OBU:0004610400000059;rssi1:0004640100000011;qd:B0;rssi2:0004640100000016;qd:AB;rssi3:0000000000000000;qd:00;rssi4:0000000000000000;qd:00

[2016-01-14 15:15:55]:OBU信息帧 OBU:0004610400000058;CardID:0000000000000000;Other info:66666666
        {RSSI 信息解析}: 
[2016-01-14 15:15:55]: rssi:OBU:0004610400000059;rssi1:0004640100000011;qd:B1;rssi2:0000000000000000;qd:00;rssi3:0000000000000000;qd:00;rssi4:0000000000000000;qd:00

[2016-01-14 15:15:57]:OBU信息帧 OBU:0004610400000059;CardID:0000000000000000;Other info:66666666
        {RSSI 信息解析}: 
[2016-01-14 15:16:00]: rssi:OBU:0004610400000059;rssi1:0004640100000011;qd:B2;rssi2:0000000000000000;qd:00;rssi3:0000000000000000;qd:00;rssi4:0000000000000000;qd:00

[2016-01-14 15:16:06]:OBU信息帧 OBU:0004610400000058;CardID:0000000000000000;Other info:66666666
[2016-01-14 15:16:06]:OBU信息帧 OBU:0004610400000058;CardID:0000000000000000;Other info:66666666
[2016-01-14 15:16:07]:OBU信息帧 OBU:0004610400000058;CardID:0000000000000000;Other info:66666666
[2016-01-14 15:16:07]:OBU信息帧 OBU:0004610400000058;CardID:0000000000000000;Other info:66666666
[2016-01-14 15:16:09]:OBU信息帧 OBU:0004610400000058;CardID:0000000000000000;Other info:66666666
[2016-01-14 15:16:10]:OBU信息帧 OBU:0004610400000059;CardID:0000000000000000;Other info:66666666
        {RSSI 信息解析}: 
[2016-01-14 15:16:12]: rssi:OBU:0004610400000059;rssi1:0004640100000011;qd:B3;rssi2:0004640100000016;qd:AD;rssi3:0004640100000012;qd:A0;rssi4:0000000000000000;qd:00

[2016-01-14 15:16:13]:OBU信息帧 OBU:0004610400000058;CardID:0000000000000000;Other info:66666666
[2016-01-14 15:16:17]:OBU信息帧 OBU:0004610400000058;CardID:0000000000000000;Other info:66666666
        {RSSI 信息解析}: 
[2016-01-14 15:16:19]: rssi:OBU:0004610400000058;rssi1:0004640100000016;qd:AE;rssi2:0000000000000000;qd:00;rssi3:0000000000000000;qd:00;rssi4:0000000000000000;qd:00

[2016-01-14 15:16:27]:OBU信息帧 OBU:0004610400000058;CardID:0000000000000000;Other info:66666666
[2016-01-14 15:16:28]:OBU=0004610400000058
[2016-01-14 15:16:28]:{进站!}
[2016-01-14 15:16:28]:OBU=0004610400000058
[2016-01-14 15:16:28]:POS=0110
[2016-01-14 15:16:37]:OBU信息帧 OBU:0004610400000058;CardID:0000000000000000;Other info:66666666
[2016-01-14 15:16:43]:OBU信息帧 OBU:0004610400000058;CardID:0000000000000000;Other info:66666666
[2016-01-14 15:16:49]:OBU信息帧 OBU:0004610400000059;CardID:0000000000000000;Other info:66666666
        {RSSI 信息解析}: 
[2016-01-14 15:16:50]: rssi:OBU:0004610400000059;rssi1:0004640100000011;qd:B2;rssi2:0000000000000000;qd:00;rssi3:0000000000000000;qd:00;rssi4:0000000000000000;qd:00

[2016-01-14 15:17:00]:OBU信息帧 OBU:0004610400000058;CardID:0000000000000000;Other info:66666666
        {RSSI 信息解析}: 
[2016-01-14 15:17:04]: rssi:OBU:0004610400000059;rssi1:0004640100000011;qd:B4;rssi2:0000000000000000;qd:00;rssi3:0000000000000000;qd:00;rssi4:0000000000000000;qd:00

        {RSSI 信息解析}: 
[2016-01-14 15:17:07]: rssi:OBU:0004610400000059;rssi1:0004640100000011;qd:B4;rssi2:0000000000000000;qd:00;rssi3:0000000000000000;qd:00;rssi4:0000000000000000;qd:00

        {RSSI 信息解析}: 
[2016-01-14 15:17:10]: rssi:OBU:0004610400000059;rssi1:0004640100000011;qd:B4;rssi2:0000000000000000;qd:00;rssi3:0000000000000000;qd:00;rssi4:0000000000000000;qd:00

[2016-01-14 15:17:10]:OBU信息帧 OBU:0004610400000059;CardID:0000000000000000;Other info:66666666
        {RSSI 信息解析}: 
[2016-01-14 15:17:11]: rssi:OBU:0004610400000059;rssi1:0004640100000011;qd:B3;rssi2:0000000000000000;qd:00;rssi3:0000000000000000;qd:00;rssi4:0000000000000000;qd:00

        {RSSI 信息解析}: 
[2016-01-14 15:17:23]: rssi:OBU:0004610400000059;rssi1:0004640100000011;qd:B1;rssi2:0004640100000016;qd:AB;rssi3:0000000000000000;qd:00;rssi4:0000000000000000;qd:00

[2016-01-14 15:17:30]:OBU信息帧 OBU:0004610400000059;CardID:0000000000000000;Other info:66666666
[2016-01-14 15:17:31]:OBU信息帧 OBU:0004610400000058;CardID:0000000000000000;Other info:66666666
[2016-01-14 15:17:32]:OBU信息帧 OBU:0004610400000058;CardID:0000000000000000;Other info:66666666
[2016-01-14 15:17:36]:OBU信息帧 OBU:0004610400000059;CardID:0000000000000000;Other info:66666666
[2016-01-14 15:17:37]:OBU信息帧 OBU:0004610400000059;CardID:0000000000000000;Other info:66666666
        {RSSI 信息解析}: 
[2016-01-14 15:17:40]: rssi:OBU:0004610400000059;rssi1:0004640100000011;qd:B2;rssi2:0004640100000015;qd:A0;rssi3:0000000000000000;qd:00;rssi4:0000000000000000;qd:00

[2016-01-14 15:17:43]:OBU信息帧 OBU:0004610400000059;CardID:0000000000000000;Other info:66666666
        {RSSI 信息解析}: 
[2016-01-14 15:17:43]: rssi:OBU:0004610400000059;rssi1:0004640100000011;qd:B1;rssi2:0000000000000000;qd:00;rssi3:0000000000000000;qd:00;rssi4:0000000000000000;qd:00

[2016-01-14 15:17:49]:OBU=0004610400000059
[2016-01-14 15:17:49]:POS=0110
        {RSSI 信息解析}: 
[2016-01-14 15:17:54]: rssi:OBU:0004610400000059;rssi1:0004640100000011;qd:B1;rssi2:0000000000000000;qd:00;rssi3:0000000000000000;qd:00;rssi4:0000000000000000;qd:00

[2016-01-14 15:18:10]:OBU信息帧 OBU:0004610400000059;CardID:0000000000000000;Other info:66666666
        {RSSI 信息解析}: 
[2016-01-14 15:18:23]: rssi:OBU:0004610400000059;rssi1:0004640100000011;qd:AD;rssi2:0000000000000000;qd:00;rssi3:0000000000000000;qd:00;rssi4:0000000000000000;qd:00

        {RSSI 信息解析}: 
[2016-01-14 15:18:25]: rssi:OBU:0004610400000059;rssi1:0004640100000011;qd:AF;rssi2:0000000000000000;qd:00;rssi3:0000000000000000;qd:00;rssi4:0000000000000000;qd:00

        {RSSI 信息解析}: 
[2016-01-14 15:18:28]: rssi:OBU:0004610400000059;rssi1:0004640100000011;qd:B1;rssi2:0000000000000000;qd:00;rssi3:0000000000000000;qd:00;rssi4:0000000000000000;qd:00

        {RSSI 信息解析}: 
[2016-01-14 15:18:29]: rssi:OBU:0004610400000059;rssi1:0004640100000011;qd:B1;rssi2:0000000000000000;qd:00;rssi3:0000000000000000;qd:00;rssi4:0000000000000000;qd:00

        {RSSI 信息解析}: 
[2016-01-14 15:18:34]: rssi:OBU:0004610400000059;rssi1:0004640100000011;qd:B3;rssi2:0004640100000016;qd:AF;rssi3:0000000000000000;qd:00;rssi4:0000000000000000;qd:00

[2016-01-14 15:18:36]:OBU信息帧 OBU:0004610400000059;CardID:0000000000000000;Other info:66666666
        {RSSI 信息解析}: 
[2016-01-14 15:18:36]: rssi:OBU:0004610400000059;rssi1:0004640100000016;qd:AF;rssi2:0000000000000000;qd:00;rssi3:0000000000000000;qd:00;rssi4:0000000000000000;qd:00

[2016-01-14 15:18:37]:OBU信息帧 OBU:0004610400000059;CardID:0000000000000000;Other info:66666666
        {RSSI 信息解析}: 
[2016-01-14 15:18:38]: rssi:OBU:0004610400000059;rssi1:0004640100000016;qd:AF;rssi2:0004640100000011;qd:AF;rssi3:0000000000000000;qd:00;rssi4:0000000000000000;qd:00

[2016-01-14 15:18:44]:OBU=0004610400000059
[2016-01-14 15:18:44]:POS=0110
        {RSSI 信息解析}: 
[2016-01-14 15:18:55]: rssi:OBU:0004610400000059;rssi1:0004640100000011;qd:B5;rssi2:0000000000000000;qd:00;rssi3:0000000000000000;qd:00;rssi4:0000000000000000;qd:00

[2016-01-14 15:18:58]:OBU信息帧 OBU:0004610400000059;CardID:0000000000000000;Other info:66666666
[2016-01-14 15:19:00]:OBU信息帧 OBU:0004610400000059;CardID:0000000000000000;Other info:66666666
[2016-01-14 15:19:00]:OBU信息帧 OBU:0004610400000059;CardID:0000000000000000;Other info:66666666
[2016-01-14 15:19:03]:OBU信息帧 OBU:0004610400000059;CardID:0000000000000000;Other info:66666666
[2016-01-14 15:19:07]:OBU信息帧 OBU:0004610400000059;CardID:0000000000000000;Other info:66666666
[2016-01-14 15:19:10]:OBU信息帧 OBU:0004610400000059;CardID:0000000000000000;Other info:66666666
[2016-01-14 15:19:10]:OBU信息帧 OBU:0004610400000059;CardID:0000000000000000;Other info:66666666
[2016-01-14 15:19:11]:OBU信息帧 OBU:0004610400000059;CardID:0000000000000000;Other info:66666666
[2016-01-14 15:19:13]:OBU信息帧 OBU:0004610400000059;CardID:0000000000000000;Other info:66666666
[2016-01-14 15:19:16]:OBU信息帧 OBU:0004610400000059;CardID:0000000000000000;Other info:66666666
[2016-01-14 15:19:18]:OBU信息帧 OBU:0004610400000059;CardID:0000000000000000;Other info:66666666
[2016-01-14 15:22:26]:OBU信息帧 OBU:0004610400000058;CardID:0000000000000000;Other info:66666666
[2016-01-14 15:22:27]:OBU信息帧 OBU:0004610400000058;CardID:0000000000000000;Other info:66666666
        {RSSI 信息解析}: 
[2016-01-14 15:22:33]: rssi:OBU:0004610400000058;rssi1:0004640100000016;qd:B7;rssi2:0004640100000015;qd:A9;rssi3:0000000000000000;qd:00;rssi4:0000000000000000;qd:00

        {RSSI 信息解析}: 
[2016-01-14 15:22:37]: rssi:OBU:0004610400000058;rssi1:0004640100000016;qd:C3;rssi2:0004640100000015;qd:AB;rssi3:0004640100000011;qd:B5;rssi4:0000000000000000;qd:00

        {RSSI 信息解析}: 
[2016-01-14 15:22:38]: rssi:OBU:0004610400000058;rssi1:0004640100000016;qd:C7;rssi2:0004640100000015;qd:B1;rssi3:0000000000000000;qd:00;rssi4:0000000000000000;qd:00

        {RSSI 信息解析}: 
[2016-01-14 15:22:40]: rssi:OBU:0004610400000058;rssi1:0004640100000015;qd:A9;rssi2:0000000000000000;qd:00;rssi3:0000000000000000;qd:00;rssi4:0000000000000000;qd:00

[2016-01-14 15:22:40]:OBU信息帧 OBU:0004610400000058;CardID:0000000000000000;Other info:66666666
        {RSSI 信息解析}: 
[2016-01-14 15:22:43]: rssi:OBU:0004610400000058;rssi1:0004640100000016;qd:B3;rssi2:0004640100000015;qd:A0;rssi3:0004640100000011;qd:B1;rssi4:0000000000000000;qd:00

        {RSSI 信息解析}: 
[2016-01-14 15:22:44]: rssi:OBU:0004610400000058;rssi1:0004640100000016;qd:B4;rssi2:0000000000000000;qd:00;rssi3:0000000000000000;qd:00;rssi4:0000000000000000;qd:00

[2016-01-14 15:22:51]:OBU信息帧 OBU:0004610400000058;CardID:0000000000000000;Other info:66666666
        {RSSI 信息解析}: 
[2016-01-14 15:22:57]: rssi:OBU:0004610400000058;rssi1:0004640100000016;qd:B2;rssi2:0004640100000011;qd:B3;rssi3:0004640100000015;qd:A5;rssi4:0000000000000000;qd:00

        {RSSI 信息解析}: 
[2016-01-14 15:22:57]: rssi:OBU:0004610400000058;rssi1:0004640100000016;qd:B2;rssi2:0004640100000011;qd:B3;rssi3:0004640100000015;qd:A5;rssi4:0000000000000000;qd:00

        {RSSI 信息解析}: 
[2016-01-14 15:22:59]: rssi:OBU:0004610400000058;rssi1:0004640100000016;qd:BA;rssi2:0004640100000015;qd:A0;rssi3:0000000000000000;qd:00;rssi4:0000000000000000;qd:00

        {RSSI 信息解析}: 
[2016-01-14 15:23:00]: rssi:OBU:0004610400000058;rssi1:0004640100000016;qd:AF;rssi2:0004640100000015;qd:A6;rssi3:0000000000000000;qd:00;rssi4:0000000000000000;qd:00

        {RSSI 信息解析}: 
[2016-01-14 15:23:03]: rssi:OBU:0004610400000058;rssi1:0004640100000016;qd:B1;rssi2:0000000000000000;qd:00;rssi3:0000000000000000;qd:00;rssi4:0000000000000000;qd:00

[2016-01-14 15:23:04]:OBU信息帧 OBU:0004610400000058;CardID:0000000000000000;Other info:66666666
[2016-01-14 15:23:05]:OBU信息帧 OBU:0004610400000058;CardID:0000000000000000;Other info:66666666
[2016-01-14 15:23:05]:OBU信息帧 OBU:0004610400000058;CardID:0000000000000000;Other info:66666666
        {RSSI 信息解析}: 
[2016-01-14 15:23:07]: rssi:OBU:0004610400000058;rssi1:0004640100000011;qd:B2;rssi2:0000000000000000;qd:00;rssi3:0000000000000000;qd:00;rssi4:0000000000000000;qd:00

        {RSSI 信息解析}: 
[2016-01-14 15:23:08]: rssi:OBU:0004610400000058;rssi1:0004640100000011;qd:B0;rssi2:0000000000000000;qd:00;rssi3:0000000000000000;qd:00;rssi4:0000000000000000;qd:00

[2016-01-14 15:23:09]:OBU=0004610400000058
[2016-01-14 15:23:09]:POS=0138
        {RSSI 信息解析}: 
[2016-01-14 15:23:10]: rssi:OBU:0004610400000058;rssi1:0004640100000011;qd:AF;rssi2:0000000000000000;qd:00;rssi3:0000000000000000;qd:00;rssi4:0000000000000000;qd:00

[2016-01-14 15:23:10]:OBU信息帧 OBU:0004610400000058;CardID:0000000000000000;Other info:66666666
        {RSSI 信息解析}: 
[2016-01-14 15:23:46]: rssi:OBU:0004610400000058;rssi1:0004640100000011;qd:B4;rssi2:0004640100000016;qd:B1;rssi3:0000000000000000;qd:00;rssi4:0000000000000000;qd:00

[2016-01-14 15:23:47]:OBU信息帧 OBU:0004610400000058;CardID:0000000000000000;Other info:66666666
[2016-01-14 15:23:48]:OBU信息帧 OBU:0004610400000058;CardID:0000000000000000;Other info:66666666
[2016-01-14 15:23:49]:OBU信息帧 OBU:0004610400000058;CardID:0000000000000000;Other info:66666666
        {RSSI 信息解析}: 
[2016-01-14 15:23:51]: rssi:OBU:0004610400000058;rssi1:0004640100000012;qd:A8;rssi2:0004640100000017;qd:A4;rssi3:0004640100000011;qd:B3;rssi4:0000000000000000;qd:00

        {RSSI 信息解析}: 
[2016-01-14 15:23:58]: rssi:OBU:0004610400000058;rssi1:0004640100000016;qd:B1;rssi2:0000000000000000;qd:00;rssi3:0000000000000000;qd:00;rssi4:0000000000000000;qd:00

[2016-01-14 15:24:05]:OBU信息帧 OBU:0004610400000058;CardID:0000000000000000;Other info:66666666
        {RSSI 信息解析}: 
[2016-01-14 15:24:10]: rssi:OBU:0004610400000058;rssi1:0004640100000011;qd:AF;rssi2:0000000000000000;qd:00;rssi3:0000000000000000;qd:00;rssi4:0000000000000000;qd:00

[2016-01-14 15:24:10]:OBU信息帧 OBU:0004610400000058;CardID:0000000000000000;Other info:66666666
        {RSSI 信息解析}: 
[2016-01-14 15:24:12]: rssi:OBU:0004610400000058;rssi1:0004640100000011;qd:B5;rssi2:0000000000000000;qd:00;rssi3:0000000000000000;qd:00;rssi4:0000000000000000;qd:00

[2016-01-14 15:24:12]:OBU信息帧 OBU:0004610400000058;CardID:0000000000000000;Other info:66666666
[2016-01-14 15:24:12]:OBU信息帧 OBU:0004610400000058;CardID:0000000000000000;Other info:66666666
        {RSSI 信息解析}: 
[2016-01-14 15:24:16]: rssi:OBU:0004610400000058;rssi1:0004640100000011;qd:B4;rssi2:0000000000000000;qd:00;rssi3:0000000000000000;qd:00;rssi4:0000000000000000;qd:00

        {RSSI 信息解析}: 
[2016-01-14 15:24:17]: rssi:OBU:0004610400000058;rssi1:0004640100000011;qd:B4;rssi2:0000000000000000;qd:00;rssi3:0000000000000000;qd:00;rssi4:0000000000000000;qd:00

        {RSSI 信息解析}: 
[2016-01-14 15:24:19]: rssi:OBU:0004610400000058;rssi1:0004640100000011;qd:B5;rssi2:0000000000000000;qd:00;rssi3:0000000000000000;qd:00;rssi4:0000000000000000;qd:00

        {RSSI 信息解析}: 
[2016-01-14 15:24:21]: rssi:OBU:0004610400000058;rssi1:0004640100000011;qd:B5;rssi2:0000000000000000;qd:00;rssi3:0000000000000000;qd:00;rssi4:0000000000000000;qd:00

[2016-01-14 15:24:25]:OBU信息帧 OBU:0004610400000058;CardID:0000000000000000;Other info:66666666
        {RSSI 信息解析}: 
[2016-01-14 15:24:37]: rssi:OBU:0004610400000058;rssi1:0004640100000011;qd:B1;rssi2:0000000000000000;qd:00;rssi3:0000000000000000;qd:00;rssi4:0000000000000000;qd:00

[2016-01-14 15:24:38]:OBU信息帧 OBU:0004610400000058;CardID:0000000000000000;Other info:66666666
        {RSSI 信息解析}: 
[2016-01-14 15:24:38]: rssi:OBU:0004610400000058;rssi1:0004640100000011;qd:B3;rssi2:0000000000000000;qd:00;rssi3:0000000000000000;qd:00;rssi4:0000000000000000;qd:00

[2016-01-14 15:24:40]:OBU信息帧 OBU:0004610400000058;CardID:0000000000000000;Other info:66666666
[2016-01-14 15:24:43]:OBU信息帧 OBU:0004610400000058;CardID:0000000000000000;Other info:66666666
[2016-01-14 15:24:45]:OBU信息帧 OBU:0004610400000058;CardID:0000000000000000;Other info:66666666
[2016-01-14 15:24:52]:OBU信息帧 OBU:0004610400000058;CardID:0000000000000000;Other info:66666666
[2016-01-14 15:24:57]:OBU信息帧 OBU:0004610400000058;CardID:0000000000000000;Other info:66666666
        {RSSI 信息解析}: 
[2016-01-14 15:24:57]: rssi:OBU:0004610400000058;rssi1:0004640100000011;qd:B2;rssi2:0004640100000012;qd:AB;rssi3:0004640100000015;qd:A7;rssi4:0000000000000000;qd:00

        {RSSI 信息解析}: 
[2016-01-14 15:24:58]: rssi:OBU:0004610400000058;rssi1:0004640100000011;qd:B2;rssi2:0004640100000016;qd:B1;rssi3:0004640100000012;qd:AB;rssi4:0000000000000000;qd:00

        {RSSI 信息解析}: 
[2016-01-14 15:25:03]: rssi:OBU:0004610400000058;rssi1:0004640100000011;qd:B2;rssi2:0004640100000015;qd:A7;rssi3:0004640100000016;qd:AF;rssi4:0000000000000000;qd:00

[2016-01-14 15:25:05]:OBU信息帧 OBU:0004610400000058;CardID:0000000000000000;Other info:66666666
[2016-01-14 15:25:05]:OBU信息帧 OBU:0004610400000058;CardID:0000000000000000;Other info:66666666
        {RSSI 信息解析}: 
[2016-01-14 15:25:06]: rssi:OBU:0004610400000058;rssi1:0004640100000011;qd:B4;rssi2:0004640100000016;qd:B0;rssi3:0000000000000000;qd:00;rssi4:0000000000000000;qd:00

        {RSSI 信息解析}: 
[2016-01-14 15:25:07]: rssi:OBU:0004610400000058;rssi1:0004640100000011;qd:B2;rssi2:0000000000000000;qd:00;rssi3:0000000000000000;qd:00;rssi4:0000000000000000;qd:00

        {RSSI 信息解析}: 
[2016-01-14 15:25:15]: rssi:OBU:0004610400000058;rssi1:0004640100000011;qd:AE;rssi2:0004640100000012;qd:AA;rssi3:0000000000000000;qd:00;rssi4:0000000000000000;qd:00

        {RSSI 信息解析}: 
[2016-01-14 15:25:18]: rssi:OBU:0004610400000058;rssi1:0004640100000011;qd:AF;rssi2:0004640100000012;qd:AC;rssi3:0004640100000016;qd:B1;rssi4:0000000000000000;qd:00

[2016-01-14 15:25:19]:OBU信息帧 OBU:0004610400000058;CardID:0000000000000000;Other info:66666666
        {RSSI 信息解析}: 
[2016-01-14 15:25:21]: rssi:OBU:0004610400000058;rssi1:0004640100000011;qd:AE;rssi2:0004640100000016;qd:B0;rssi3:0004640100000014;qd:A7;rssi4:0004640100000012;qd:AA

        {RSSI 信息解析}: 
[2016-01-14 15:25:22]: rssi:OBU:0004610400000058;rssi1:0004640100000016;qd:B0;rssi2:0004640100000015;qd:A4;rssi3:0000000000000000;qd:00;rssi4:0000000000000000;qd:00

        {RSSI 信息解析}: 
[2016-01-14 15:25:27]: rssi:OBU:0004610400000058;rssi1:0004640100000016;qd:B0;rssi2:0000000000000000;qd:00;rssi3:0000000000000000;qd:00;rssi4:0000000000000000;qd:00

        {RSSI 信息解析}: 
[2016-01-14 15:25:33]: rssi:OBU:0004610400000058;rssi1:0004640100000016;qd:B2;rssi2:0004640100000015;qd:A4;rssi3:0004640100000011;qd:AF;rssi4:0000000000000000;qd:00

[2016-01-14 15:25:35]:OBU=0004610400000058
[2016-01-14 15:25:35]:POS=0138
        {RSSI 信息解析}: 
[2016-01-14 15:25:37]: rssi:OBU:0004610400000058;rssi1:0004640100000016;qd:B1;rssi2:0000000000000000;qd:00;rssi3:0000000000000000;qd:00;rssi4:0000000000000000;qd:00

        {RSSI 信息解析}: 
[2016-01-14 15:25:38]: rssi:OBU:0004610400000058;rssi1:0004640100000014;qd:A8;rssi2:0004640100000016;qd:B0;rssi3:0000000000000000;qd:00;rssi4:0000000000000000;qd:00

        {RSSI 信息解析}: 
[2016-01-14 15:25:41]: rssi:OBU:0004610400000058;rssi1:0004640100000016;qd:B1;rssi2:0000000000000000;qd:00;rssi3:0000000000000000;qd:00;rssi4:0000000000000000;qd:00

[2016-01-14 15:27:37]:{与服务器通信}send: F2111234560462011100000011110000000000000000000000000000F1
[2016-01-14 15:27:38]:{与服务器通信}recv: F291103456000000110462011112000000000000000056974DEA00000000947AF1
        {RSSI 信息解析}: 
[2016-01-14 15:27:39]: rssi:OBU:0004610400000058;rssi1:0004640100000011;qd:B5;rssi2:0000000000000000;qd:00;rssi3:0000000000000000;qd:00;rssi4:0000000000000000;qd:00

        {RSSI 信息解析}: 
[2016-01-14 15:27:40]: rssi:OBU:0004610400000058;rssi1:0004640100000011;qd:B2;rssi2:0000000000000000;qd:00;rssi3:0000000000000000;qd:00;rssi4:0000000000000000;qd:00

[2016-01-14 15:27:43]:OBU=0004610400000058
[2016-01-14 15:27:43]:{进站!}
        {RSSI 信息解析}: 
[2016-01-14 15:27:44]: rssi:OBU:0004610400000058;rssi1:0004640100000011;qd:B5;rssi2:0004640100000016;qd:AF;rssi3:0004640100000017;qd:A4;rssi4:0000000000000000;qd:00

        {RSSI 信息解析}: 
[2016-01-14 15:27:45]: rssi:OBU:0004610400000058;rssi1:0004640100000016;qd:AF;rssi2:0004640100000012;qd:AA;rssi3:0000000000000000;qd:00;rssi4:0000000000000000;qd:00

[2016-01-14 15:27:46]:OBU信息帧 OBU:0004610400000058;CardID:0000000000000000;Other info:66666666
[2016-01-14 15:27:46]:OBU信息帧 OBU:0004610400000058;CardID:0000000000000000;Other info:66666666
        {RSSI 信息解析}: 
[2016-01-14 15:27:47]: rssi:OBU:0004610400000058;rssi1:0004640100000011;qd:B2;rssi2:0000000000000000;qd:00;rssi3:0000000000000000;qd:00;rssi4:0000000000000000;qd:00

        {RSSI 信息解析}: 
[2016-01-14 15:27:49]: rssi:OBU:0004610400000058;rssi1:0004640100000016;qd:AF;rssi2:0004640100000014;qd:A7;rssi3:0000000000000000;qd:00;rssi4:0000000000000000;qd:00

        {RSSI 信息解析}: 
[2016-01-14 15:27:52]: rssi:OBU:0004610400000058;rssi1:0004640100000016;qd:B2;rssi2:0000000000000000;qd:00;rssi3:0000000000000000;qd:00;rssi4:0000000000000000;qd:00

        {RSSI 信息解析}: 
[2016-01-14 15:28:00]: rssi:OBU:0004610400000058;rssi1:0004640100000016;qd:B0;rssi2:0000000000000000;qd:00;rssi3:0000000000000000;qd:00;rssi4:0000000000000000;qd:00

        {RSSI 信息解析}: 
[2016-01-14 15:28:02]: rssi:OBU:0004610400000058;rssi1:0004640100000016;qd:B0;rssi2:0000000000000000;qd:00;rssi3:0000000000000000;qd:00;rssi4:0000000000000000;qd:00

        {RSSI 信息解析}: 
[2016-01-14 15:28:05]: rssi:OBU:0004610400000058;rssi1:0004640100000016;qd:B0;rssi2:0004640100000017;qd:A7;rssi3:0000000000000000;qd:00;rssi4:0000000000000000;qd:00

[2016-01-14 15:28:05]:OBU信息帧 OBU:0004610400000058;CardID:0000000000000000;Other info:66666666
        {RSSI 信息解析}: 
[2016-01-14 15:28:07]: rssi:OBU:0004610400000058;rssi1:0004640100000016;qd:B1;rssi2:0000000000000000;qd:00;rssi3:0000000000000000;qd:00;rssi4:0000000000000000;qd:00

        {RSSI 信息解析}: 
[2016-01-14 15:28:10]: rssi:OBU:0004610400000058;rssi1:0004640100000016;qd:AF;rssi2:0000000000000000;qd:00;rssi3:0000000000000000;qd:00;rssi4:0000000000000000;qd:00

        {RSSI 信息解析}: 
[2016-01-14 15:28:11]: rssi:OBU:0004610400000058;rssi1:0004640100000016;qd:B0;rssi2:0004640100000017;qd:A6;rssi3:0000000000000000;qd:00;rssi4:0000000000000000;qd:00

        {RSSI 信息解析}: 
[2016-01-14 15:28:13]: rssi:OBU:0004610400000058;rssi1:0004640100000016;qd:B1;rssi2:0000000000000000;qd:00;rssi3:0000000000000000;qd:00;rssi4:0000000000000000;qd:00

        {RSSI 信息解析}: 
[2016-01-14 15:28:13]: rssi:OBU:0004610400000058;rssi1:0004640100000016;qd:B1;rssi2:0000000000000000;qd:00;rssi3:0000000000000000;qd:00;rssi4:0000000000000000;qd:00

        {RSSI 信息解析}: 
[2016-01-14 15:28:13]: rssi:OBU:0004610400000058;rssi1:0004640100000016;qd:B1;rssi2:0000000000000000;qd:00;rssi3:0000000000000000;qd:00;rssi4:0000000000000000;qd:00

        {RSSI 信息解析}: 
[2016-01-14 15:28:14]: rssi:OBU:0004610400000058;rssi1:0004640100000016;qd:B1;rssi2:0000000000000000;qd:00;rssi3:0000000000000000;qd:00;rssi4:0000000000000000;qd:00

        {RSSI 信息解析}: 
[2016-01-14 15:28:14]: rssi:OBU:0004610400000058;rssi1:0004640100000016;qd:B1;rssi2:0000000000000000;qd:00;rssi3:0000000000000000;qd:00;rssi4:0000000000000000;qd:00

        {RSSI 信息解析}: 
[2016-01-14 15:28:16]: rssi:OBU:0004610400000058;rssi1:0004640100000016;qd:B2;rssi2:0000000000000000;qd:00;rssi3:0000000000000000;qd:00;rssi4:0000000000000000;qd:00

        {RSSI 信息解析}: 
[2016-01-14 15:28:18]: rssi:OBU:0004610400000058;rssi1:0004640100000016;qd:B3;rssi2:0000000000000000;qd:00;rssi3:0000000000000000;qd:00;rssi4:0000000000000000;qd:00

        {RSSI 信息解析}: 
[2016-01-14 15:28:27]: rssi:OBU:0004610400000058;rssi1:0004640100000015;qd:A5;rssi2:0004640100000017;qd:A7;rssi3:0004640100000011;qd:B6;rssi4:0004640100000016;qd:B1

[2016-01-14 15:28:28]:OBU=0004610400000058
[2016-01-14 15:28:28]:POS=0138
        {RSSI 信息解析}: 
[2016-01-14 15:28:29]: rssi:OBU:0004610400000058;rssi1:0004640100000016;qd:AF;rssi2:0000000000000000;qd:00;rssi3:0000000000000000;qd:00;rssi4:0000000000000000;qd:00

        {RSSI 信息解析}: 
[2016-01-14 15:28:31]: rssi:OBU:0004610400000058;rssi1:0004640100000016;qd:AF;rssi2:0000000000000000;qd:00;rssi3:0000000000000000;qd:00;rssi4:0000000000000000;qd:00

        {RSSI 信息解析}: 
[2016-01-14 15:28:32]: rssi:OBU:0004610400000058;rssi1:0004640100000016;qd:B5;rssi2:0000000000000000;qd:00;rssi3:0000000000000000;qd:00;rssi4:0000000000000000;qd:00

        {RSSI 信息解析}: 
[2016-01-14 15:28:33]: rssi:OBU:0004610400000058;rssi1:0004640100000016;qd:B5;rssi2:0000000000000000;qd:00;rssi3:0000000000000000;qd:00;rssi4:0000000000000000;qd:00

        {RSSI 信息解析}: 
[2016-01-14 15:28:45]: rssi:OBU:0004610400000058;rssi1:0004640100000016;qd:B1;rssi2:0004640100000011;qd:B7;rssi3:0004640100000012;qd:A9;rssi4:0004640100000017;qd:A5

        {RSSI 信息解析}: 
[2016-01-14 15:28:49]: rssi:OBU:0004610400000058;rssi1:0004640100000016;qd:B2;rssi2:0004640100000017;qd:A4;rssi3:0000000000000000;qd:00;rssi4:0000000000000000;qd:00

        {RSSI 信息解析}: 
[2016-01-14 15:28:51]: rssi:OBU:0004610400000058;rssi1:0004640100000016;qd:B3;rssi2:0000000000000000;qd:00;rssi3:0000000000000000;qd:00;rssi4:0000000000000000;qd:00

        {RSSI 信息解析}: 
[2016-01-14 15:28:53]: rssi:OBU:0004610400000058;rssi1:0004640100000016;qd:B3;rssi2:0000000000000000;qd:00;rssi3:0000000000000000;qd:00;rssi4:0000000000000000;qd:00

[2016-01-14 15:29:37]:{与服务器通信}send: F2111234560462011100000011110000000000000000000000000000F1
[2016-01-14 15:29:38]:{与服务器通信}recv: F291103456000000110462011112000000000000000056974E62000000004872F1
        {RSSI 信息解析}: 
[2016-01-14 15:29:39]: rssi:OBU:0004610400000058;rssi1:0004640100000011;qd:B1;rssi2:0000000000000000;qd:00;rssi3:0000000000000000;qd:00;rssi4:0000000000000000;qd:00

[2016-01-14 15:29:43]:OBU=0004610400000058
[2016-01-14 15:29:43]:{进站!}
        {RSSI 信息解析}: 
[2016-01-14 15:29:54]: rssi:OBU:0004610400000058;rssi1:0004640100000011;qd:B4;rssi2:0004640100000015;qd:A9;rssi3:0000000000000000;qd:00;rssi4:0000000000000000;qd:00

        {RSSI 信息解析}: 
[2016-01-14 15:29:57]: rssi:OBU:0004610400000058;rssi1:0004640100000011;qd:B5;rssi2:0000000000000000;qd:00;rssi3:0000000000000000;qd:00;rssi4:0000000000000000;qd:00

        {RSSI 信息解析}: 
[2016-01-14 15:29:58]: rssi:OBU:0004610400000058;rssi1:0004640100000011;qd:B3;rssi2:0000000000000000;qd:00;rssi3:0000000000000000;qd:00;rssi4:0000000000000000;qd:00

[2016-01-14 15:29:59]:OBU信息帧 OBU:0004610400000058;CardID:0000000000000000;Other info:66666666
        {RSSI 信息解析}: 
[2016-01-14 15:30:01]: rssi:OBU:0004610400000058;rssi1:0004640100000011;qd:B2;rssi2:0004640100000015;qd:A8;rssi3:0000000000000000;qd:00;rssi4:0000000000000000;qd:00

[2016-01-14 15:30:05]:OBU信息帧 OBU:0004610400000058;CardID:0000000000000000;Other info:66666666
        {RSSI 信息解析}: 
[2016-01-14 15:30:06]: rssi:OBU:0004610400000058;rssi1:0004640100000016;qd:B4;rssi2:0000000000000000;qd:00;rssi3:0000000000000000;qd:00;rssi4:0000000000000000;qd:00

[2016-01-14 15:30:10]:OBU信息帧 OBU:0004610400000058;CardID:0000000000000000;Other info:66666666
[2016-01-14 15:30:17]:OBU信息帧 OBU:0004610400000058;CardID:0000000000000000;Other info:66666666
        {RSSI 信息解析}: 
[2016-01-14 15:30:20]: rssi:OBU:0004610400000058;rssi1:0004640100000016;qd:B2;rssi2:0000000000000000;qd:00;rssi3:0000000000000000;qd:00;rssi4:0000000000000000;qd:00

        {RSSI 信息解析}: 
[2016-01-14 15:30:36]: rssi:OBU:0004610400000058;rssi1:0004640100000011;qd:B4;rssi2:0004640100000016;qd:B3;rssi3:0000000000000000;qd:00;rssi4:0000000000000000;qd:00

        {RSSI 信息解析}: 
[2016-01-14 15:30:53]: rssi:OBU:0004610400000058;rssi1:0004640100000016;qd:B2;rssi2:0004640100000011;qd:B7;rssi3:0000000000000000;qd:00;rssi4:0000000000000000;qd:00

        {RSSI 信息解析}: 
[2016-01-14 15:30:54]: rssi:OBU:0004610400000058;rssi1:0004640100000016;qd:AF;rssi2:0000000000000000;qd:00;rssi3:0000000000000000;qd:00;rssi4:0000000000000000;qd:00

[2016-01-14 15:31:01]:OBU信息帧 OBU:0004610400000058;CardID:0000000000000000;Other info:66666666
[2016-01-14 15:31:05]:OBU信息帧 OBU:0004610400000058;CardID:0000000000000000;Other info:66666666
        {RSSI 信息解析}: 
[2016-01-14 15:31:09]: rssi:OBU:0004610400000058;rssi1:0004640100000011;qd:B3;rssi2:0004640100000015;qd:A7;rssi3:0004640100000016;qd:B1;rssi4:0000000000000000;qd:00

        {RSSI 信息解析}: 
[2016-01-14 15:31:11]: rssi:OBU:0004610400000058;rssi1:0004640100000011;qd:B8;rssi2:0000000000000000;qd:00;rssi3:0000000000000000;qd:00;rssi4:0000000000000000;qd:00

        {RSSI 信息解析}: 
[2016-01-14 15:31:13]: rssi:OBU:0004610400000058;rssi1:0004640100000011;qd:B4;rssi2:0000000000000000;qd:00;rssi3:0000000000000000;qd:00;rssi4:0000000000000000;qd:00

        {RSSI 信息解析}: 
[2016-01-14 15:31:14]: rssi:OBU:0004610400000058;rssi1:0004640100000011;qd:B3;rssi2:0000000000000000;qd:00;rssi3:0000000000000000;qd:00;rssi4:0000000000000000;qd:00

        {RSSI 信息解析}: 
[2016-01-14 15:31:26]: rssi:OBU:0004610400000058;rssi1:0004640100000015;qd:A8;rssi2:0004640100000011;qd:B8;rssi3:0000000000000000;qd:00;rssi4:0000000000000000;qd:00

        {RSSI 信息解析}: 
[2016-01-14 15:31:27]: rssi:OBU:0004610400000058;rssi1:0004640100000011;qd:B9;rssi2:0000000000000000;qd:00;rssi3:0000000000000000;qd:00;rssi4:0000000000000000;qd:00

[2016-01-14 15:31:37]:OBU信息帧 OBU:0004610400000058;CardID:0000000000000000;Other info:66666666
[2016-01-14 15:31:37]:OBU信息帧 OBU:0004610400000058;CardID:0000000000000000;Other info:66666666
        {RSSI 信息解析}: 
[2016-01-14 15:31:41]: rssi:OBU:0004610400000058;rssi1:0004640100000011;qd:B8;rssi2:0004640100000016;qd:B1;rssi3:0004640100000015;qd:A5;rssi4:0004640100000012;qd:AA

[2016-01-14 15:31:41]:OBU信息帧 OBU:0004610400000058;CardID:0000000000000000;Other info:66666666
        {RSSI 信息解析}: 
[2016-01-14 15:31:42]: rssi:OBU:0004610400000058;rssi1:0004640100000011;qd:B8;rssi2:0000000000000000;qd:00;rssi3:0000000000000000;qd:00;rssi4:0000000000000000;qd:00

        {RSSI 信息解析}: 
[2016-01-14 15:31:52]: rssi:OBU:0004610400000058;rssi1:0004640100000015;qd:A8;rssi2:0004640100000011;qd:B5;rssi3:0000000000000000;qd:00;rssi4:0000000000000000;qd:00

[2016-01-14 15:32:05]:OBU信息帧 OBU:0004610400000058;CardID:0000000000000000;Other info:66666666
        {RSSI 信息解析}: 
[2016-01-14 15:32:07]: rssi:OBU:0004610400000058;rssi1:0004640100000011;qd:B5;rssi2:0000000000000000;qd:00;rssi3:0000000000000000;qd:00;rssi4:0000000000000000;qd:00

[2016-01-14 15:32:13]:OBU=0004610400000058
[2016-01-14 15:32:13]:POS=0138
        {RSSI 信息解析}: 
[2016-01-14 15:32:21]: rssi:OBU:0004610400000058;rssi1:0004640100000011;qd:B5;rssi2:0000000000000000;qd:00;rssi3:0000000000000000;qd:00;rssi4:0000000000000000;qd:00

        {RSSI 信息解析}: 
[2016-01-14 15:32:23]: rssi:OBU:0004610400000058;rssi1:0004640100000011;qd:B7;rssi2:0000000000000000;qd:00;rssi3:0000000000000000;qd:00;rssi4:0000000000000000;qd:00

        {RSSI 信息解析}: 
[2016-01-14 15:32:27]: rssi:OBU:0004610400000058;rssi1:0004640100000011;qd:B7;rssi2:0004640100000015;qd:A8;rssi3:0004640100000016;qd:B2;rssi4:0004640100000012;qd:A8

        {RSSI 信息解析}: 
[2016-01-14 15:32:37]: rssi:OBU:0004610400000058;rssi1:0004640100000011;qd:B7;rssi2:0004640100000015;qd:A7;rssi3:0004640100000016;qd:B0;rssi4:0000000000000000;qd:00

        {RSSI 信息解析}: 
[2016-01-14 15:32:55]: rssi:OBU:0004610400000058;rssi1:0004640100000015;qd:A8;rssi2:0004640100000011;qd:B7;rssi3:0004640100000016;qd:B0;rssi4:0000000000000000;qd:00

[2016-01-14 15:32:55]:OBU信息帧 OBU:0004610400000058;CardID:0000000000000000;Other info:66666666
[2016-01-14 15:32:58]:OBU信息帧 OBU:0004610400000058;CardID:0000000000000000;Other info:66666666
[2016-01-14 15:34:22]:{与服务器通信}send: F2111234560462011100000011110000000000000000000000000000F1
[2016-01-14 15:34:23]:{与服务器通信}recv: F291103456000000110462011112000000000000000056974F7F00000000846DF1
[2016-01-14 15:34:28]:OBU=0004610400000058
[2016-01-14 15:34:28]:{进站!}
[2016-01-14 15:38:53]:OBU信息帧 OBU:0004610400000058;CardID:0000000000000000;Other info:66666666
[2016-01-14 15:38:59]:OBU信息帧 OBU:0004610400000058;CardID:0000000000000000;Other info:66666666
[2016-01-14 15:39:07]:OBU信息帧 OBU:0004610400000058;CardID:0000000000000000;Other info:66666666
[2016-01-14 15:39:07]:OBU信息帧 OBU:0004610400000071;CardID:0000000000000000;Other info:66666666
[2016-01-14 15:39:08]:OBU信息帧 OBU:0004610400000071;CardID:0000000000000000;Other info:66666666
[2016-01-14 15:39:10]:OBU信息帧 OBU:0004610400000071;CardID:0000000000000000;Other info:66666666
[2016-01-14 15:39:11]:OBU信息帧 OBU:0004610400000071;CardID:0000000000000000;Other info:66666666
[2016-01-14 15:39:13]:OBU信息帧 OBU:0004610400000071;CardID:0000000000000000;Other info:66666666
[2016-01-14 15:39:14]:OBU信息帧 OBU:0004610400000071;CardID:0000000000000000;Other info:66666666
        {RSSI 信息解析}: 
[2016-01-14 15:39:14]: rssi:OBU:0004610400000071;rssi1:0004640100000011;qd:A5;rssi2:0000000000000000;qd:00;rssi3:0000000000000000;qd:00;rssi4:0000000000000000;qd:00

[2016-01-14 15:39:17]:OBU信息帧 OBU:0004610400000058;CardID:0000000000000000;Other info:66666666
[2016-01-14 15:39:18]:OBU信息帧 OBU:0004610400000071;CardID:0000000000000000;Other info:66666666
[2016-01-14 15:39:22]:OBU信息帧 OBU:0004610400000058;CardID:0000000000000000;Other info:66666666
        {RSSI 信息解析}: 
[2016-01-14 15:39:23]: rssi:OBU:0004610400000071;rssi1:0004640100000016;qd:AC;rssi2:0004640100000011;qd:B1;rssi3:0004640100000015;qd:AA;rssi4:0000000000000000;qd:00

[2016-01-14 15:39:26]:OBU信息帧 OBU:0004610400000071;CardID:0000000000000000;Other info:66666666
[2016-01-14 15:39:28]:OBU=0004610400000071
[2016-01-14 15:39:28]:{进站!}
        {RSSI 信息解析}: 
[2016-01-14 15:39:31]: rssi:OBU:0004610400000071;rssi1:0004640100000011;qd:AC;rssi2:0000000000000000;qd:00;rssi3:0000000000000000;qd:00;rssi4:0000000000000000;qd:00

        {RSSI 信息解析}: 
[2016-01-14 15:39:34]: rssi:OBU:0004610400000071;rssi1:0004640100000011;qd:AD;rssi2:0004640100000015;qd:A9;rssi3:0004640100000016;qd:A9;rssi4:0000000000000000;qd:00

[2016-01-14 15:39:36]:OBU信息帧 OBU:0004610400000071;CardID:0000000000000000;Other info:66666666
[2016-01-14 15:40:17]:{与服务器通信}send: F2111234560462011100000011110000000000000000000000000000F1
[2016-01-14 15:40:19]:{与服务器通信}recv: F2911034560000001104620111120000000000000000569750E300000000B271F1
[2016-01-14 15:40:20]:OBU信息帧 OBU:0004610400000071;CardID:0000000000000000;Other info:66666666
[2016-01-14 15:40:24]:OBU=0004610400000071
[2016-01-14 15:40:24]:{进站!}
[2016-01-14 15:40:27]:OBU信息帧 OBU:0004610400000071;CardID:0000000000000000;Other info:66666666
[2016-01-14 15:40:31]:OBU信息帧 OBU:0004610400000071;CardID:0000000000000000;Other info:66666666
[2016-01-14 15:40:31]:OBU信息帧 OBU:0004610400000071;CardID:0000000000000000;Other info:66666666
[2016-01-14 15:40:32]:OBU信息帧 OBU:0004610400000071;CardID:0000000000000000;Other info:66666666
[2016-01-14 15:40:39]:OBU信息帧 OBU:0004610400000071;CardID:0000000000000000;Other info:66666666
        {RSSI 信息解析}: 
[2016-01-14 15:40:40]: rssi:OBU:0004610400000071;rssi1:0004640100000011;qd:B1;rssi2:0000000000000000;qd:00;rssi3:0000000000000000;qd:00;rssi4:0000000000000000;qd:00

[2016-01-14 15:40:42]:OBU信息帧 OBU:0004610400000071;CardID:0000000000000000;Other info:66666666
        {RSSI 信息解析}: 
[2016-01-14 15:40:42]: rssi:OBU:0004610400000071;rssi1:0004640100000011;qd:B3;rssi2:0004640100000015;qd:A8;rssi3:0000000000000000;qd:00;rssi4:0000000000000000;qd:00

        {RSSI 信息解析}: 
[2016-01-14 15:40:44]: rssi:OBU:0004610400000071;rssi1:0004640100000011;qd:B2;rssi2:0000000000000000;qd:00;rssi3:0000000000000000;qd:00;rssi4:0000000000000000;qd:00

[2016-01-14 15:40:46]:OBU信息帧 OBU:0004610400000071;CardID:0000000000000000;Other info:66666666
        {RSSI 信息解析}: 
[2016-01-14 15:40:47]: rssi:OBU:0004610400000071;rssi1:0004640100000011;qd:B2;rssi2:0004640100000015;qd:A7;rssi3:0000000000000000;qd:00;rssi4:0000000000000000;qd:00

[2016-01-14 15:40:50]:OBU信息帧 OBU:0004610400000071;CardID:0000000000000000;Other info:66666666
        {RSSI 信息解析}: 
[2016-01-14 15:40:52]: rssi:OBU:0004610400000071;rssi1:0004640100000011;qd:B2;rssi2:0000000000000000;qd:00;rssi3:0000000000000000;qd:00;rssi4:0000000000000000;qd:00

        {RSSI 信息解析}: 
[2016-01-14 15:40:59]: rssi:OBU:0004610400000071;rssi1:0004640100000011;qd:B2;rssi2:0000000000000000;qd:00;rssi3:0000000000000000;qd:00;rssi4:0000000000000000;qd:00

[2016-01-14 15:41:05]:OBU信息帧 OBU:0004610400000071;CardID:0000000000000000;Other info:66666666
        {RSSI 信息解析}: 
[2016-01-14 15:41:07]: rssi:OBU:0004610400000071;rssi1:0004640100000011;qd:B3;rssi2:0000000000000000;qd:00;rssi3:0000000000000000;qd:00;rssi4:0000000000000000;qd:00

[2016-01-14 15:41:09]:OBU=0004610400000071
[2016-01-14 15:41:09]:POS=0110
        {RSSI 信息解析}: 
[2016-01-14 15:41:10]: rssi:OBU:0004610400000071;rssi1:0004640100000011;qd:AE;rssi2:0004640100000016;qd:AE;rssi3:0000000000000000;qd:00;rssi4:0000000000000000;qd:00

[2016-01-14 15:41:10]:OBU信息帧 OBU:0004610400000071;CardID:0000000000000000;Other info:66666666
        {RSSI 信息解析}: 
[2016-01-14 15:41:11]: rssi:OBU:0004610400000071;rssi1:0004640100000015;qd:A5;rssi2:0000000000000000;qd:00;rssi3:0000000000000000;qd:00;rssi4:0000000000000000;qd:00

[2016-01-14 15:41:21]:OBU信息帧 OBU:0004610400000071;CardID:0000000000000000;Other info:66666666
[2016-01-14 15:41:24]:OBU信息帧 OBU:0004610400000071;CardID:0000000000000000;Other info:66666666
[2016-01-14 15:41:26]:OBU信息帧 OBU:0004610400000071;CardID:0000000000000000;Other info:66666666
        {RSSI 信息解析}: 
[2016-01-14 15:41:38]: rssi:OBU:0004610400000071;rssi1:0004640100000016;qd:B5;rssi2:0004640100000011;qd:B9;rssi3:0004640100000017;qd:A6;rssi4:0000000000000000;qd:00

        {RSSI 信息解析}: 
[2016-01-14 15:41:39]: rssi:OBU:0004610400000071;rssi1:0004640100000016;qd:B2;rssi2:0004640100000011;qd:BE;rssi3:0000000000000000;qd:00;rssi4:0000000000000000;qd:00

[2016-01-14 15:41:42]:OBU信息帧 OBU:0004610400000071;CardID:0000000000000000;Other info:66666666
        {RSSI 信息解析}: 
[2016-01-14 15:41:43]: rssi:OBU:0004610400000071;rssi1:0004640100000016;qd:B3;rssi2:0004640100000011;qd:BB;rssi3:0000000000000000;qd:00;rssi4:0000000000000000;qd:00

        {RSSI 信息解析}: 
[2016-01-14 15:41:43]: rssi:OBU:0004610400000071;rssi1:0004640100000016;qd:B3;rssi2:0004640100000011;qd:BB;rssi3:0000000000000000;qd:00;rssi4:0000000000000000;qd:00

        {RSSI 信息解析}: 
[2016-01-14 15:41:55]: rssi:OBU:0004610400000071;rssi1:0004640100000016;qd:AE;rssi2:0004640100000011;qd:BC;rssi3:0004640100000012;qd:A6;rssi4:0004640100000014;qd:A4

[2016-01-14 15:41:59]:OBU信息帧 OBU:0004610400000071;CardID:0000000000000000;Other info:66666666
[2016-01-14 15:43:08]:{与服务器通信}send: F2111234560462011100000011110000000000000000000000000000F1
[2016-01-14 15:43:09]:{与服务器通信}recv: F29110345600000011046201111200000000000000005697518D000000007651F1
        {RSSI 信息解析}: 
[2016-01-14 15:43:11]: rssi:OBU:0004610400000071;rssi1:0004640100000011;qd:BE;rssi2:0004640100000016;qd:B2;rssi3:0004640100000015;qd:A2;rssi4:0000000000000000;qd:00

        {RSSI 信息解析}: 
[2016-01-14 15:43:16]: rssi:OBU:0004610400000071;rssi1:0004640100000011;qd:BD;rssi2:0004640100000016;qd:B1;rssi3:0004640100000015;qd:A2;rssi4:0000000000000000;qd:00

[2016-01-14 15:43:19]:OBU=0004610400000071
[2016-01-14 15:43:19]:{进站!}
        {RSSI 信息解析}: 
[2016-01-14 15:43:23]: rssi:OBU:0004610400000071;rssi1:0004640100000011;qd:BE;rssi2:0004640100000015;qd:A1;rssi3:0004640100000016;qd:AE;rssi4:0000000000000000;qd:00

        {RSSI 信息解析}: 
[2016-01-14 15:43:29]: rssi:OBU:0004610400000071;rssi1:0004640100000011;qd:BD;rssi2:0004640100000015;qd:A5;rssi3:0004640100000016;qd:B0;rssi4:0000000000000000;qd:00

[2016-01-14 15:43:38]:OBU信息帧 OBU:0004610400000071;CardID:0000000000000000;Other info:66666666
        {RSSI 信息解析}: 
[2016-01-14 15:43:39]: rssi:OBU:0004610400000071;rssi1:0004640100000011;qd:BD;rssi2:0004640100000016;qd:B0;rssi3:0004640100000015;qd:A3;rssi4:0000000000000000;qd:00

[2016-01-14 15:43:42]:OBU信息帧 OBU:0004610400000071;CardID:0000000000000000;Other info:66666666
        {RSSI 信息解析}: 
[2016-01-14 15:43:42]: rssi:OBU:0004610400000071;rssi1:0004640100000016;qd:B2;rssi2:0004640100000015;qd:A4;rssi3:0004640100000011;qd:BD;rssi4:0000000000000000;qd:00

        {RSSI 信息解析}: 
[2016-01-14 15:43:46]: rssi:OBU:0004610400000071;rssi1:0004640100000011;qd:BD;rssi2:0004640100000016;qd:AF;rssi3:0004640100000015;qd:A6;rssi4:0000000000000000;qd:00

        {RSSI 信息解析}: 
[2016-01-14 15:43:53]: rssi:OBU:0004610400000071;rssi1:0004640100000011;qd:BC;rssi2:0004640100000016;qd:B1;rssi3:0004640100000015;qd:A6;rssi4:0000000000000000;qd:00

        {RSSI 信息解析}: 
[2016-01-14 15:43:56]: rssi:OBU:0004610400000071;rssi1:0004640100000011;qd:BD;rssi2:0000000000000000;qd:00;rssi3:0000000000000000;qd:00;rssi4:0000000000000000;qd:00

        {RSSI 信息解析}: 
[2016-01-14 15:44:06]: rssi:OBU:0004610400000071;rssi1:0004640100000011;qd:BE;rssi2:0004640100000015;qd:A0;rssi3:0004640100000016;qd:B1;rssi4:0000000000000000;qd:00

        {RSSI 信息解析}: 
[2016-01-14 15:44:11]: rssi:OBU:0004610400000071;rssi1:0004640100000011;qd:BE;rssi2:0004640100000015;qd:A9;rssi3:0004640100000016;qd:B1;rssi4:0000000000000000;qd:00

        {RSSI 信息解析}: 
[2016-01-14 15:44:13]: rssi:OBU:0004610400000071;rssi1:0004640100000011;qd:BC;rssi2:0004640100000015;qd:A7;rssi3:0000000000000000;qd:00;rssi4:0000000000000000;qd:00

        {RSSI 信息解析}: 
[2016-01-14 15:44:20]: rssi:OBU:0004610400000071;rssi1:0004640100000011;qd:BD;rssi2:0004640100000015;qd:A6;rssi3:0004640100000016;qd:B0;rssi4:0004640100000012;qd:A7

        {RSSI 信息解析}: 
[2016-01-14 15:44:20]: rssi:OBU:0004610400000071;rssi1:0004640100000011;qd:BD;rssi2:0004640100000015;qd:A6;rssi3:0004640100000016;qd:B0;rssi4:0004640100000012;qd:A7

        {RSSI 信息解析}: 
[2016-01-14 15:44:25]: rssi:OBU:0004610400000071;rssi1:0004640100000011;qd:BD;rssi2:0004640100000016;qd:AF;rssi3:0004640100000015;qd:A4;rssi4:0000000000000000;qd:00

        {RSSI 信息解析}: 
[2016-01-14 15:44:30]: rssi:OBU:0004610400000071;rssi1:0004640100000011;qd:BD;rssi2:0004640100000016;qd:B1;rssi3:0000000000000000;qd:00;rssi4:0000000000000000;qd:00

        {RSSI 信息解析}: 
[2016-01-14 15:44:35]: rssi:OBU:0004610400000071;rssi1:0004640100000011;qd:BD;rssi2:0004640100000016;qd:AF;rssi3:0000000000000000;qd:00;rssi4:0000000000000000;qd:00

        {RSSI 信息解析}: 
[2016-01-14 15:44:37]: rssi:OBU:0004610400000071;rssi1:0004640100000011;qd:BD;rssi2:0000000000000000;qd:00;rssi3:0000000000000000;qd:00;rssi4:0000000000000000;qd:00

[2016-01-14 15:44:42]:OBU信息帧 OBU:0004610400000071;CardID:0000000000000000;Other info:66666666
        {RSSI 信息解析}: 
[2016-01-14 15:44:43]: rssi:OBU:0004610400000071;rssi1:0004640100000011;qd:BD;rssi2:0004640100000016;qd:AF;rssi3:0004640100000015;qd:A2;rssi4:0000000000000000;qd:00

        {RSSI 信息解析}: 
[2016-01-14 15:45:05]: rssi:OBU:0004610400000071;rssi1:0004640100000011;qd:BE;rssi2:0004640100000016;qd:B0;rssi3:0004640100000012;qd:A8;rssi4:0000000000000000;qd:00

        {RSSI 信息解析}: 
[2016-01-14 15:45:10]: rssi:OBU:0004610400000071;rssi1:0004640100000011;qd:BE;rssi2:0004640100000016;qd:B0;rssi3:0000000000000000;qd:00;rssi4:0000000000000000;qd:00

        {RSSI 信息解析}: 
[2016-01-14 15:45:14]: rssi:OBU:0004610400000071;rssi1:0004640100000011;qd:BD;rssi2:0004640100000016;qd:AF;rssi3:0000000000000000;qd:00;rssi4:0000000000000000;qd:00

        {RSSI 信息解析}: 
[2016-01-14 15:45:22]: rssi:OBU:0004610400000071;rssi1:0004640100000011;qd:BE;rssi2:0004640100000016;qd:AF;rssi3:0000000000000000;qd:00;rssi4:0000000000000000;qd:00

        {RSSI 信息解析}: 
[2016-01-14 15:45:24]: rssi:OBU:0004610400000071;rssi1:0004640100000011;qd:BD;rssi2:0004640100000016;qd:B0;rssi3:0000000000000000;qd:00;rssi4:0000000000000000;qd:00

[2016-01-14 15:45:34]:OBU=0004610400000071
[2016-01-14 15:45:34]:POS=0138
        {RSSI 信息解析}: 
[2016-01-14 15:45:34]: rssi:OBU:0004610400000071;rssi1:0004640100000011;qd:BE;rssi2:0004640100000016;qd:AD;rssi3:0004640100000015;qd:A3;rssi4:0000000000000000;qd:00

        {RSSI 信息解析}: 
[2016-01-14 15:45:36]: rssi:OBU:0004610400000071;rssi1:0004640100000011;qd:BE;rssi2:0000000000000000;qd:00;rssi3:0000000000000000;qd:00;rssi4:0000000000000000;qd:00

        {RSSI 信息解析}: 
[2016-01-14 15:45:40]: rssi:OBU:0004610400000071;rssi1:0004640100000011;qd:BE;rssi2:0000000000000000;qd:00;rssi3:0000000000000000;qd:00;rssi4:0000000000000000;qd:00

[2016-01-14 15:45:42]:OBU信息帧 OBU:0004610400000071;CardID:0000000000000000;Other info:66666666
        {RSSI 信息解析}: 
[2016-01-14 15:45:43]: rssi:OBU:0004610400000071;rssi1:0004640100000011;qd:BD;rssi2:0000000000000000;qd:00;rssi3:0000000000000000;qd:00;rssi4:0000000000000000;qd:00

        {RSSI 信息解析}: 
[2016-01-14 15:45:53]: rssi:OBU:0004610400000071;rssi1:0004640100000011;qd:C0;rssi2:0004640100000016;qd:B0;rssi3:0000000000000000;qd:00;rssi4:0000000000000000;qd:00

        {RSSI 信息解析}: 
[2016-01-14 15:45:58]: rssi:OBU:0004610400000071;rssi1:0004640100000011;qd:BE;rssi2:0004640100000016;qd:AF;rssi3:0000000000000000;qd:00;rssi4:0000000000000000;qd:00

        {RSSI 信息解析}: 
[2016-01-14 15:46:03]: rssi:OBU:0004610400000071;rssi1:0004640100000011;qd:C0;rssi2:0004640100000016;qd:AF;rssi3:0004640100000015;qd:A2;rssi4:0000000000000000;qd:00

        {RSSI 信息解析}: 
[2016-01-14 15:46:09]: rssi:OBU:0004610400000071;rssi1:0004640100000011;qd:BE;rssi2:0004640100000016;qd:B0;rssi3:0004640100000015;qd:A3;rssi4:0000000000000000;qd:00

        {RSSI 信息解析}: 
[2016-01-14 15:46:15]: rssi:OBU:0004610400000071;rssi1:0004640100000011;qd:BF;rssi2:0004640100000016;qd:AE;rssi3:0004640100000015;qd:A2;rssi4:0000000000000000;qd:00

        {RSSI 信息解析}: 
[2016-01-14 15:46:20]: rssi:OBU:0004610400000071;rssi1:0004640100000011;qd:BE;rssi2:0004640100000016;qd:AF;rssi3:0004640100000015;qd:A1;rssi4:0000000000000000;qd:00

        {RSSI 信息解析}: 
[2016-01-14 15:46:25]: rssi:OBU:0004610400000071;rssi1:0004640100000011;qd:BE;rssi2:0004640100000015;qd:A0;rssi3:0004640100000016;qd:AC;rssi4:0000000000000000;qd:00

        {RSSI 信息解析}: 
[2016-01-14 15:46:30]: rssi:OBU:0004610400000071;rssi1:0004640100000011;qd:C0;rssi2:0004640100000016;qd:B0;rssi3:0000000000000000;qd:00;rssi4:0000000000000000;qd:00

        {RSSI 信息解析}: 
[2016-01-14 15:46:34]: rssi:OBU:0004610400000071;rssi1:0004640100000011;qd:BE;rssi2:0004640100000016;qd:B0;rssi3:0004640100000015;qd:A5;rssi4:0000000000000000;qd:00

        {RSSI 信息解析}: 
[2016-01-14 15:46:44]: rssi:OBU:0004610400000071;rssi1:0004640100000011;qd:BE;rssi2:0004640100000016;qd:B1;rssi3:0000000000000000;qd:00;rssi4:0000000000000000;qd:00

        {RSSI 信息解析}: 
[2016-01-14 15:46:52]: rssi:OBU:0004610400000071;rssi1:0004640100000011;qd:BD;rssi2:0004640100000016;qd:B1;rssi3:0000000000000000;qd:00;rssi4:0000000000000000;qd:00

        {RSSI 信息解析}: 
[2016-01-14 15:46:55]: rssi:OBU:0004610400000071;rssi1:0004640100000011;qd:BE;rssi2:0004640100000016;qd:AB;rssi3:0004640100000015;qd:A6;rssi4:0000000000000000;qd:00

        {RSSI 信息解析}: 
[2016-01-14 15:46:56]: rssi:OBU:0004610400000071;rssi1:0004640100000011;qd:BE;rssi2:0004640100000016;qd:AF;rssi3:0004640100000015;qd:A8;rssi4:0000000000000000;qd:00

        {RSSI 信息解析}: 
[2016-01-14 15:47:04]: rssi:OBU:0004610400000071;rssi1:0004640100000011;qd:BD;rssi2:0000000000000000;qd:00;rssi3:0000000000000000;qd:00;rssi4:0000000000000000;qd:00

        {RSSI 信息解析}: 
[2016-01-14 15:47:06]: rssi:OBU:0004610400000071;rssi1:0004640100000011;qd:BE;rssi2:0004640100000016;qd:B1;rssi3:0000000000000000;qd:00;rssi4:0000000000000000;qd:00

        {RSSI 信息解析}: 
[2016-01-14 15:47:21]: rssi:OBU:0004610400000071;rssi1:0004640100000011;qd:BE;rssi2:0004640100000016;qd:B2;rssi3:0000000000000000;qd:00;rssi4:0000000000000000;qd:00

        {RSSI 信息解析}: 
[2016-01-14 15:47:25]: rssi:OBU:0004610400000071;rssi1:0004640100000011;qd:BE;rssi2:0004640100000016;qd:B2;rssi3:0000000000000000;qd:00;rssi4:0000000000000000;qd:00

        {RSSI 信息解析}: 
[2016-01-14 15:47:30]: rssi:OBU:0004610400000071;rssi1:0004640100000011;qd:BE;rssi2:0004640100000016;qd:B2;rssi3:0000000000000000;qd:00;rssi4:0000000000000000;qd:00

        {RSSI 信息解析}: 
[2016-01-14 15:47:34]: rssi:OBU:0004610400000071;rssi1:0004640100000011;qd:BE;rssi2:0004640100000016;qd:B2;rssi3:0004640100000015;qd:A2;rssi4:0000000000000000;qd:00

[2016-01-14 15:47:35]:OBU=0004610400000071
[2016-01-14 15:47:35]:POS=0138
        {RSSI 信息解析}: 
[2016-01-14 15:47:36]: rssi:OBU:0004610400000071;rssi1:0004640100000011;qd:BE;rssi2:0004640100000016;qd:B2;rssi3:0000000000000000;qd:00;rssi4:0000000000000000;qd:00

[2016-01-14 15:47:42]:OBU信息帧 OBU:0004610400000071;CardID:0000000000000000;Other info:66666666
        {RSSI 信息解析}: 
[2016-01-14 15:47:48]: rssi:OBU:0004610400000071;rssi1:0004640100000011;qd:BE;rssi2:0004640100000016;qd:B1;rssi3:0000000000000000;qd:00;rssi4:0000000000000000;qd:00

        {RSSI 信息解析}: 
[2016-01-14 15:47:56]: rssi:OBU:0004610400000071;rssi1:0004640100000011;qd:BD;rssi2:0000000000000000;qd:00;rssi3:0000000000000000;qd:00;rssi4:0000000000000000;qd:00

        {RSSI 信息解析}: 
[2016-01-14 15:47:59]: rssi:OBU:0004610400000071;rssi1:0004640100000011;qd:BD;rssi2:0000000000000000;qd:00;rssi3:0000000000000000;qd:00;rssi4:0000000000000000;qd:00

        {RSSI 信息解析}: 
[2016-01-14 15:48:02]: rssi:OBU:0004610400000071;rssi1:0004640100000011;qd:BD;rssi2:0000000000000000;qd:00;rssi3:0000000000000000;qd:00;rssi4:0000000000000000;qd:00

        {RSSI 信息解析}: 
[2016-01-14 15:48:07]: rssi:OBU:0004610400000071;rssi1:0004640100000011;qd:BD;rssi2:0004640100000016;qd:B1;rssi3:0004640100000015;qd:A3;rssi4:0000000000000000;qd:00

        {RSSI 信息解析}: 
[2016-01-14 15:48:13]: rssi:OBU:0004610400000071;rssi1:0004640100000011;qd:BD;rssi2:0004640100000016;qd:B1;rssi3:0004640100000015;qd:A5;rssi4:0000000000000000;qd:00

        {RSSI 信息解析}: 
[2016-01-14 15:48:18]: rssi:OBU:0004610400000071;rssi1:0004640100000011;qd:BD;rssi2:0004640100000015;qd:A2;rssi3:0004640100000016;qd:B0;rssi4:0000000000000000;qd:00

        {RSSI 信息解析}: 
[2016-01-14 15:48:23]: rssi:OBU:0004610400000071;rssi1:0004640100000011;qd:BC;rssi2:0004640100000016;qd:B2;rssi3:0000000000000000;qd:00;rssi4:0000000000000000;qd:00

[2016-01-14 15:49:22]:{与服务器通信}send: F2111234560462011100000011110000000000000000000000000000F1
[2016-01-14 15:49:23]:{与服务器通信}recv: F2911034560000001104620111120000000000000000569753030000000095EAF1
        {RSSI 信息解析}: 
[2016-01-14 15:49:25]: rssi:OBU:0004610400000071;rssi1:0004640100000016;qd:B2;rssi2:0004640100000017;qd:AB;rssi3:0000000000000000;qd:00;rssi4:0000000000000000;qd:00

[2016-01-14 15:56:55]:OBU信息帧 OBU:0004610400000069;CardID:0000000000000000;Other info:66666666
[2016-01-14 15:56:55]:OBU信息帧 OBU:0004610400000069;CardID:0000000000000000;Other info:66666666
[2016-01-14 15:56:58]:OBU信息帧 OBU:0004610400000069;CardID:0000000000000000;Other info:66666666
[2016-01-14 15:56:59]:OBU信息帧 OBU:0004610400000069;CardID:0000000000000000;Other info:66666666
        {RSSI 信息解析}: 
[2016-01-14 15:57:14]: rssi:OBU:0004610400000069;rssi1:0004640100000011;qd:AF;rssi2:0000000000000000;qd:00;rssi3:0000000000000000;qd:00;rssi4:0000000000000000;qd:00

[2016-01-14 15:57:15]:OBU信息帧 OBU:0004610400000069;CardID:0000000000000000;Other info:66666666
[2016-01-14 15:57:16]:OBU信息帧 OBU:0004610400000069;CardID:0000000000000000;Other info:66666666
[2016-01-14 15:57:16]:OBU信息帧 OBU:0004610400000069;CardID:0000000000000000;Other info:66666666
[2016-01-14 15:57:18]:OBU信息帧 OBU:0004610400000069;CardID:0000000000000000;Other info:66666666
[2016-01-14 15:57:18]:OBU信息帧 OBU:0004610400000069;CardID:0000000000000000;Other info:66666666
[2016-01-14 15:57:18]:OBU信息帧 OBU:0004610400000069;CardID:0000000000000000;Other info:66666666
        {RSSI 信息解析}: 
[2016-01-14 15:57:23]: rssi:OBU:0004610400000069;rssi1:0004640100000011;qd:B5;rssi2:0004640100000012;qd:A5;rssi3:0004640100000014;qd:A6;rssi4:0000000000000000;qd:00

        {RSSI 信息解析}: 
[2016-01-14 15:57:25]: rssi:OBU:0004610400000069;rssi1:0004640100000011;qd:BC;rssi2:0000000000000000;qd:00;rssi3:0000000000000000;qd:00;rssi4:0000000000000000;qd:00

        {RSSI 信息解析}: 
[2016-01-14 15:57:26]: rssi:OBU:0004610400000069;rssi1:0004640100000011;qd:B5;rssi2:0000000000000000;qd:00;rssi3:0000000000000000;qd:00;rssi4:0000000000000000;qd:00

[2016-01-14 15:57:27]:OBU信息帧 OBU:0004610400000069;CardID:0000000000000000;Other info:66666666
        {RSSI 信息解析}: 
[2016-01-14 15:57:30]: rssi:OBU:0004610400000069;rssi1:0004640100000011;qd:AD;rssi2:0000000000000000;qd:00;rssi3:0000000000000000;qd:00;rssi4:0000000000000000;qd:00

[2016-01-14 15:57:30]:OBU=0004610400000069
[2016-01-14 15:57:30]:{进站!}
        {RSSI 信息解析}: 
[2016-01-14 15:57:33]: rssi:OBU:0004610400000069;rssi1:0004640100000011;qd:B4;rssi2:0000000000000000;qd:00;rssi3:0000000000000000;qd:00;rssi4:0000000000000000;qd:00

        {RSSI 信息解析}: 
[2016-01-14 15:57:35]: rssi:OBU:0004610400000069;rssi1:0004640100000011;qd:B1;rssi2:0000000000000000;qd:00;rssi3:0000000000000000;qd:00;rssi4:0000000000000000;qd:00

        {RSSI 信息解析}: 
[2016-01-14 15:57:36]: rssi:OBU:0004610400000069;rssi1:0004640100000011;qd:B2;rssi2:0000000000000000;qd:00;rssi3:0000000000000000;qd:00;rssi4:0000000000000000;qd:00

        {RSSI 信息解析}: 
[2016-01-14 15:57:38]: rssi:OBU:0004610400000069;rssi1:0004640100000011;qd:B1;rssi2:0000000000000000;qd:00;rssi3:0000000000000000;qd:00;rssi4:0000000000000000;qd:00

[2016-01-14 15:57:39]:OBU信息帧 OBU:0004610400000069;CardID:0000000000000000;Other info:66666666
        {RSSI 信息解析}: 
[2016-01-14 15:57:42]: rssi:OBU:0004610400000069;rssi1:0004640100000016;qd:AF;rssi2:0004640100000011;qd:B1;rssi3:0000000000000000;qd:00;rssi4:0000000000000000;qd:00

[2016-01-14 15:57:44]:OBU信息帧 OBU:0004610400000069;CardID:0000000000000000;Other info:66666666
        {RSSI 信息解析}: 
[2016-01-14 15:57:44]: rssi:OBU:0004610400000069;rssi1:0004640100000011;qd:AC;rssi2:0004640100000015;qd:AE;rssi3:0000000000000000;qd:00;rssi4:0000000000000000;qd:00

[2016-01-14 15:57:46]:OBU信息帧 OBU:0004610400000069;CardID:0000000000000000;Other info:66666666
[2016-01-14 15:57:47]:OBU信息帧 OBU:0004610400000069;CardID:0000000000000000;Other info:66666666
[2016-01-14 15:57:49]:OBU信息帧 OBU:0004610400000069;CardID:0000000000000000;Other info:66666666
        {RSSI 信息解析}: 
[2016-01-14 15:57:52]: rssi:OBU:0004610400000069;rssi1:0004640100000011;qd:B4;rssi2:0000000000000000;qd:00;rssi3:0000000000000000;qd:00;rssi4:0000000000000000;qd:00

[2016-01-14 15:57:53]:OBU信息帧 OBU:0004610400000069;CardID:0000000000000000;Other info:66666666
        {RSSI 信息解析}: 
[2016-01-14 15:57:54]: rssi:OBU:0004610400000069;rssi1:0004640100000011;qd:B5;rssi2:0000000000000000;qd:00;rssi3:0000000000000000;qd:00;rssi4:0000000000000000;qd:00

[2016-01-14 15:57:54]:OBU信息帧 OBU:0004610400000069;CardID:0000000000000000;Other info:66666666
[2016-01-14 15:57:56]:OBU信息帧 OBU:0004610400000069;CardID:0000000000000000;Other info:66666666
        {RSSI 信息解析}: 
[2016-01-14 15:57:58]: rssi:OBU:0004610400000069;rssi1:0004640100000014;qd:A5;rssi2:0000000000000000;qd:00;rssi3:0000000000000000;qd:00;rssi4:0000000000000000;qd:00

[2016-01-14 15:58:00]:OBU信息帧 OBU:0004610400000069;CardID:0000000000000000;Other info:66666666
[2016-01-14 15:58:00]:OBU信息帧 OBU:0004610400000069;CardID:0000000000000000;Other info:66666666
[2016-01-14 15:58:00]:OBU信息帧 OBU:0004610400000069;CardID:0000000000000000;Other info:66666666
[2016-01-14 15:58:02]:OBU信息帧 OBU:0004610400000069;CardID:0000000000000000;Other info:66666666
        {RSSI 信息解析}: 
[2016-01-14 15:58:07]: rssi:OBU:0004610400000069;rssi1:0004640100000011;qd:B7;rssi2:0004640100000015;qd:A8;rssi3:0000000000000000;qd:00;rssi4:0000000000000000;qd:00

[2016-01-14 15:58:08]:OBU信息帧 OBU:0004610400000069;CardID:0000000000000000;Other info:66666666
[2016-01-14 15:58:08]:OBU信息帧 OBU:0004610400000069;CardID:0000000000000000;Other info:66666666
        {RSSI 信息解析}: 
[2016-01-14 15:58:12]: rssi:OBU:0004610400000069;rssi1:0004640100000011;qd:B3;rssi2:0004640100000015;qd:A8;rssi3:0004640100000019;qd:A2;rssi4:0000000000000000;qd:00

        {RSSI 信息解析}: 
[2016-01-14 15:58:14]: rssi:OBU:0004610400000069;rssi1:0004640100000011;qd:AF;rssi2:0004640100000015;qd:A9;rssi3:0004640100000016;qd:B0;rssi4:0000000000000000;qd:00

        {RSSI 信息解析}: 
[2016-01-14 15:58:17]: rssi:OBU:0004610400000069;rssi1:0004640100000011;qd:B1;rssi2:0004640100000015;qd:A4;rssi3:0004640100000016;qd:A8;rssi4:0000000000000000;qd:00

        {RSSI 信息解析}: 
[2016-01-14 15:58:17]: rssi:OBU:0004610400000069;rssi1:0004640100000011;qd:B1;rssi2:0004640100000015;qd:A4;rssi3:0004640100000016;qd:A8;rssi4:0000000000000000;qd:00

[2016-01-14 15:58:17]:OBU信息帧 OBU:0004610400000069;CardID:0000000000000000;Other info:66666666
[2016-01-14 15:58:30]:OBU信息帧 OBU:0004610400000069;CardID:0000000000000000;Other info:66666666
[2016-01-14 15:58:36]:OBU信息帧 OBU:0004610400000069;CardID:0000000000000000;Other info:66666666
        {RSSI 信息解析}: 
[2016-01-14 15:58:40]: rssi:OBU:0004610400000069;rssi1:0004640100000011;qd:B5;rssi2:0000000000000000;qd:00;rssi3:0000000000000000;qd:00;rssi4:0000000000000000;qd:00

        {RSSI 信息解析}: 
[2016-01-14 15:58:43]: rssi:OBU:0004610400000069;rssi1:0004640100000019;qd:A5;rssi2:0004640100000016;qd:B0;rssi3:0000000000000000;qd:00;rssi4:0000000000000000;qd:00

[2016-01-14 15:58:46]:OBU信息帧 OBU:0004610400000069;CardID:0000000000000000;Other info:66666666
[2016-01-14 15:58:46]:OBU信息帧 OBU:0004610400000069;CardID:0000000000000000;Other info:66666666
        {RSSI 信息解析}: 
[2016-01-14 15:58:48]: rssi:OBU:0004610400000069;rssi1:0004640100000016;qd:AA;rssi2:0000000000000000;qd:00;rssi3:0000000000000000;qd:00;rssi4:0000000000000000;qd:00

[2016-01-14 15:58:56]:OBU信息帧 OBU:0004610400000069;CardID:0000000000000000;Other info:66666666
        {RSSI 信息解析}: 
[2016-01-14 15:58:58]: rssi:OBU:0004610400000069;rssi1:0004640100000016;qd:AF;rssi2:0000000000000000;qd:00;rssi3:0000000000000000;qd:00;rssi4:0000000000000000;qd:00

        {RSSI 信息解析}: 
[2016-01-14 15:58:59]: rssi:OBU:0004610400000069;rssi1:0004640100000016;qd:B0;rssi2:0000000000000000;qd:00;rssi3:0000000000000000;qd:00;rssi4:0000000000000000;qd:00

        {RSSI 信息解析}: 
[2016-01-14 15:59:01]: rssi:OBU:0004610400000069;rssi1:0004640100000016;qd:AF;rssi2:0004640100000015;qd:A1;rssi3:0000000000000000;qd:00;rssi4:0000000000000000;qd:00

        {RSSI 信息解析}: 
[2016-01-14 15:59:03]: rssi:OBU:0004610400000069;rssi1:0004640100000016;qd:AA;rssi2:0004640100000011;qd:AF;rssi3:0000000000000000;qd:00;rssi4:0000000000000000;qd:00

[2016-01-14 15:59:06]:OBU信息帧 OBU:0004610400000069;CardID:0000000000000000;Other info:66666666
        {RSSI 信息解析}: 
[2016-01-14 15:59:07]: rssi:OBU:0004610400000069;rssi1:0004640100000016;qd:AD;rssi2:0004640100000011;qd:B3;rssi3:0004640100000019;qd:A5;rssi4:0000000000000000;qd:00

        {RSSI 信息解析}: 
[2016-01-14 15:59:09]: rssi:OBU:0004610400000069;rssi1:0004640100000016;qd:AD;rssi2:0000000000000000;qd:00;rssi3:0000000000000000;qd:00;rssi4:0000000000000000;qd:00

[2016-01-14 15:59:10]:OBU信息帧 OBU:0004610400000069;CardID:0000000000000000;Other info:66666666
[2016-01-14 15:59:10]:OBU信息帧 OBU:0004610400000069;CardID:0000000000000000;Other info:66666666
[2016-01-14 15:59:11]:OBU信息帧 OBU:0004610400000069;CardID:0000000000000000;Other info:66666666
        {RSSI 信息解析}: 
[2016-01-14 15:59:12]: rssi:OBU:0004610400000069;rssi1:0004640100000016;qd:AE;rssi2:0000000000000000;qd:00;rssi3:0000000000000000;qd:00;rssi4:0000000000000000;qd:00

        {RSSI 信息解析}: 
[2016-01-14 15:59:16]: rssi:OBU:0004610400000069;rssi1:0004640100000011;qd:B1;rssi2:0000000000000000;qd:00;rssi3:0000000000000000;qd:00;rssi4:0000000000000000;qd:00

        {RSSI 信息解析}: 
[2016-01-14 15:59:19]: rssi:OBU:0004610400000069;rssi1:0004640100000015;qd:A9;rssi2:0000000000000000;qd:00;rssi3:0000000000000000;qd:00;rssi4:0000000000000000;qd:00

        {RSSI 信息解析}: 
[2016-01-14 15:59:21]:OBU=0004610400000069
[2016-01-14 15:59:21]:POS=0110
[2016-01-14 15:59:21]: rssi:OBU:0004610400000069;rssi1:0004640100000011;qd:B3;rssi2:0000000000000000;qd:00;rssi3:0000000000000000;qd:00;rssi4:0000000000000000;qd:00

[2016-01-14 15:59:21]:OBU信息帧 OBU:0004610400000069;CardID:0000000000000000;Other info:66666666
        {RSSI 信息解析}: 
[2016-01-14 15:59:23]: rssi:OBU:0004610400000069;rssi1:0004640100000011;qd:B8;rssi2:0000000000000000;qd:00;rssi3:0000000000000000;qd:00;rssi4:0000000000000000;qd:00

        {RSSI 信息解析}: 
[2016-01-14 15:59:25]: rssi:OBU:0004610400000069;rssi1:0004640100000011;qd:B4;rssi2:0000000000000000;qd:00;rssi3:0000000000000000;qd:00;rssi4:0000000000000000;qd:00

        {RSSI 信息解析}: 
[2016-01-14 15:59:28]: rssi:OBU:0004610400000069;rssi1:0004640100000011;qd:B8;rssi2:0004640100000016;qd:BF;rssi3:0000000000000000;qd:00;rssi4:0000000000000000;qd:00

        {RSSI 信息解析}: 
[2016-01-14 15:59:39]: rssi:OBU:0004610400000069;rssi1:0004640100000014;qd:B2;rssi2:0004640100000011;qd:B5;rssi3:0004640100000013;qd:B8;rssi4:0004640100000016;qd:B0

        {RSSI 信息解析}: 
[2016-01-14 15:59:43]: rssi:OBU:0004610400000069;rssi1:0004640100000011;qd:BB;rssi2:0004640100000015;qd:A5;rssi3:0004640100000016;qd:BD;rssi4:0000000000000000;qd:00

[2016-01-14 15:59:46]:OBU信息帧 OBU:0004610400000069;CardID:0000000000000000;Other info:66666666
        {RSSI 信息解析}: 
[2016-01-14 15:59:46]: rssi:OBU:0004610400000069;rssi1:0004640100000011;qd:B8;rssi2:0004640100000019;qd:A4;rssi3:0004640100000016;qd:AC;rssi4:0004640100000012;qd:A5

        {RSSI 信息解析}: 
[2016-01-14 15:59:49]: rssi:OBU:0004610400000069;rssi1:0004640100000011;qd:B6;rssi2:0004640100000019;qd:A1;rssi3:0000000000000000;qd:00;rssi4:0000000000000000;qd:00

[2016-01-14 15:59:51]:OBU=0004610400000069
[2016-01-14 15:59:51]:POS=0105
        {RSSI 信息解析}: 
[2016-01-14 15:59:52]: rssi:OBU:0004610400000069;rssi1:0004640100000011;qd:B1;rssi2:0004640100000015;qd:AD;rssi3:0000000000000000;qd:00;rssi4:0000000000000000;qd:00

        {RSSI 信息解析}: 
[2016-01-14 15:59:55]: rssi:OBU:0004610400000069;rssi1:0004640100000011;qd:B2;rssi2:0004640100000015;qd:B1;rssi3:0004640100000014;qd:A7;rssi4:0000000000000000;qd:00

        {RSSI 信息解析}: 
[2016-01-14 15:59:58]: rssi:OBU:0004610400000069;rssi1:0004640100000011;qd:BD;rssi2:0004640100000015;qd:AC;rssi3:0000000000000000;qd:00;rssi4:0000000000000000;qd:00

        {RSSI 信息解析}: 
[2016-01-14 16:00:01]: rssi:OBU:0004610400000069;rssi1:0004640100000019;qd:A3;rssi2:0000000000000000;qd:00;rssi3:0000000000000000;qd:00;rssi4:0000000000000000;qd:00

        {RSSI 信息解析}: 
[2016-01-14 16:00:02]: rssi:OBU:0004610400000069;rssi1:0004640100000016;qd:B8;rssi2:0004640100000011;qd:B9;rssi3:0004640100000015;qd:A8;rssi4:0000000000000000;qd:00

        {RSSI 信息解析}: 
[2016-01-14 16:00:03]: rssi:OBU:0004610400000069;rssi1:0004640100000011;qd:BE;rssi2:0000000000000000;qd:00;rssi3:0000000000000000;qd:00;rssi4:0000000000000000;qd:00

        {RSSI 信息解析}: 
[2016-01-14 16:00:08]: rssi:OBU:0004610400000069;rssi1:0004640100000011;qd:BA;rssi2:0004640100000015;qd:AF;rssi3:0004640100000016;qd:AD;rssi4:0004640100000017;qd:A5

        {RSSI 信息解析}: 
[2016-01-14 16:00:10]: rssi:OBU:0004610400000069;rssi1:0004640100000011;qd:BC;rssi2:0004640100000015;qd:AE;rssi3:0000000000000000;qd:00;rssi4:0000000000000000;qd:00

        {RSSI 信息解析}: 
[2016-01-14 16:00:11]: rssi:OBU:0004610400000069;rssi1:0004640100000011;qd:BC;rssi2:0004640100000015;qd:AF;rssi3:0000000000000000;qd:00;rssi4:0000000000000000;qd:00

        {RSSI 信息解析}: 
[2016-01-14 16:00:14]: rssi:OBU:0004610400000069;rssi1:0004640100000011;qd:BC;rssi2:0004640100000015;qd:AE;rssi3:0000000000000000;qd:00;rssi4:0000000000000000;qd:00

        {RSSI 信息解析}: 
[2016-01-14 16:00:16]: rssi:OBU:0004610400000069;rssi1:0004640100000011;qd:BD;rssi2:0004640100000015;qd:AE;rssi3:0000000000000000;qd:00;rssi4:0000000000000000;qd:00

        {RSSI 信息解析}: 
[2016-01-14 16:00:18]: rssi:OBU:0004610400000069;rssi1:0004640100000011;qd:BD;rssi2:0004640100000015;qd:AF;rssi3:0000000000000000;qd:00;rssi4:0000000000000000;qd:00

[2016-01-14 16:00:21]:OBU=0004610400000069
[2016-01-14 16:00:21]:POS=0138
        {RSSI 信息解析}: 
[2016-01-14 16:00:29]: rssi:OBU:0004610400000069;rssi1:0004640100000011;qd:BD;rssi2:0004640100000015;qd:AF;rssi3:0004640100000016;qd:AB;rssi4:0004640100000017;qd:A7

        {RSSI 信息解析}: 
[2016-01-14 16:00:31]: rssi:OBU:0004610400000069;rssi1:0004640100000011;qd:BD;rssi2:0004640100000016;qd:AD;rssi3:0004640100000017;qd:A7;rssi4:0000000000000000;qd:00

        {RSSI 信息解析}: 
[2016-01-14 16:00:35]: rssi:OBU:0004610400000069;rssi1:0004640100000011;qd:BD;rssi2:0004640100000016;qd:AB;rssi3:0004640100000012;qd:A9;rssi4:0004640100000015;qd:AF

        {RSSI 信息解析}: 
[2016-01-14 16:00:37]: rssi:OBU:0004610400000069;rssi1:0004640100000011;qd:BC;rssi2:0004640100000015;qd:AD;rssi3:0004640100000017;qd:AA;rssi4:0000000000000000;qd:00

[2016-01-14 16:00:46]:OBU信息帧 OBU:0004610400000069;CardID:0000000000000000;Other info:66666666
        {RSSI 信息解析}: 
[2016-01-14 16:00:46]: rssi:OBU:0004610400000069;rssi1:0004640100000011;qd:BC;rssi2:0004640100000015;qd:AF;rssi3:0004640100000016;qd:AC;rssi4:0004640100000017;qd:A9

        {RSSI 信息解析}: 
[2016-01-14 16:00:47]: rssi:OBU:0004610400000069;rssi1:0004640100000011;qd:BD;rssi2:0004640100000015;qd:B1;rssi3:0004640100000016;qd:AF;rssi4:0000000000000000;qd:00

        {RSSI 信息解析}: 
[2016-01-14 16:00:49]: rssi:OBU:0004610400000069;rssi1:0004640100000011;qd:B9;rssi2:0004640100000016;qd:AC;rssi3:0000000000000000;qd:00;rssi4:0000000000000000;qd:00

        {RSSI 信息解析}: 
[2016-01-14 16:00:51]: rssi:OBU:0004610400000069;rssi1:0004640100000011;qd:BC;rssi2:0004640100000016;qd:B2;rssi3:0000000000000000;qd:00;rssi4:0000000000000000;qd:00

        {RSSI 信息解析}: 
[2016-01-14 16:00:52]: rssi:OBU:0004610400000069;rssi1:0004640100000011;qd:BC;rssi2:0000000000000000;qd:00;rssi3:0000000000000000;qd:00;rssi4:0000000000000000;qd:00

        {RSSI 信息解析}: 
[2016-01-14 16:00:54]: rssi:OBU:0004610400000069;rssi1:0004640100000011;qd:BE;rssi2:0004640100000016;qd:AF;rssi3:0000000000000000;qd:00;rssi4:0000000000000000;qd:00

